[7.354s] Invoking command in '/home/yamashita/ros2_ws/src/mypkg': PYTHONPATH=/home/yamashita/ros2_ws/build/mypkg/prefix_override:/home/yamashita/ros2_ws/install/mypkg/lib/python3.10/site-packages:${PYTHONPATH} /usr/bin/python3 setup.py egg_info --egg-base ../../build/mypkg build --build-base /home/yamashita/ros2_ws/build/mypkg/build install --record /home/yamashita/ros2_ws/build/mypkg/install.log --single-version-externally-managed
[9.674s] running egg_info
[9.680s] writing ../../build/mypkg/mypkg.egg-info/PKG-INFO
[9.682s] writing dependency_links to ../../build/mypkg/mypkg.egg-info/dependency_links.txt
[9.684s] writing entry points to ../../build/mypkg/mypkg.egg-info/entry_points.txt
[9.686s] writing requirements to ../../build/mypkg/mypkg.egg-info/requires.txt
[9.687s] writing top-level names to ../../build/mypkg/mypkg.egg-info/top_level.txt
[9.702s] reading manifest file '../../build/mypkg/mypkg.egg-info/SOURCES.txt'
[9.709s] writing manifest file '../../build/mypkg/mypkg.egg-info/SOURCES.txt'
[9.711s] running build
[9.712s] running build_py
[9.713s] copying mypkg/listener.py -> /home/yamashita/ros2_ws/build/mypkg/build/lib/mypkg
[9.716s] running install
[9.717s] /usr/lib/python3/dist-packages/setuptools/command/install.py:34: SetuptoolsDeprecationWarning: setup.py install is deprecated. Use build and pip and other standards-based tools.
[9.718s]   warnings.warn(
[9.720s] running install_lib
[9.726s] copying /home/yamashita/ros2_ws/build/mypkg/build/lib/mypkg/listener.py -> /home/yamashita/ros2_ws/install/mypkg/lib/python3.10/site-packages/mypkg
[9.730s] byte-compiling /home/yamashita/ros2_ws/install/mypkg/lib/python3.10/site-packages/mypkg/listener.py to listener.cpython-310.pyc
[9.732s]   File "/home/yamashita/ros2_ws/install/mypkg/lib/python3.10/site-packages/mypkg/listener.py", line 6
[9.733s]     node.get_logger().info("Listen %d" $ msg.data)
[9.734s]                                        ^
[9.734s] SyntaxError: invalid syntax
[9.735s] 
[9.736s] running install_data
[9.738s] running install_egg_info
[9.751s] removing '/home/yamashita/ros2_ws/install/mypkg/lib/python3.10/site-packages/mypkg-0.0.0-py3.10.egg-info' (and everything under it)
[9.754s] Copying ../../build/mypkg/mypkg.egg-info to /home/yamashita/ros2_ws/install/mypkg/lib/python3.10/site-packages/mypkg-0.0.0-py3.10.egg-info
[9.764s] running install_scripts
[9.923s] Installing talker script to /home/yamashita/ros2_ws/install/mypkg/lib/mypkg
[9.927s] writing list of installed files to '/home/yamashita/ros2_ws/build/mypkg/install.log'
[10.157s] Invoked command in '/home/yamashita/ros2_ws/src/mypkg' returned '0': PYTHONPATH=/home/yamashita/ros2_ws/build/mypkg/prefix_override:/home/yamashita/ros2_ws/install/mypkg/lib/python3.10/site-packages:${PYTHONPATH} /usr/bin/python3 setup.py egg_info --egg-base ../../build/mypkg build --build-base /home/yamashita/ros2_ws/build/mypkg/build install --record /home/yamashita/ros2_ws/build/mypkg/install.log --single-version-externally-managed
