[3.846s] Invoking command in '/home/yamashita/ros2_ws/build/person_msgs': /usr/bin/cmake /home/yamashita/ros2_ws/src/person_msgs -DCMAKE_INSTALL_PREFIX=/home/yamashita/ros2_ws/install/person_msgs
[6.469s] -- The C compiler identification is GNU 11.4.0
[7.905s] -- The CXX compiler identification is GNU 11.4.0
[7.999s] -- Detecting C compiler ABI info
[8.751s] -- Detecting C compiler ABI info - done
[8.812s] -- Check for working C compiler: /usr/bin/cc - skipped
[8.816s] -- Detecting C compile features
[8.822s] -- Detecting C compile features - done
[8.853s] -- Detecting CXX compiler ABI info
[9.595s] -- Detecting CXX compiler ABI info - done
[9.656s] -- Check for working CXX compiler: /usr/bin/c++ - skipped
[9.659s] -- Detecting CXX compile features
[9.662s] -- Detecting CXX compile features - done
[9.735s] -- Found ament_cmake: 1.3.6 (/opt/ros/humble/share/ament_cmake/cmake)
[11.549s] -- Found Python3: /usr/bin/python3.10 (found version "3.10.12") found components: Interpreter 
[12.818s] -- Found rosidl_default_generators: 1.2.0 (/opt/ros/humble/share/rosidl_default_generators/cmake)
[12.878s] -- Using all available rosidl_typesupport_c: rosidl_typesupport_fastrtps_c;rosidl_typesupport_introspection_c
[13.015s] -- Found rosidl_adapter: 3.1.5 (/opt/ros/humble/share/rosidl_adapter/cmake)
[13.700s] -- Using all available rosidl_typesupport_cpp: rosidl_typesupport_fastrtps_cpp;rosidl_typesupport_introspection_cpp
[14.203s] [31mCMake Error at CMakeLists.txt:13 (rosidl_default_generators):
[14.203s]   Unknown CMake command "rosidl_default_generators".
[14.204s] 
[14.205s] [0m
[14.206s] -- Configuring incomplete, errors occurred!
[14.207s] See also "/home/yamashita/ros2_ws/build/person_msgs/CMakeFiles/CMakeOutput.log".
[14.237s] Invoked command in '/home/yamashita/ros2_ws/build/person_msgs' returned '1': /usr/bin/cmake /home/yamashita/ros2_ws/src/person_msgs -DCMAKE_INSTALL_PREFIX=/home/yamashita/ros2_ws/install/person_msgs
