[7.369s] Invoking command in '/home/yamashita/ros2_ws/src/mypkg': PYTHONPATH=/home/yamashita/ros2_ws/build/mypkg/prefix_override:/home/yamashita/ros2_ws/install/mypkg/lib/python3.10/site-packages:${PYTHONPATH} /usr/bin/python3 setup.py egg_info --egg-base ../../build/mypkg build --build-base /home/yamashita/ros2_ws/build/mypkg/build install --record /home/yamashita/ros2_ws/build/mypkg/install.log --single-version-externally-managed
[9.705s] running egg_info
[9.710s] writing ../../build/mypkg/mypkg.egg-info/PKG-INFO
[9.712s] writing dependency_links to ../../build/mypkg/mypkg.egg-info/dependency_links.txt
[9.714s] writing entry points to ../../build/mypkg/mypkg.egg-info/entry_points.txt
[9.716s] writing requirements to ../../build/mypkg/mypkg.egg-info/requires.txt
[9.717s] writing top-level names to ../../build/mypkg/mypkg.egg-info/top_level.txt
[9.734s] reading manifest file '../../build/mypkg/mypkg.egg-info/SOURCES.txt'
[9.741s] writing manifest file '../../build/mypkg/mypkg.egg-info/SOURCES.txt'
[9.743s] running build
[9.743s] running build_py
[9.746s] running install
[9.748s] /usr/lib/python3/dist-packages/setuptools/command/install.py:34: SetuptoolsDeprecationWarning: setup.py install is deprecated. Use build and pip and other standards-based tools.
[9.748s]   warnings.warn(
[9.750s] running install_lib
[9.760s] running install_data
[9.765s] copying launch/talk_listen.launch.py -> /home/yamashita/ros2_ws/install/mypkg/share/mypkg
[9.766s] running install_egg_info
[9.779s] removing '/home/yamashita/ros2_ws/install/mypkg/lib/python3.10/site-packages/mypkg-0.0.0-py3.10.egg-info' (and everything under it)
[9.782s] Copying ../../build/mypkg/mypkg.egg-info to /home/yamashita/ros2_ws/install/mypkg/lib/python3.10/site-packages/mypkg-0.0.0-py3.10.egg-info
[9.792s] running install_scripts
[9.953s] Installing listener script to /home/yamashita/ros2_ws/install/mypkg/lib/mypkg
[9.954s] Installing talker script to /home/yamashita/ros2_ws/install/mypkg/lib/mypkg
[9.958s] writing list of installed files to '/home/yamashita/ros2_ws/build/mypkg/install.log'
[10.189s] Invoked command in '/home/yamashita/ros2_ws/src/mypkg' returned '0': PYTHONPATH=/home/yamashita/ros2_ws/build/mypkg/prefix_override:/home/yamashita/ros2_ws/install/mypkg/lib/python3.10/site-packages:${PYTHONPATH} /usr/bin/python3 setup.py egg_info --egg-base ../../build/mypkg build --build-base /home/yamashita/ros2_ws/build/mypkg/build install --record /home/yamashita/ros2_ws/build/mypkg/install.log --single-version-externally-managed
