[10.350s] DEBUG:colcon:Command line arguments: ['/usr/bin/colcon', 'build']
[10.351s] DEBUG:colcon:Parsed command line arguments: Namespace(log_base=None, log_level=None, verb_name='build', build_base='build', install_base='install', merge_install=False, symlink_install=False, test_result_base=None, continue_on_error=False, executor='parallel', parallel_workers=4, event_handlers=None, ignore_user_meta=False, metas=['./colcon.meta'], base_paths=['.'], packages_ignore=None, packages_ignore_regex=None, paths=None, packages_up_to=None, packages_up_to_regex=None, packages_above=None, packages_above_and_dependencies=None, packages_above_depth=None, packages_select_by_dep=None, packages_skip_by_dep=None, packages_skip_up_to=None, packages_select_build_failed=False, packages_skip_build_finished=False, packages_select_test_failures=False, packages_skip_test_passed=False, packages_select=None, packages_skip=None, packages_select_regex=None, packages_skip_regex=None, packages_start=None, packages_end=None, allow_overriding=[], cmake_args=None, cmake_target=None, cmake_target_skip_unavailable=False, cmake_clean_cache=False, cmake_clean_first=False, cmake_force_configure=False, ament_cmake_args=None, catkin_cmake_args=None, catkin_skip_building_tests=False, verb_parser=<colcon_defaults.argument_parser.defaults.DefaultArgumentsDecorator object at 0xffff9112db70>, verb_extension=<colcon_core.verb.build.BuildVerb object at 0xffff916238e0>, main=<bound method BuildVerb.main of <colcon_core.verb.build.BuildVerb object at 0xffff916238e0>>)
[10.809s] Level 1:colcon.colcon_core.package_discovery:discover_packages(colcon_meta) check parameters
[10.810s] Level 1:colcon.colcon_core.package_discovery:discover_packages(recursive) check parameters
[10.810s] Level 1:colcon.colcon_core.package_discovery:discover_packages(ignore) check parameters
[10.811s] Level 1:colcon.colcon_core.package_discovery:discover_packages(path) check parameters
[10.811s] Level 1:colcon.colcon_core.package_discovery:discover_packages(colcon_meta) discover
[10.811s] Level 1:colcon.colcon_core.package_discovery:discover_packages(recursive) discover
[10.812s] INFO:colcon.colcon_core.package_discovery:Crawling recursively for packages in '/home/yamashita/ros2_ws'
[10.812s] Level 1:colcon.colcon_core.package_identification:_identify(.) by extensions ['ignore', 'ignore_ament_install']
[10.813s] Level 1:colcon.colcon_core.package_identification:_identify(.) by extension 'ignore'
[10.813s] Level 1:colcon.colcon_core.package_identification:_identify(.) by extension 'ignore_ament_install'
[10.814s] Level 1:colcon.colcon_core.package_identification:_identify(.) by extensions ['colcon_pkg']
[10.814s] Level 1:colcon.colcon_core.package_identification:_identify(.) by extension 'colcon_pkg'
[10.815s] Level 1:colcon.colcon_core.package_identification:_identify(.) by extensions ['colcon_meta']
[10.815s] Level 1:colcon.colcon_core.package_identification:_identify(.) by extension 'colcon_meta'
[10.815s] Level 1:colcon.colcon_core.package_identification:_identify(.) by extensions ['ros']
[10.816s] Level 1:colcon.colcon_core.package_identification:_identify(.) by extension 'ros'
[10.907s] Level 1:colcon.colcon_core.package_identification:_identify(.) by extensions ['cmake', 'python']
[10.908s] Level 1:colcon.colcon_core.package_identification:_identify(.) by extension 'cmake'
[10.908s] Level 1:colcon.colcon_core.package_identification:_identify(.) by extension 'python'
[10.908s] Level 1:colcon.colcon_core.package_identification:_identify(.) by extensions ['python_setup_py']
[10.909s] Level 1:colcon.colcon_core.package_identification:_identify(.) by extension 'python_setup_py'
[10.910s] Level 1:colcon.colcon_core.package_identification:_identify(build) by extensions ['ignore', 'ignore_ament_install']
[10.910s] Level 1:colcon.colcon_core.package_identification:_identify(build) by extension 'ignore'
[10.911s] Level 1:colcon.colcon_core.package_identification:_identify(build) ignored
[10.912s] Level 1:colcon.colcon_core.package_identification:_identify(install) by extensions ['ignore', 'ignore_ament_install']
[10.913s] Level 1:colcon.colcon_core.package_identification:_identify(install) by extension 'ignore'
[10.913s] Level 1:colcon.colcon_core.package_identification:_identify(install) ignored
[10.914s] Level 1:colcon.colcon_core.package_identification:_identify(log) by extensions ['ignore', 'ignore_ament_install']
[10.915s] Level 1:colcon.colcon_core.package_identification:_identify(log) by extension 'ignore'
[10.916s] Level 1:colcon.colcon_core.package_identification:_identify(log) ignored
[10.916s] Level 1:colcon.colcon_core.package_identification:_identify(src) by extensions ['ignore', 'ignore_ament_install']
[10.917s] Level 1:colcon.colcon_core.package_identification:_identify(src) by extension 'ignore'
[10.917s] Level 1:colcon.colcon_core.package_identification:_identify(src) by extension 'ignore_ament_install'
[10.918s] Level 1:colcon.colcon_core.package_identification:_identify(src) by extensions ['colcon_pkg']
[10.918s] Level 1:colcon.colcon_core.package_identification:_identify(src) by extension 'colcon_pkg'
[10.919s] Level 1:colcon.colcon_core.package_identification:_identify(src) by extensions ['colcon_meta']
[10.919s] Level 1:colcon.colcon_core.package_identification:_identify(src) by extension 'colcon_meta'
[10.920s] Level 1:colcon.colcon_core.package_identification:_identify(src) by extensions ['ros']
[10.920s] Level 1:colcon.colcon_core.package_identification:_identify(src) by extension 'ros'
[10.920s] Level 1:colcon.colcon_core.package_identification:_identify(src) by extensions ['cmake', 'python']
[10.921s] Level 1:colcon.colcon_core.package_identification:_identify(src) by extension 'cmake'
[10.921s] Level 1:colcon.colcon_core.package_identification:_identify(src) by extension 'python'
[10.921s] Level 1:colcon.colcon_core.package_identification:_identify(src) by extensions ['python_setup_py']
[10.922s] Level 1:colcon.colcon_core.package_identification:_identify(src) by extension 'python_setup_py'
[10.923s] Level 1:colcon.colcon_core.package_identification:_identify(src/build) by extensions ['ignore', 'ignore_ament_install']
[10.923s] Level 1:colcon.colcon_core.package_identification:_identify(src/build) by extension 'ignore'
[10.924s] Level 1:colcon.colcon_core.package_identification:_identify(src/build) ignored
[10.925s] Level 1:colcon.colcon_core.package_identification:_identify(src/install) by extensions ['ignore', 'ignore_ament_install']
[10.926s] Level 1:colcon.colcon_core.package_identification:_identify(src/install) by extension 'ignore'
[10.926s] Level 1:colcon.colcon_core.package_identification:_identify(src/install) ignored
[10.927s] Level 1:colcon.colcon_core.package_identification:_identify(src/log) by extensions ['ignore', 'ignore_ament_install']
[10.928s] Level 1:colcon.colcon_core.package_identification:_identify(src/log) by extension 'ignore'
[10.928s] Level 1:colcon.colcon_core.package_identification:_identify(src/log) ignored
[10.929s] Level 1:colcon.colcon_core.package_identification:_identify(src/mypkg) by extensions ['ignore', 'ignore_ament_install']
[10.930s] Level 1:colcon.colcon_core.package_identification:_identify(src/mypkg) by extension 'ignore'
[10.930s] Level 1:colcon.colcon_core.package_identification:_identify(src/mypkg) by extension 'ignore_ament_install'
[10.931s] Level 1:colcon.colcon_core.package_identification:_identify(src/mypkg) by extensions ['colcon_pkg']
[10.931s] Level 1:colcon.colcon_core.package_identification:_identify(src/mypkg) by extension 'colcon_pkg'
[10.932s] Level 1:colcon.colcon_core.package_identification:_identify(src/mypkg) by extensions ['colcon_meta']
[10.932s] Level 1:colcon.colcon_core.package_identification:_identify(src/mypkg) by extension 'colcon_meta'
[10.932s] Level 1:colcon.colcon_core.package_identification:_identify(src/mypkg) by extensions ['ros']
[10.933s] Level 1:colcon.colcon_core.package_identification:_identify(src/mypkg) by extension 'ros'
[10.957s] DEBUG:colcon.colcon_core.package_identification:Package 'src/mypkg' with type 'ros.ament_python' and name 'mypkg'
[10.958s] Level 1:colcon.colcon_core.package_discovery:discover_packages(recursive) using defaults
[10.958s] Level 1:colcon.colcon_core.package_discovery:discover_packages(ignore) discover
[10.958s] Level 1:colcon.colcon_core.package_discovery:discover_packages(ignore) using defaults
[10.959s] Level 1:colcon.colcon_core.package_discovery:discover_packages(path) discover
[10.959s] Level 1:colcon.colcon_core.package_discovery:discover_packages(path) using defaults
[11.855s] Level 1:colcon.colcon_core.package_discovery:discover_packages(prefix_path) check parameters
[11.855s] Level 1:colcon.colcon_core.package_discovery:discover_packages(prefix_path) discover
[12.162s] DEBUG:colcon.colcon_installed_package_information.package_discovery:Found 1 installed packages in /home/yamashita/ros2_ws/install
[12.327s] DEBUG:colcon.colcon_installed_package_information.package_discovery:Found 283 installed packages in /opt/ros/humble
[12.419s] Level 1:colcon.colcon_core.package_discovery:discover_packages(prefix_path) using defaults
[13.377s] Level 5:colcon.colcon_core.verb:set package 'mypkg' build argument 'cmake_args' from command line to 'None'
[13.378s] Level 5:colcon.colcon_core.verb:set package 'mypkg' build argument 'cmake_target' from command line to 'None'
[13.378s] Level 5:colcon.colcon_core.verb:set package 'mypkg' build argument 'cmake_target_skip_unavailable' from command line to 'False'
[13.378s] Level 5:colcon.colcon_core.verb:set package 'mypkg' build argument 'cmake_clean_cache' from command line to 'False'
[13.379s] Level 5:colcon.colcon_core.verb:set package 'mypkg' build argument 'cmake_clean_first' from command line to 'False'
[13.379s] Level 5:colcon.colcon_core.verb:set package 'mypkg' build argument 'cmake_force_configure' from command line to 'False'
[13.379s] Level 5:colcon.colcon_core.verb:set package 'mypkg' build argument 'ament_cmake_args' from command line to 'None'
[13.379s] Level 5:colcon.colcon_core.verb:set package 'mypkg' build argument 'catkin_cmake_args' from command line to 'None'
[13.380s] Level 5:colcon.colcon_core.verb:set package 'mypkg' build argument 'catkin_skip_building_tests' from command line to 'False'
[13.380s] DEBUG:colcon.colcon_core.verb:Building package 'mypkg' with the following arguments: {'ament_cmake_args': None, 'build_base': '/home/yamashita/ros2_ws/build/mypkg', 'catkin_cmake_args': None, 'catkin_skip_building_tests': False, 'cmake_args': None, 'cmake_clean_cache': False, 'cmake_clean_first': False, 'cmake_force_configure': False, 'cmake_target': None, 'cmake_target_skip_unavailable': False, 'install_base': '/home/yamashita/ros2_ws/install/mypkg', 'merge_install': False, 'path': '/home/yamashita/ros2_ws/src/mypkg', 'symlink_install': False, 'test_result_base': None}
[13.528s] INFO:colcon.colcon_core.executor:Executing jobs using 'parallel' executor
[13.682s] DEBUG:colcon.colcon_parallel_executor.executor.parallel:run_until_complete
[13.684s] INFO:colcon.colcon_ros.task.ament_python.build:Building ROS package in '/home/yamashita/ros2_ws/src/mypkg' with build type 'ament_python'
[13.686s] Level 1:colcon.colcon_core.shell:create_environment_hook('mypkg', 'ament_prefix_path')
[13.857s] INFO:colcon.colcon_core.plugin_system:Skipping extension 'colcon_core.shell.bat': Not used on non-Windows systems
[13.859s] INFO:colcon.colcon_core.shell:Creating environment hook '/home/yamashita/ros2_ws/install/mypkg/share/mypkg/hook/ament_prefix_path.ps1'
[13.864s] INFO:colcon.colcon_core.shell:Creating environment descriptor '/home/yamashita/ros2_ws/install/mypkg/share/mypkg/hook/ament_prefix_path.dsv'
[13.868s] INFO:colcon.colcon_core.shell:Creating environment hook '/home/yamashita/ros2_ws/install/mypkg/share/mypkg/hook/ament_prefix_path.sh'
[14.027s] INFO:colcon.colcon_core.shell:Skip shell extension 'powershell' for command environment: Not usable outside of PowerShell
[14.027s] DEBUG:colcon.colcon_core.shell:Skip shell extension 'dsv' for command environment
[17.053s] INFO:colcon.colcon_core.task.python.build:Building Python package in '/home/yamashita/ros2_ws/src/mypkg'
[17.205s] INFO:colcon.colcon_core.shell:Skip shell extension 'powershell' for command environment: Not usable outside of PowerShell
[17.206s] DEBUG:colcon.colcon_core.shell:Skip shell extension 'dsv' for command environment
[21.054s] DEBUG:colcon.colcon_core.event_handler.log_command:Invoking command in '/home/yamashita/ros2_ws/src/mypkg': PYTHONPATH=/home/yamashita/ros2_ws/build/mypkg/prefix_override:/home/yamashita/ros2_ws/install/mypkg/lib/python3.10/site-packages:${PYTHONPATH} /usr/bin/python3 setup.py egg_info --egg-base ../../build/mypkg build --build-base /home/yamashita/ros2_ws/build/mypkg/build install --record /home/yamashita/ros2_ws/build/mypkg/install.log --single-version-externally-managed
[23.879s] DEBUG:colcon.colcon_core.event_handler.log_command:Invoked command in '/home/yamashita/ros2_ws/src/mypkg' returned '0': PYTHONPATH=/home/yamashita/ros2_ws/build/mypkg/prefix_override:/home/yamashita/ros2_ws/install/mypkg/lib/python3.10/site-packages:${PYTHONPATH} /usr/bin/python3 setup.py egg_info --egg-base ../../build/mypkg build --build-base /home/yamashita/ros2_ws/build/mypkg/build install --record /home/yamashita/ros2_ws/build/mypkg/install.log --single-version-externally-managed
[24.055s] Level 1:colcon.colcon_core.environment:checking '/home/yamashita/ros2_ws/install/mypkg' for CMake module files
[24.059s] Level 1:colcon.colcon_core.environment:checking '/home/yamashita/ros2_ws/install/mypkg' for CMake config files
[24.065s] Level 1:colcon.colcon_core.environment:checking '/home/yamashita/ros2_ws/install/mypkg/lib'
[24.067s] Level 1:colcon.colcon_core.environment:checking '/home/yamashita/ros2_ws/install/mypkg/bin'
[24.068s] Level 1:colcon.colcon_core.environment:checking '/home/yamashita/ros2_ws/install/mypkg/lib/pkgconfig/mypkg.pc'
[24.070s] Level 1:colcon.colcon_core.environment:checking '/home/yamashita/ros2_ws/install/mypkg/lib/python3.10/site-packages'
[24.070s] Level 1:colcon.colcon_core.shell:create_environment_hook('mypkg', 'pythonpath')
[24.223s] INFO:colcon.colcon_core.shell:Creating environment hook '/home/yamashita/ros2_ws/install/mypkg/share/mypkg/hook/pythonpath.ps1'
[24.227s] INFO:colcon.colcon_core.shell:Creating environment descriptor '/home/yamashita/ros2_ws/install/mypkg/share/mypkg/hook/pythonpath.dsv'
[24.230s] INFO:colcon.colcon_core.shell:Creating environment hook '/home/yamashita/ros2_ws/install/mypkg/share/mypkg/hook/pythonpath.sh'
[24.235s] Level 1:colcon.colcon_core.environment:checking '/home/yamashita/ros2_ws/install/mypkg/bin'
[24.236s] Level 1:colcon.colcon_core.environment:create_environment_scripts_only(mypkg)
[24.388s] INFO:colcon.colcon_core.shell:Creating package script '/home/yamashita/ros2_ws/install/mypkg/share/mypkg/package.ps1'
[24.394s] INFO:colcon.colcon_core.shell:Creating package descriptor '/home/yamashita/ros2_ws/install/mypkg/share/mypkg/package.dsv'
[24.400s] INFO:colcon.colcon_core.shell:Creating package script '/home/yamashita/ros2_ws/install/mypkg/share/mypkg/package.sh'
[24.406s] INFO:colcon.colcon_core.shell:Creating package script '/home/yamashita/ros2_ws/install/mypkg/share/mypkg/package.bash'
[24.414s] INFO:colcon.colcon_core.shell:Creating package script '/home/yamashita/ros2_ws/install/mypkg/share/mypkg/package.zsh'
[24.420s] Level 1:colcon.colcon_core.environment:create_file_with_runtime_dependencies(/home/yamashita/ros2_ws/install/mypkg/share/colcon-core/packages/mypkg)
[24.422s] DEBUG:colcon.colcon_parallel_executor.executor.parallel:closing loop
[24.425s] DEBUG:colcon.colcon_parallel_executor.executor.parallel:loop closed
[24.426s] DEBUG:colcon.colcon_parallel_executor.executor.parallel:run_until_complete finished with '0'
[24.427s] DEBUG:colcon.colcon_core.event_reactor:joining thread
[24.617s] INFO:colcon.colcon_core.plugin_system:Skipping extension 'colcon_notification.desktop_notification.notify_send': Could not find 'notify-send'
[24.618s] INFO:colcon.colcon_core.plugin_system:Skipping extension 'colcon_notification.desktop_notification.terminal_notifier': Not used on non-Darwin systems
[24.619s] INFO:colcon.colcon_core.plugin_system:Skipping extension 'colcon_notification.desktop_notification.win32': Not used on non-Windows systems
[24.619s] INFO:colcon.colcon_notification.desktop_notification:Sending desktop notification using 'notify2'
[24.624s] DEBUG:colcon.colcon_notification.desktop_notification.notify2:Failed to initialize notify2: org.freedesktop.DBus.Error.ServiceUnknown: The name org.freedesktop.Notifications was not provided by any .service files
[24.625s] DEBUG:colcon.colcon_core.event_reactor:joined thread
[24.776s] INFO:colcon.colcon_core.shell:Creating prefix script '/home/yamashita/ros2_ws/install/local_setup.ps1'
[24.784s] INFO:colcon.colcon_core.shell:Creating prefix util module '/home/yamashita/ros2_ws/install/_local_setup_util_ps1.py'
[24.795s] INFO:colcon.colcon_core.shell:Creating prefix chain script '/home/yamashita/ros2_ws/install/setup.ps1'
[24.950s] INFO:colcon.colcon_core.shell:Creating prefix script '/home/yamashita/ros2_ws/install/local_setup.sh'
[24.955s] INFO:colcon.colcon_core.shell:Creating prefix util module '/home/yamashita/ros2_ws/install/_local_setup_util_sh.py'
[24.960s] INFO:colcon.colcon_core.shell:Creating prefix chain script '/home/yamashita/ros2_ws/install/setup.sh'
[25.116s] INFO:colcon.colcon_core.shell:Creating prefix script '/home/yamashita/ros2_ws/install/local_setup.bash'
[25.121s] INFO:colcon.colcon_core.shell:Creating prefix chain script '/home/yamashita/ros2_ws/install/setup.bash'
[25.276s] INFO:colcon.colcon_core.shell:Creating prefix script '/home/yamashita/ros2_ws/install/local_setup.zsh'
[25.280s] INFO:colcon.colcon_core.shell:Creating prefix chain script '/home/yamashita/ros2_ws/install/setup.zsh'
