[7.357s] Invoking command in '/home/yamashita/ros2_ws/src/mypkg': PYTHONPATH=/home/yamashita/ros2_ws/build/mypkg/prefix_override:/home/yamashita/ros2_ws/install/mypkg/lib/python3.10/site-packages:${PYTHONPATH} /usr/bin/python3 setup.py egg_info --egg-base ../../build/mypkg build --build-base /home/yamashita/ros2_ws/build/mypkg/build install --record /home/yamashita/ros2_ws/build/mypkg/install.log --single-version-externally-managed
[9.689s] running egg_info
[9.696s] writing ../../build/mypkg/mypkg.egg-info/PKG-INFO
[9.698s] writing dependency_links to ../../build/mypkg/mypkg.egg-info/dependency_links.txt
[9.699s] writing entry points to ../../build/mypkg/mypkg.egg-info/entry_points.txt
[9.701s] writing requirements to ../../build/mypkg/mypkg.egg-info/requires.txt
[9.703s] writing top-level names to ../../build/mypkg/mypkg.egg-info/top_level.txt
[9.718s] reading manifest file '../../build/mypkg/mypkg.egg-info/SOURCES.txt'
[9.725s] writing manifest file '../../build/mypkg/mypkg.egg-info/SOURCES.txt'
[9.726s] running build
[9.727s] running build_py
[9.729s] copying mypkg/listener.py -> /home/yamashita/ros2_ws/build/mypkg/build/lib/mypkg
[9.732s] running install
[9.733s] /usr/lib/python3/dist-packages/setuptools/command/install.py:34: SetuptoolsDeprecationWarning: setup.py install is deprecated. Use build and pip and other standards-based tools.
[9.734s]   warnings.warn(
[9.735s] running install_lib
[9.741s] copying /home/yamashita/ros2_ws/build/mypkg/build/lib/mypkg/listener.py -> /home/yamashita/ros2_ws/install/mypkg/lib/python3.10/site-packages/mypkg
[9.746s] byte-compiling /home/yamashita/ros2_ws/install/mypkg/lib/python3.10/site-packages/mypkg/listener.py to listener.cpython-310.pyc
[9.750s] running install_data
[9.755s] running install_egg_info
[9.768s] removing '/home/yamashita/ros2_ws/install/mypkg/lib/python3.10/site-packages/mypkg-0.0.0-py3.10.egg-info' (and everything under it)
[9.771s] Copying ../../build/mypkg/mypkg.egg-info to /home/yamashita/ros2_ws/install/mypkg/lib/python3.10/site-packages/mypkg-0.0.0-py3.10.egg-info
[9.781s] running install_scripts
[9.941s] Installing listener script to /home/yamashita/ros2_ws/install/mypkg/lib/mypkg
[9.942s] Installing talker script to /home/yamashita/ros2_ws/install/mypkg/lib/mypkg
[9.946s] writing list of installed files to '/home/yamashita/ros2_ws/build/mypkg/install.log'
[10.177s] Invoked command in '/home/yamashita/ros2_ws/src/mypkg' returned '0': PYTHONPATH=/home/yamashita/ros2_ws/build/mypkg/prefix_override:/home/yamashita/ros2_ws/install/mypkg/lib/python3.10/site-packages:${PYTHONPATH} /usr/bin/python3 setup.py egg_info --egg-base ../../build/mypkg build --build-base /home/yamashita/ros2_ws/build/mypkg/build install --record /home/yamashita/ros2_ws/build/mypkg/install.log --single-version-externally-managed
