[3.865s] Invoking command in '/home/yamashita/ros2_ws/build/person_msgs': CMAKE_PREFIX_PATH=${CMAKE_PREFIX_PATH}:/home/yamashita/ros2_ws/install/mypkg:/opt/ros/humble /usr/bin/cmake --build /home/yamashita/ros2_ws/build/person_msgs -- -j4 -l4
[4.276s] [  3%] Built target person_msgs__cpp
[4.290s] [ 12%] Built target person_msgs__rosidl_generator_c
[4.384s] [ 12%] Built target ament_cmake_python_copy_person_msgs
[4.502s] [ 22%] Built target person_msgs__rosidl_typesupport_cpp
[4.523s] [ 32%] Built target person_msgs__rosidl_typesupport_fastrtps_cpp
[4.592s] [ 41%] Built target person_msgs__rosidl_typesupport_introspection_cpp
[4.667s] [ 51%] Built target person_msgs__rosidl_typesupport_fastrtps_c
[4.731s] [ 61%] Built target person_msgs__rosidl_typesupport_introspection_c
[4.747s] [ 70%] Built target person_msgs__rosidl_typesupport_c
[4.921s] [ 70%] Built target person_msgs
[5.098s] [ 74%] Built target person_msgs__py
[5.293s] [ 80%] Built target person_msgs__rosidl_generator_py
[5.527s] [ 87%] Built target person_msgs__rosidl_typesupport_fastrtps_c__pyext
[5.586s] [ 93%] Built target person_msgs__rosidl_typesupport_c__pyext
[5.599s] [100%] Built target person_msgs__rosidl_typesupport_introspection_c__pyext
[7.563s] running egg_info
[7.570s] writing person_msgs.egg-info/PKG-INFO
[7.573s] writing dependency_links to person_msgs.egg-info/dependency_links.txt
[7.576s] writing top-level names to person_msgs.egg-info/top_level.txt
[7.597s] reading manifest file 'person_msgs.egg-info/SOURCES.txt'
[7.603s] writing manifest file 'person_msgs.egg-info/SOURCES.txt'
[7.890s] [100%] Built target ament_cmake_python_build_person_msgs_egg
[7.978s] Invoked command in '/home/yamashita/ros2_ws/build/person_msgs' returned '0': CMAKE_PREFIX_PATH=${CMAKE_PREFIX_PATH}:/home/yamashita/ros2_ws/install/mypkg:/opt/ros/humble /usr/bin/cmake --build /home/yamashita/ros2_ws/build/person_msgs -- -j4 -l4
[8.616s] Invoking command in '/home/yamashita/ros2_ws/build/person_msgs': CMAKE_PREFIX_PATH=${CMAKE_PREFIX_PATH}:/home/yamashita/ros2_ws/install/mypkg:/opt/ros/humble /usr/bin/cmake --install /home/yamashita/ros2_ws/build/person_msgs
[8.671s] -- Install configuration: ""
[8.673s] -- Up-to-date: /home/yamashita/ros2_ws/install/person_msgs/share/ament_index/resource_index/rosidl_interfaces/person_msgs
[8.675s] -- Up-to-date: /home/yamashita/ros2_ws/install/person_msgs/include/person_msgs/person_msgs
[8.676s] -- Up-to-date: /home/yamashita/ros2_ws/install/person_msgs/include/person_msgs/person_msgs/msg
[8.678s] -- Up-to-date: /home/yamashita/ros2_ws/install/person_msgs/include/person_msgs/person_msgs/msg/detail
[8.680s] -- Up-to-date: /home/yamashita/ros2_ws/install/person_msgs/include/person_msgs/person_msgs/msg/detail/person__struct.h
[8.682s] -- Up-to-date: /home/yamashita/ros2_ws/install/person_msgs/include/person_msgs/person_msgs/msg/detail/person__functions.h
[8.683s] -- Up-to-date: /home/yamashita/ros2_ws/install/person_msgs/include/person_msgs/person_msgs/msg/detail/person__functions.c
[8.684s] -- Up-to-date: /home/yamashita/ros2_ws/install/person_msgs/include/person_msgs/person_msgs/msg/detail/person__type_support.h
[8.686s] -- Up-to-date: /home/yamashita/ros2_ws/install/person_msgs/include/person_msgs/person_msgs/msg/person.h
[8.687s] -- Up-to-date: /home/yamashita/ros2_ws/install/person_msgs/include/person_msgs/person_msgs/msg/rosidl_generator_c__visibility_control.h
[8.688s] -- Up-to-date: /home/yamashita/ros2_ws/install/person_msgs/share/person_msgs/environment/library_path.sh
[8.690s] -- Up-to-date: /home/yamashita/ros2_ws/install/person_msgs/share/person_msgs/environment/library_path.dsv
[8.691s] -- Up-to-date: /home/yamashita/ros2_ws/install/person_msgs/lib/libperson_msgs__rosidl_generator_c.so
[8.692s] -- Up-to-date: /home/yamashita/ros2_ws/install/person_msgs/include/person_msgs/person_msgs
[8.694s] -- Up-to-date: /home/yamashita/ros2_ws/install/person_msgs/include/person_msgs/person_msgs/msg
[8.696s] -- Up-to-date: /home/yamashita/ros2_ws/install/person_msgs/include/person_msgs/person_msgs/msg/rosidl_typesupport_fastrtps_c__visibility_control.h
[8.697s] -- Up-to-date: /home/yamashita/ros2_ws/install/person_msgs/include/person_msgs/person_msgs/msg/detail
[8.698s] -- Up-to-date: /home/yamashita/ros2_ws/install/person_msgs/include/person_msgs/person_msgs/msg/detail/person__rosidl_typesupport_fastrtps_c.h
[8.699s] -- Up-to-date: /home/yamashita/ros2_ws/install/person_msgs/lib/libperson_msgs__rosidl_typesupport_fastrtps_c.so
[8.700s] -- Up-to-date: /home/yamashita/ros2_ws/install/person_msgs/include/person_msgs/person_msgs
[8.701s] -- Up-to-date: /home/yamashita/ros2_ws/install/person_msgs/include/person_msgs/person_msgs/msg
[8.702s] -- Up-to-date: /home/yamashita/ros2_ws/install/person_msgs/include/person_msgs/person_msgs/msg/detail
[8.703s] -- Up-to-date: /home/yamashita/ros2_ws/install/person_msgs/include/person_msgs/person_msgs/msg/detail/person__type_support.c
[8.704s] -- Up-to-date: /home/yamashita/ros2_ws/install/person_msgs/include/person_msgs/person_msgs/msg/detail/person__rosidl_typesupport_introspection_c.h
[8.706s] -- Up-to-date: /home/yamashita/ros2_ws/install/person_msgs/include/person_msgs/person_msgs/msg/rosidl_typesupport_introspection_c__visibility_control.h
[8.708s] -- Up-to-date: /home/yamashita/ros2_ws/install/person_msgs/lib/libperson_msgs__rosidl_typesupport_introspection_c.so
[8.710s] -- Up-to-date: /home/yamashita/ros2_ws/install/person_msgs/lib/libperson_msgs__rosidl_typesupport_c.so
[8.711s] -- Up-to-date: /home/yamashita/ros2_ws/install/person_msgs/include/person_msgs/person_msgs
[8.712s] -- Up-to-date: /home/yamashita/ros2_ws/install/person_msgs/include/person_msgs/person_msgs/msg
[8.714s] -- Up-to-date: /home/yamashita/ros2_ws/install/person_msgs/include/person_msgs/person_msgs/msg/detail
[8.715s] -- Up-to-date: /home/yamashita/ros2_ws/install/person_msgs/include/person_msgs/person_msgs/msg/detail/person__struct.hpp
[8.716s] -- Up-to-date: /home/yamashita/ros2_ws/install/person_msgs/include/person_msgs/person_msgs/msg/detail/person__builder.hpp
[8.717s] -- Up-to-date: /home/yamashita/ros2_ws/install/person_msgs/include/person_msgs/person_msgs/msg/detail/person__traits.hpp
[8.718s] -- Up-to-date: /home/yamashita/ros2_ws/install/person_msgs/include/person_msgs/person_msgs/msg/person.hpp
[8.719s] -- Up-to-date: /home/yamashita/ros2_ws/install/person_msgs/include/person_msgs/person_msgs
[8.721s] -- Up-to-date: /home/yamashita/ros2_ws/install/person_msgs/include/person_msgs/person_msgs/msg
[8.722s] -- Up-to-date: /home/yamashita/ros2_ws/install/person_msgs/include/person_msgs/person_msgs/msg/detail
[8.723s] -- Up-to-date: /home/yamashita/ros2_ws/install/person_msgs/include/person_msgs/person_msgs/msg/detail/dds_fastrtps
[8.724s] -- Up-to-date: /home/yamashita/ros2_ws/install/person_msgs/include/person_msgs/person_msgs/msg/detail/person__rosidl_typesupport_fastrtps_cpp.hpp
[8.725s] -- Up-to-date: /home/yamashita/ros2_ws/install/person_msgs/include/person_msgs/person_msgs/msg/rosidl_typesupport_fastrtps_cpp__visibility_control.h
[8.726s] -- Up-to-date: /home/yamashita/ros2_ws/install/person_msgs/lib/libperson_msgs__rosidl_typesupport_fastrtps_cpp.so
[8.727s] -- Up-to-date: /home/yamashita/ros2_ws/install/person_msgs/include/person_msgs/person_msgs
[8.728s] -- Up-to-date: /home/yamashita/ros2_ws/install/person_msgs/include/person_msgs/person_msgs/msg
[8.729s] -- Up-to-date: /home/yamashita/ros2_ws/install/person_msgs/include/person_msgs/person_msgs/msg/detail
[8.730s] -- Up-to-date: /home/yamashita/ros2_ws/install/person_msgs/include/person_msgs/person_msgs/msg/detail/person__type_support.cpp
[8.731s] -- Up-to-date: /home/yamashita/ros2_ws/install/person_msgs/include/person_msgs/person_msgs/msg/detail/person__rosidl_typesupport_introspection_cpp.hpp
[8.733s] -- Up-to-date: /home/yamashita/ros2_ws/install/person_msgs/lib/libperson_msgs__rosidl_typesupport_introspection_cpp.so
[8.734s] -- Up-to-date: /home/yamashita/ros2_ws/install/person_msgs/lib/libperson_msgs__rosidl_typesupport_cpp.so
[8.735s] -- Up-to-date: /home/yamashita/ros2_ws/install/person_msgs/share/person_msgs/environment/pythonpath.sh
[8.737s] -- Up-to-date: /home/yamashita/ros2_ws/install/person_msgs/share/person_msgs/environment/pythonpath.dsv
[8.738s] -- Up-to-date: /home/yamashita/ros2_ws/install/person_msgs/local/lib/python3.10/dist-packages/person_msgs-0.0.0-py3.10.egg-info
[8.739s] -- Installing: /home/yamashita/ros2_ws/install/person_msgs/local/lib/python3.10/dist-packages/person_msgs-0.0.0-py3.10.egg-info/SOURCES.txt
[8.740s] -- Installing: /home/yamashita/ros2_ws/install/person_msgs/local/lib/python3.10/dist-packages/person_msgs-0.0.0-py3.10.egg-info/dependency_links.txt
[8.741s] -- Installing: /home/yamashita/ros2_ws/install/person_msgs/local/lib/python3.10/dist-packages/person_msgs-0.0.0-py3.10.egg-info/PKG-INFO
[8.742s] -- Installing: /home/yamashita/ros2_ws/install/person_msgs/local/lib/python3.10/dist-packages/person_msgs-0.0.0-py3.10.egg-info/top_level.txt
[8.745s] -- Up-to-date: /home/yamashita/ros2_ws/install/person_msgs/local/lib/python3.10/dist-packages/person_msgs
[8.747s] -- Up-to-date: /home/yamashita/ros2_ws/install/person_msgs/local/lib/python3.10/dist-packages/person_msgs/person_msgs_s__rosidl_typesupport_c.cpython-310-aarch64-linux-gnu.so
[8.749s] -- Up-to-date: /home/yamashita/ros2_ws/install/person_msgs/local/lib/python3.10/dist-packages/person_msgs/msg
[8.751s] -- Up-to-date: /home/yamashita/ros2_ws/install/person_msgs/local/lib/python3.10/dist-packages/person_msgs/msg/_person_s.c
[8.753s] -- Up-to-date: /home/yamashita/ros2_ws/install/person_msgs/local/lib/python3.10/dist-packages/person_msgs/msg/_person.py
[8.754s] -- Up-to-date: /home/yamashita/ros2_ws/install/person_msgs/local/lib/python3.10/dist-packages/person_msgs/msg/__init__.py
[8.755s] -- Up-to-date: /home/yamashita/ros2_ws/install/person_msgs/local/lib/python3.10/dist-packages/person_msgs/_person_msgs_s.ep.rosidl_typesupport_fastrtps_c.c
[8.756s] -- Up-to-date: /home/yamashita/ros2_ws/install/person_msgs/local/lib/python3.10/dist-packages/person_msgs/libperson_msgs__rosidl_generator_py.so
[8.757s] -- Up-to-date: /home/yamashita/ros2_ws/install/person_msgs/local/lib/python3.10/dist-packages/person_msgs/person_msgs_s__rosidl_typesupport_introspection_c.cpython-310-aarch64-linux-gnu.so
[8.758s] -- Up-to-date: /home/yamashita/ros2_ws/install/person_msgs/local/lib/python3.10/dist-packages/person_msgs/person_msgs_s__rosidl_typesupport_fastrtps_c.cpython-310-aarch64-linux-gnu.so
[8.759s] -- Up-to-date: /home/yamashita/ros2_ws/install/person_msgs/local/lib/python3.10/dist-packages/person_msgs/_person_msgs_s.ep.rosidl_typesupport_c.c
[8.760s] -- Up-to-date: /home/yamashita/ros2_ws/install/person_msgs/local/lib/python3.10/dist-packages/person_msgs/__init__.py
[8.761s] -- Up-to-date: /home/yamashita/ros2_ws/install/person_msgs/local/lib/python3.10/dist-packages/person_msgs/_person_msgs_s.ep.rosidl_typesupport_introspection_c.c
[9.057s] Listing '/home/yamashita/ros2_ws/install/person_msgs/local/lib/python3.10/dist-packages/person_msgs'...
[9.058s] Listing '/home/yamashita/ros2_ws/install/person_msgs/local/lib/python3.10/dist-packages/person_msgs/msg'...
[9.117s] -- Up-to-date: /home/yamashita/ros2_ws/install/person_msgs/local/lib/python3.10/dist-packages/person_msgs/person_msgs_s__rosidl_typesupport_fastrtps_c.cpython-310-aarch64-linux-gnu.so
[9.121s] -- Up-to-date: /home/yamashita/ros2_ws/install/person_msgs/local/lib/python3.10/dist-packages/person_msgs/person_msgs_s__rosidl_typesupport_introspection_c.cpython-310-aarch64-linux-gnu.so
[9.125s] -- Up-to-date: /home/yamashita/ros2_ws/install/person_msgs/local/lib/python3.10/dist-packages/person_msgs/person_msgs_s__rosidl_typesupport_c.cpython-310-aarch64-linux-gnu.so
[9.129s] -- Up-to-date: /home/yamashita/ros2_ws/install/person_msgs/lib/libperson_msgs__rosidl_generator_py.so
[9.132s] -- Up-to-date: /home/yamashita/ros2_ws/install/person_msgs/share/person_msgs/msg/Person.idl
[9.134s] -- Up-to-date: /home/yamashita/ros2_ws/install/person_msgs/share/person_msgs/msg/Person.msg
[9.135s] -- Up-to-date: /home/yamashita/ros2_ws/install/person_msgs/share/ament_index/resource_index/package_run_dependencies/person_msgs
[9.137s] -- Up-to-date: /home/yamashita/ros2_ws/install/person_msgs/share/ament_index/resource_index/parent_prefix_path/person_msgs
[9.139s] -- Up-to-date: /home/yamashita/ros2_ws/install/person_msgs/share/person_msgs/environment/ament_prefix_path.sh
[9.140s] -- Up-to-date: /home/yamashita/ros2_ws/install/person_msgs/share/person_msgs/environment/ament_prefix_path.dsv
[9.142s] -- Up-to-date: /home/yamashita/ros2_ws/install/person_msgs/share/person_msgs/environment/path.sh
[9.143s] -- Up-to-date: /home/yamashita/ros2_ws/install/person_msgs/share/person_msgs/environment/path.dsv
[9.144s] -- Up-to-date: /home/yamashita/ros2_ws/install/person_msgs/share/person_msgs/local_setup.bash
[9.145s] -- Up-to-date: /home/yamashita/ros2_ws/install/person_msgs/share/person_msgs/local_setup.sh
[9.147s] -- Up-to-date: /home/yamashita/ros2_ws/install/person_msgs/share/person_msgs/local_setup.zsh
[9.148s] -- Up-to-date: /home/yamashita/ros2_ws/install/person_msgs/share/person_msgs/local_setup.dsv
[9.149s] -- Installing: /home/yamashita/ros2_ws/install/person_msgs/share/person_msgs/package.dsv
[9.151s] -- Up-to-date: /home/yamashita/ros2_ws/install/person_msgs/share/ament_index/resource_index/packages/person_msgs
[9.152s] -- Up-to-date: /home/yamashita/ros2_ws/install/person_msgs/share/person_msgs/cmake/export_person_msgs__rosidl_generator_cExport.cmake
[9.154s] -- Up-to-date: /home/yamashita/ros2_ws/install/person_msgs/share/person_msgs/cmake/export_person_msgs__rosidl_generator_cExport-noconfig.cmake
[9.155s] -- Up-to-date: /home/yamashita/ros2_ws/install/person_msgs/share/person_msgs/cmake/export_person_msgs__rosidl_typesupport_fastrtps_cExport.cmake
[9.156s] -- Up-to-date: /home/yamashita/ros2_ws/install/person_msgs/share/person_msgs/cmake/export_person_msgs__rosidl_typesupport_fastrtps_cExport-noconfig.cmake
[9.158s] -- Up-to-date: /home/yamashita/ros2_ws/install/person_msgs/share/person_msgs/cmake/person_msgs__rosidl_typesupport_introspection_cExport.cmake
[9.159s] -- Up-to-date: /home/yamashita/ros2_ws/install/person_msgs/share/person_msgs/cmake/person_msgs__rosidl_typesupport_introspection_cExport-noconfig.cmake
[9.161s] -- Up-to-date: /home/yamashita/ros2_ws/install/person_msgs/share/person_msgs/cmake/person_msgs__rosidl_typesupport_cExport.cmake
[9.162s] -- Up-to-date: /home/yamashita/ros2_ws/install/person_msgs/share/person_msgs/cmake/person_msgs__rosidl_typesupport_cExport-noconfig.cmake
[9.164s] -- Up-to-date: /home/yamashita/ros2_ws/install/person_msgs/share/person_msgs/cmake/export_person_msgs__rosidl_generator_cppExport.cmake
[9.165s] -- Up-to-date: /home/yamashita/ros2_ws/install/person_msgs/share/person_msgs/cmake/export_person_msgs__rosidl_typesupport_fastrtps_cppExport.cmake
[9.166s] -- Up-to-date: /home/yamashita/ros2_ws/install/person_msgs/share/person_msgs/cmake/export_person_msgs__rosidl_typesupport_fastrtps_cppExport-noconfig.cmake
[9.168s] -- Up-to-date: /home/yamashita/ros2_ws/install/person_msgs/share/person_msgs/cmake/person_msgs__rosidl_typesupport_introspection_cppExport.cmake
[9.169s] -- Up-to-date: /home/yamashita/ros2_ws/install/person_msgs/share/person_msgs/cmake/person_msgs__rosidl_typesupport_introspection_cppExport-noconfig.cmake
[9.171s] -- Up-to-date: /home/yamashita/ros2_ws/install/person_msgs/share/person_msgs/cmake/person_msgs__rosidl_typesupport_cppExport.cmake
[9.172s] -- Up-to-date: /home/yamashita/ros2_ws/install/person_msgs/share/person_msgs/cmake/person_msgs__rosidl_typesupport_cppExport-noconfig.cmake
[9.174s] -- Up-to-date: /home/yamashita/ros2_ws/install/person_msgs/share/person_msgs/cmake/export_person_msgs__rosidl_generator_pyExport.cmake
[9.176s] -- Up-to-date: /home/yamashita/ros2_ws/install/person_msgs/share/person_msgs/cmake/export_person_msgs__rosidl_generator_pyExport-noconfig.cmake
[9.177s] -- Up-to-date: /home/yamashita/ros2_ws/install/person_msgs/share/person_msgs/cmake/rosidl_cmake-extras.cmake
[9.179s] -- Up-to-date: /home/yamashita/ros2_ws/install/person_msgs/share/person_msgs/cmake/ament_cmake_export_include_directories-extras.cmake
[9.180s] -- Up-to-date: /home/yamashita/ros2_ws/install/person_msgs/share/person_msgs/cmake/ament_cmake_export_libraries-extras.cmake
[9.181s] -- Up-to-date: /home/yamashita/ros2_ws/install/person_msgs/share/person_msgs/cmake/ament_cmake_export_targets-extras.cmake
[9.182s] -- Up-to-date: /home/yamashita/ros2_ws/install/person_msgs/share/person_msgs/cmake/rosidl_cmake_export_typesupport_targets-extras.cmake
[9.183s] -- Up-to-date: /home/yamashita/ros2_ws/install/person_msgs/share/person_msgs/cmake/ament_cmake_export_dependencies-extras.cmake
[9.186s] -- Up-to-date: /home/yamashita/ros2_ws/install/person_msgs/share/person_msgs/cmake/rosidl_cmake_export_typesupport_libraries-extras.cmake
[9.187s] -- Up-to-date: /home/yamashita/ros2_ws/install/person_msgs/share/person_msgs/cmake/person_msgsConfig.cmake
[9.188s] -- Up-to-date: /home/yamashita/ros2_ws/install/person_msgs/share/person_msgs/cmake/person_msgsConfig-version.cmake
[9.190s] -- Up-to-date: /home/yamashita/ros2_ws/install/person_msgs/share/person_msgs/package.xml
[9.196s] Invoked command in '/home/yamashita/ros2_ws/build/person_msgs' returned '0': CMAKE_PREFIX_PATH=${CMAKE_PREFIX_PATH}:/home/yamashita/ros2_ws/install/mypkg:/opt/ros/humble /usr/bin/cmake --install /home/yamashita/ros2_ws/build/person_msgs
