[10.374s] DEBUG:colcon:Command line arguments: ['/usr/bin/colcon', 'build']
[10.374s] DEBUG:colcon:Parsed command line arguments: Namespace(log_base=None, log_level=None, verb_name='build', build_base='build', install_base='install', merge_install=False, symlink_install=False, test_result_base=None, continue_on_error=False, executor='parallel', parallel_workers=4, event_handlers=None, ignore_user_meta=False, metas=['./colcon.meta'], base_paths=['.'], packages_ignore=None, packages_ignore_regex=None, paths=None, packages_up_to=None, packages_up_to_regex=None, packages_above=None, packages_above_and_dependencies=None, packages_above_depth=None, packages_select_by_dep=None, packages_skip_by_dep=None, packages_skip_up_to=None, packages_select_build_failed=False, packages_skip_build_finished=False, packages_select_test_failures=False, packages_skip_test_passed=False, packages_select=None, packages_skip=None, packages_select_regex=None, packages_skip_regex=None, packages_start=None, packages_end=None, allow_overriding=[], cmake_args=None, cmake_target=None, cmake_target_skip_unavailable=False, cmake_clean_cache=False, cmake_clean_first=False, cmake_force_configure=False, ament_cmake_args=None, catkin_cmake_args=None, catkin_skip_building_tests=False, verb_parser=<colcon_defaults.argument_parser.defaults.DefaultArgumentsDecorator object at 0xffff8c864d30>, verb_extension=<colcon_core.verb.build.BuildVerb object at 0xffff8cd578e0>, main=<bound method BuildVerb.main of <colcon_core.verb.build.BuildVerb object at 0xffff8cd578e0>>)
[10.832s] Level 1:colcon.colcon_core.package_discovery:discover_packages(colcon_meta) check parameters
[10.833s] Level 1:colcon.colcon_core.package_discovery:discover_packages(recursive) check parameters
[10.833s] Level 1:colcon.colcon_core.package_discovery:discover_packages(ignore) check parameters
[10.834s] Level 1:colcon.colcon_core.package_discovery:discover_packages(path) check parameters
[10.834s] Level 1:colcon.colcon_core.package_discovery:discover_packages(colcon_meta) discover
[10.834s] Level 1:colcon.colcon_core.package_discovery:discover_packages(recursive) discover
[10.834s] INFO:colcon.colcon_core.package_discovery:Crawling recursively for packages in '/home/yamashita/ros2_ws'
[10.835s] Level 1:colcon.colcon_core.package_identification:_identify(.) by extensions ['ignore', 'ignore_ament_install']
[10.836s] Level 1:colcon.colcon_core.package_identification:_identify(.) by extension 'ignore'
[10.837s] Level 1:colcon.colcon_core.package_identification:_identify(.) by extension 'ignore_ament_install'
[10.837s] Level 1:colcon.colcon_core.package_identification:_identify(.) by extensions ['colcon_pkg']
[10.837s] Level 1:colcon.colcon_core.package_identification:_identify(.) by extension 'colcon_pkg'
[10.838s] Level 1:colcon.colcon_core.package_identification:_identify(.) by extensions ['colcon_meta']
[10.838s] Level 1:colcon.colcon_core.package_identification:_identify(.) by extension 'colcon_meta'
[10.838s] Level 1:colcon.colcon_core.package_identification:_identify(.) by extensions ['ros']
[10.839s] Level 1:colcon.colcon_core.package_identification:_identify(.) by extension 'ros'
[10.929s] Level 1:colcon.colcon_core.package_identification:_identify(.) by extensions ['cmake', 'python']
[10.929s] Level 1:colcon.colcon_core.package_identification:_identify(.) by extension 'cmake'
[10.930s] Level 1:colcon.colcon_core.package_identification:_identify(.) by extension 'python'
[10.930s] Level 1:colcon.colcon_core.package_identification:_identify(.) by extensions ['python_setup_py']
[10.930s] Level 1:colcon.colcon_core.package_identification:_identify(.) by extension 'python_setup_py'
[10.931s] Level 1:colcon.colcon_core.package_identification:_identify(build) by extensions ['ignore', 'ignore_ament_install']
[10.932s] Level 1:colcon.colcon_core.package_identification:_identify(build) by extension 'ignore'
[10.933s] Level 1:colcon.colcon_core.package_identification:_identify(build) ignored
[10.934s] Level 1:colcon.colcon_core.package_identification:_identify(install) by extensions ['ignore', 'ignore_ament_install']
[10.935s] Level 1:colcon.colcon_core.package_identification:_identify(install) by extension 'ignore'
[10.935s] Level 1:colcon.colcon_core.package_identification:_identify(install) ignored
[10.936s] Level 1:colcon.colcon_core.package_identification:_identify(log) by extensions ['ignore', 'ignore_ament_install']
[10.937s] Level 1:colcon.colcon_core.package_identification:_identify(log) by extension 'ignore'
[10.938s] Level 1:colcon.colcon_core.package_identification:_identify(log) ignored
[10.938s] Level 1:colcon.colcon_core.package_identification:_identify(src) by extensions ['ignore', 'ignore_ament_install']
[10.939s] Level 1:colcon.colcon_core.package_identification:_identify(src) by extension 'ignore'
[10.940s] Level 1:colcon.colcon_core.package_identification:_identify(src) by extension 'ignore_ament_install'
[10.940s] Level 1:colcon.colcon_core.package_identification:_identify(src) by extensions ['colcon_pkg']
[10.940s] Level 1:colcon.colcon_core.package_identification:_identify(src) by extension 'colcon_pkg'
[10.941s] Level 1:colcon.colcon_core.package_identification:_identify(src) by extensions ['colcon_meta']
[10.941s] Level 1:colcon.colcon_core.package_identification:_identify(src) by extension 'colcon_meta'
[10.941s] Level 1:colcon.colcon_core.package_identification:_identify(src) by extensions ['ros']
[10.942s] Level 1:colcon.colcon_core.package_identification:_identify(src) by extension 'ros'
[10.942s] Level 1:colcon.colcon_core.package_identification:_identify(src) by extensions ['cmake', 'python']
[10.943s] Level 1:colcon.colcon_core.package_identification:_identify(src) by extension 'cmake'
[10.943s] Level 1:colcon.colcon_core.package_identification:_identify(src) by extension 'python'
[10.943s] Level 1:colcon.colcon_core.package_identification:_identify(src) by extensions ['python_setup_py']
[10.944s] Level 1:colcon.colcon_core.package_identification:_identify(src) by extension 'python_setup_py'
[10.945s] Level 1:colcon.colcon_core.package_identification:_identify(src/build) by extensions ['ignore', 'ignore_ament_install']
[10.945s] Level 1:colcon.colcon_core.package_identification:_identify(src/build) by extension 'ignore'
[10.946s] Level 1:colcon.colcon_core.package_identification:_identify(src/build) ignored
[10.947s] Level 1:colcon.colcon_core.package_identification:_identify(src/install) by extensions ['ignore', 'ignore_ament_install']
[10.948s] Level 1:colcon.colcon_core.package_identification:_identify(src/install) by extension 'ignore'
[10.948s] Level 1:colcon.colcon_core.package_identification:_identify(src/install) ignored
[10.949s] Level 1:colcon.colcon_core.package_identification:_identify(src/log) by extensions ['ignore', 'ignore_ament_install']
[10.950s] Level 1:colcon.colcon_core.package_identification:_identify(src/log) by extension 'ignore'
[10.950s] Level 1:colcon.colcon_core.package_identification:_identify(src/log) ignored
[10.951s] Level 1:colcon.colcon_core.package_identification:_identify(src/mypkg) by extensions ['ignore', 'ignore_ament_install']
[10.952s] Level 1:colcon.colcon_core.package_identification:_identify(src/mypkg) by extension 'ignore'
[10.952s] Level 1:colcon.colcon_core.package_identification:_identify(src/mypkg) by extension 'ignore_ament_install'
[10.953s] Level 1:colcon.colcon_core.package_identification:_identify(src/mypkg) by extensions ['colcon_pkg']
[10.953s] Level 1:colcon.colcon_core.package_identification:_identify(src/mypkg) by extension 'colcon_pkg'
[10.954s] Level 1:colcon.colcon_core.package_identification:_identify(src/mypkg) by extensions ['colcon_meta']
[10.954s] Level 1:colcon.colcon_core.package_identification:_identify(src/mypkg) by extension 'colcon_meta'
[10.954s] Level 1:colcon.colcon_core.package_identification:_identify(src/mypkg) by extensions ['ros']
[10.955s] Level 1:colcon.colcon_core.package_identification:_identify(src/mypkg) by extension 'ros'
[10.979s] DEBUG:colcon.colcon_core.package_identification:Package 'src/mypkg' with type 'ros.ament_python' and name 'mypkg'
[10.980s] Level 1:colcon.colcon_core.package_identification:_identify(src/person_msgs) by extensions ['ignore', 'ignore_ament_install']
[10.981s] Level 1:colcon.colcon_core.package_identification:_identify(src/person_msgs) by extension 'ignore'
[10.981s] Level 1:colcon.colcon_core.package_identification:_identify(src/person_msgs) by extension 'ignore_ament_install'
[10.982s] Level 1:colcon.colcon_core.package_identification:_identify(src/person_msgs) by extensions ['colcon_pkg']
[10.982s] Level 1:colcon.colcon_core.package_identification:_identify(src/person_msgs) by extension 'colcon_pkg'
[10.982s] Level 1:colcon.colcon_core.package_identification:_identify(src/person_msgs) by extensions ['colcon_meta']
[10.983s] Level 1:colcon.colcon_core.package_identification:_identify(src/person_msgs) by extension 'colcon_meta'
[10.983s] Level 1:colcon.colcon_core.package_identification:_identify(src/person_msgs) by extensions ['ros']
[10.983s] Level 1:colcon.colcon_core.package_identification:_identify(src/person_msgs) by extension 'ros'
[10.987s] DEBUG:colcon.colcon_core.package_identification:Package 'src/person_msgs' with type 'ros.ament_cmake' and name 'person_msgs'
[10.988s] Level 1:colcon.colcon_core.package_discovery:discover_packages(recursive) using defaults
[10.989s] Level 1:colcon.colcon_core.package_discovery:discover_packages(ignore) discover
[10.989s] Level 1:colcon.colcon_core.package_discovery:discover_packages(ignore) using defaults
[10.989s] Level 1:colcon.colcon_core.package_discovery:discover_packages(path) discover
[10.989s] Level 1:colcon.colcon_core.package_discovery:discover_packages(path) using defaults
[11.887s] Level 1:colcon.colcon_core.package_discovery:discover_packages(prefix_path) check parameters
[11.888s] Level 1:colcon.colcon_core.package_discovery:discover_packages(prefix_path) discover
[12.198s] DEBUG:colcon.colcon_installed_package_information.package_discovery:Found 1 installed packages in /home/yamashita/ros2_ws/install
[12.364s] DEBUG:colcon.colcon_installed_package_information.package_discovery:Found 283 installed packages in /opt/ros/humble
[12.455s] Level 1:colcon.colcon_core.package_discovery:discover_packages(prefix_path) using defaults
[13.413s] Level 5:colcon.colcon_core.verb:set package 'mypkg' build argument 'cmake_args' from command line to 'None'
[13.413s] Level 5:colcon.colcon_core.verb:set package 'mypkg' build argument 'cmake_target' from command line to 'None'
[13.413s] Level 5:colcon.colcon_core.verb:set package 'mypkg' build argument 'cmake_target_skip_unavailable' from command line to 'False'
[13.414s] Level 5:colcon.colcon_core.verb:set package 'mypkg' build argument 'cmake_clean_cache' from command line to 'False'
[13.414s] Level 5:colcon.colcon_core.verb:set package 'mypkg' build argument 'cmake_clean_first' from command line to 'False'
[13.414s] Level 5:colcon.colcon_core.verb:set package 'mypkg' build argument 'cmake_force_configure' from command line to 'False'
[13.414s] Level 5:colcon.colcon_core.verb:set package 'mypkg' build argument 'ament_cmake_args' from command line to 'None'
[13.414s] Level 5:colcon.colcon_core.verb:set package 'mypkg' build argument 'catkin_cmake_args' from command line to 'None'
[13.415s] Level 5:colcon.colcon_core.verb:set package 'mypkg' build argument 'catkin_skip_building_tests' from command line to 'False'
[13.415s] DEBUG:colcon.colcon_core.verb:Building package 'mypkg' with the following arguments: {'ament_cmake_args': None, 'build_base': '/home/yamashita/ros2_ws/build/mypkg', 'catkin_cmake_args': None, 'catkin_skip_building_tests': False, 'cmake_args': None, 'cmake_clean_cache': False, 'cmake_clean_first': False, 'cmake_force_configure': False, 'cmake_target': None, 'cmake_target_skip_unavailable': False, 'install_base': '/home/yamashita/ros2_ws/install/mypkg', 'merge_install': False, 'path': '/home/yamashita/ros2_ws/src/mypkg', 'symlink_install': False, 'test_result_base': None}
[13.567s] Level 5:colcon.colcon_core.verb:set package 'person_msgs' build argument 'cmake_args' from command line to 'None'
[13.567s] Level 5:colcon.colcon_core.verb:set package 'person_msgs' build argument 'cmake_target' from command line to 'None'
[13.568s] Level 5:colcon.colcon_core.verb:set package 'person_msgs' build argument 'cmake_target_skip_unavailable' from command line to 'False'
[13.568s] Level 5:colcon.colcon_core.verb:set package 'person_msgs' build argument 'cmake_clean_cache' from command line to 'False'
[13.568s] Level 5:colcon.colcon_core.verb:set package 'person_msgs' build argument 'cmake_clean_first' from command line to 'False'
[13.568s] Level 5:colcon.colcon_core.verb:set package 'person_msgs' build argument 'cmake_force_configure' from command line to 'False'
[13.569s] Level 5:colcon.colcon_core.verb:set package 'person_msgs' build argument 'ament_cmake_args' from command line to 'None'
[13.569s] Level 5:colcon.colcon_core.verb:set package 'person_msgs' build argument 'catkin_cmake_args' from command line to 'None'
[13.569s] Level 5:colcon.colcon_core.verb:set package 'person_msgs' build argument 'catkin_skip_building_tests' from command line to 'False'
[13.569s] DEBUG:colcon.colcon_core.verb:Building package 'person_msgs' with the following arguments: {'ament_cmake_args': None, 'build_base': '/home/yamashita/ros2_ws/build/person_msgs', 'catkin_cmake_args': None, 'catkin_skip_building_tests': False, 'cmake_args': None, 'cmake_clean_cache': False, 'cmake_clean_first': False, 'cmake_force_configure': False, 'cmake_target': None, 'cmake_target_skip_unavailable': False, 'install_base': '/home/yamashita/ros2_ws/install/person_msgs', 'merge_install': False, 'path': '/home/yamashita/ros2_ws/src/person_msgs', 'symlink_install': False, 'test_result_base': None}
[13.719s] INFO:colcon.colcon_core.executor:Executing jobs using 'parallel' executor
[13.876s] DEBUG:colcon.colcon_parallel_executor.executor.parallel:run_until_complete
[13.878s] INFO:colcon.colcon_ros.task.ament_python.build:Building ROS package in '/home/yamashita/ros2_ws/src/mypkg' with build type 'ament_python'
[13.880s] Level 1:colcon.colcon_core.shell:create_environment_hook('mypkg', 'ament_prefix_path')
[14.050s] INFO:colcon.colcon_core.plugin_system:Skipping extension 'colcon_core.shell.bat': Not used on non-Windows systems
[14.051s] INFO:colcon.colcon_core.shell:Creating environment hook '/home/yamashita/ros2_ws/install/mypkg/share/mypkg/hook/ament_prefix_path.ps1'
[14.056s] INFO:colcon.colcon_core.shell:Creating environment descriptor '/home/yamashita/ros2_ws/install/mypkg/share/mypkg/hook/ament_prefix_path.dsv'
[14.060s] INFO:colcon.colcon_core.shell:Creating environment hook '/home/yamashita/ros2_ws/install/mypkg/share/mypkg/hook/ament_prefix_path.sh'
[14.219s] INFO:colcon.colcon_core.shell:Skip shell extension 'powershell' for command environment: Not usable outside of PowerShell
[14.220s] DEBUG:colcon.colcon_core.shell:Skip shell extension 'dsv' for command environment
[14.707s] INFO:colcon.colcon_ros.task.ament_cmake.build:Building ROS package in '/home/yamashita/ros2_ws/src/person_msgs' with build type 'ament_cmake'
[14.709s] INFO:colcon.colcon_cmake.task.cmake.build:Building CMake package in '/home/yamashita/ros2_ws/src/person_msgs'
[14.868s] INFO:colcon.colcon_core.shell:Skip shell extension 'powershell' for command environment: Not usable outside of PowerShell
[14.869s] DEBUG:colcon.colcon_core.shell:Skip shell extension 'dsv' for command environment
[17.859s] INFO:colcon.colcon_core.task.python.build:Building Python package in '/home/yamashita/ros2_ws/src/mypkg'
[18.012s] INFO:colcon.colcon_core.shell:Skip shell extension 'powershell' for command environment: Not usable outside of PowerShell
[18.013s] DEBUG:colcon.colcon_core.shell:Skip shell extension 'dsv' for command environment
[18.534s] DEBUG:colcon.colcon_core.event_handler.log_command:Invoking command in '/home/yamashita/ros2_ws/build/person_msgs': CMAKE_PREFIX_PATH=/home/yamashita/ros2_ws/install/mypkg:/opt/ros/humble /usr/bin/cmake /home/yamashita/ros2_ws/src/person_msgs -DCMAKE_INSTALL_PREFIX=/home/yamashita/ros2_ws/install/person_msgs
[22.464s] DEBUG:colcon.colcon_core.event_handler.log_command:Invoking command in '/home/yamashita/ros2_ws/src/mypkg': PYTHONPATH=/home/yamashita/ros2_ws/build/mypkg/prefix_override:/home/yamashita/ros2_ws/install/mypkg/lib/python3.10/site-packages:${PYTHONPATH} /usr/bin/python3 setup.py egg_info --egg-base ../../build/mypkg build --build-base /home/yamashita/ros2_ws/build/mypkg/build install --record /home/yamashita/ros2_ws/build/mypkg/install.log --single-version-externally-managed
[25.799s] DEBUG:colcon.colcon_core.event_handler.log_command:Invoked command in '/home/yamashita/ros2_ws/src/mypkg' returned '0': PYTHONPATH=/home/yamashita/ros2_ws/build/mypkg/prefix_override:/home/yamashita/ros2_ws/install/mypkg/lib/python3.10/site-packages:${PYTHONPATH} /usr/bin/python3 setup.py egg_info --egg-base ../../build/mypkg build --build-base /home/yamashita/ros2_ws/build/mypkg/build install --record /home/yamashita/ros2_ws/build/mypkg/install.log --single-version-externally-managed
[26.039s] Level 1:colcon.colcon_core.environment:checking '/home/yamashita/ros2_ws/install/mypkg' for CMake module files
[26.046s] Level 1:colcon.colcon_core.environment:checking '/home/yamashita/ros2_ws/install/mypkg' for CMake config files
[26.054s] Level 1:colcon.colcon_core.environment:checking '/home/yamashita/ros2_ws/install/mypkg/lib'
[26.055s] Level 1:colcon.colcon_core.environment:checking '/home/yamashita/ros2_ws/install/mypkg/bin'
[26.056s] Level 1:colcon.colcon_core.environment:checking '/home/yamashita/ros2_ws/install/mypkg/lib/pkgconfig/mypkg.pc'
[26.058s] Level 1:colcon.colcon_core.environment:checking '/home/yamashita/ros2_ws/install/mypkg/lib/python3.10/site-packages'
[26.059s] Level 1:colcon.colcon_core.shell:create_environment_hook('mypkg', 'pythonpath')
[26.274s] INFO:colcon.colcon_core.shell:Creating environment hook '/home/yamashita/ros2_ws/install/mypkg/share/mypkg/hook/pythonpath.ps1'
[26.278s] INFO:colcon.colcon_core.shell:Creating environment descriptor '/home/yamashita/ros2_ws/install/mypkg/share/mypkg/hook/pythonpath.dsv'
[26.281s] INFO:colcon.colcon_core.shell:Creating environment hook '/home/yamashita/ros2_ws/install/mypkg/share/mypkg/hook/pythonpath.sh'
[26.286s] Level 1:colcon.colcon_core.environment:checking '/home/yamashita/ros2_ws/install/mypkg/bin'
[26.287s] Level 1:colcon.colcon_core.environment:create_environment_scripts_only(mypkg)
[26.495s] INFO:colcon.colcon_core.shell:Creating package script '/home/yamashita/ros2_ws/install/mypkg/share/mypkg/package.ps1'
[26.503s] INFO:colcon.colcon_core.shell:Creating package descriptor '/home/yamashita/ros2_ws/install/mypkg/share/mypkg/package.dsv'
[26.508s] INFO:colcon.colcon_core.shell:Creating package script '/home/yamashita/ros2_ws/install/mypkg/share/mypkg/package.sh'
[26.516s] INFO:colcon.colcon_core.shell:Creating package script '/home/yamashita/ros2_ws/install/mypkg/share/mypkg/package.bash'
[26.523s] INFO:colcon.colcon_core.shell:Creating package script '/home/yamashita/ros2_ws/install/mypkg/share/mypkg/package.zsh'
[26.529s] Level 1:colcon.colcon_core.environment:create_file_with_runtime_dependencies(/home/yamashita/ros2_ws/install/mypkg/share/colcon-core/packages/mypkg)
[29.121s] DEBUG:colcon.colcon_core.event_handler.log_command:Invoked command in '/home/yamashita/ros2_ws/build/person_msgs' returned '0': CMAKE_PREFIX_PATH=/home/yamashita/ros2_ws/install/mypkg:/opt/ros/humble /usr/bin/cmake /home/yamashita/ros2_ws/src/person_msgs -DCMAKE_INSTALL_PREFIX=/home/yamashita/ros2_ws/install/person_msgs
[29.139s] DEBUG:colcon.colcon_core.event_handler.log_command:Invoking command in '/home/yamashita/ros2_ws/build/person_msgs': CMAKE_PREFIX_PATH=/home/yamashita/ros2_ws/install/mypkg:/opt/ros/humble /usr/bin/cmake --build /home/yamashita/ros2_ws/build/person_msgs -- -j4 -l4
[49.613s] DEBUG:colcon.colcon_core.event_handler.log_command:Invoked command in '/home/yamashita/ros2_ws/build/person_msgs' returned '0': CMAKE_PREFIX_PATH=/home/yamashita/ros2_ws/install/mypkg:/opt/ros/humble /usr/bin/cmake --build /home/yamashita/ros2_ws/build/person_msgs -- -j4 -l4
[50.262s] DEBUG:colcon.colcon_core.event_handler.log_command:Invoking command in '/home/yamashita/ros2_ws/build/person_msgs': CMAKE_PREFIX_PATH=/home/yamashita/ros2_ws/install/mypkg:/opt/ros/humble /usr/bin/cmake --install /home/yamashita/ros2_ws/build/person_msgs
[50.948s] Level 1:colcon.colcon_core.environment:create_environment_scripts_only(person_msgs)
[50.951s] DEBUG:colcon.colcon_core.event_handler.log_command:Invoked command in '/home/yamashita/ros2_ws/build/person_msgs' returned '0': CMAKE_PREFIX_PATH=/home/yamashita/ros2_ws/install/mypkg:/opt/ros/humble /usr/bin/cmake --install /home/yamashita/ros2_ws/build/person_msgs
[51.108s] Level 1:colcon.colcon_core.environment:checking '/home/yamashita/ros2_ws/install/person_msgs' for CMake module files
[51.116s] Level 1:colcon.colcon_core.environment:checking '/home/yamashita/ros2_ws/install/person_msgs' for CMake config files
[51.125s] Level 1:colcon.colcon_core.shell:create_environment_hook('person_msgs', 'cmake_prefix_path')
[51.295s] INFO:colcon.colcon_core.shell:Creating environment hook '/home/yamashita/ros2_ws/install/person_msgs/share/person_msgs/hook/cmake_prefix_path.ps1'
[51.300s] INFO:colcon.colcon_core.shell:Creating environment descriptor '/home/yamashita/ros2_ws/install/person_msgs/share/person_msgs/hook/cmake_prefix_path.dsv'
[51.302s] INFO:colcon.colcon_core.shell:Creating environment hook '/home/yamashita/ros2_ws/install/person_msgs/share/person_msgs/hook/cmake_prefix_path.sh'
[51.307s] Level 1:colcon.colcon_core.environment:checking '/home/yamashita/ros2_ws/install/person_msgs/lib'
[51.308s] Level 1:colcon.colcon_core.shell:create_environment_hook('person_msgs', 'ld_library_path_lib')
[51.462s] INFO:colcon.colcon_core.shell:Creating environment hook '/home/yamashita/ros2_ws/install/person_msgs/share/person_msgs/hook/ld_library_path_lib.ps1'
[51.465s] INFO:colcon.colcon_core.shell:Creating environment descriptor '/home/yamashita/ros2_ws/install/person_msgs/share/person_msgs/hook/ld_library_path_lib.dsv'
[51.468s] INFO:colcon.colcon_core.shell:Creating environment hook '/home/yamashita/ros2_ws/install/person_msgs/share/person_msgs/hook/ld_library_path_lib.sh'
[51.471s] Level 1:colcon.colcon_core.environment:checking '/home/yamashita/ros2_ws/install/person_msgs/bin'
[51.472s] Level 1:colcon.colcon_core.environment:checking '/home/yamashita/ros2_ws/install/person_msgs/lib/pkgconfig/person_msgs.pc'
[51.474s] Level 1:colcon.colcon_core.environment:checking '/home/yamashita/ros2_ws/install/person_msgs/lib/python3.10/site-packages'
[51.476s] Level 1:colcon.colcon_core.environment:checking '/home/yamashita/ros2_ws/install/person_msgs/bin'
[51.632s] INFO:colcon.colcon_core.shell:Creating package script '/home/yamashita/ros2_ws/install/person_msgs/share/person_msgs/package.ps1'
[51.636s] INFO:colcon.colcon_core.shell:Creating package descriptor '/home/yamashita/ros2_ws/install/person_msgs/share/person_msgs/package.dsv'
[51.640s] INFO:colcon.colcon_core.shell:Creating package script '/home/yamashita/ros2_ws/install/person_msgs/share/person_msgs/package.sh'
[51.644s] INFO:colcon.colcon_core.shell:Creating package script '/home/yamashita/ros2_ws/install/person_msgs/share/person_msgs/package.bash'
[51.646s] INFO:colcon.colcon_core.shell:Creating package script '/home/yamashita/ros2_ws/install/person_msgs/share/person_msgs/package.zsh'
[51.649s] Level 1:colcon.colcon_core.environment:create_file_with_runtime_dependencies(/home/yamashita/ros2_ws/install/person_msgs/share/colcon-core/packages/person_msgs)
[52.384s] Level 1:colcon.colcon_core.environment:create_environment_scripts_only(person_msgs)
[52.539s] Level 1:colcon.colcon_core.environment:checking '/home/yamashita/ros2_ws/install/person_msgs' for CMake module files
[52.547s] Level 1:colcon.colcon_core.environment:checking '/home/yamashita/ros2_ws/install/person_msgs' for CMake config files
[52.556s] Level 1:colcon.colcon_core.shell:create_environment_hook('person_msgs', 'cmake_prefix_path')
[52.709s] INFO:colcon.colcon_core.shell:Creating environment hook '/home/yamashita/ros2_ws/install/person_msgs/share/person_msgs/hook/cmake_prefix_path.ps1'
[52.712s] INFO:colcon.colcon_core.shell:Creating environment descriptor '/home/yamashita/ros2_ws/install/person_msgs/share/person_msgs/hook/cmake_prefix_path.dsv'
[52.715s] INFO:colcon.colcon_core.shell:Creating environment hook '/home/yamashita/ros2_ws/install/person_msgs/share/person_msgs/hook/cmake_prefix_path.sh'
[52.720s] Level 1:colcon.colcon_core.environment:checking '/home/yamashita/ros2_ws/install/person_msgs/lib'
[52.721s] Level 1:colcon.colcon_core.shell:create_environment_hook('person_msgs', 'ld_library_path_lib')
[52.877s] INFO:colcon.colcon_core.shell:Creating environment hook '/home/yamashita/ros2_ws/install/person_msgs/share/person_msgs/hook/ld_library_path_lib.ps1'
[52.880s] INFO:colcon.colcon_core.shell:Creating environment descriptor '/home/yamashita/ros2_ws/install/person_msgs/share/person_msgs/hook/ld_library_path_lib.dsv'
[52.883s] INFO:colcon.colcon_core.shell:Creating environment hook '/home/yamashita/ros2_ws/install/person_msgs/share/person_msgs/hook/ld_library_path_lib.sh'
[52.887s] Level 1:colcon.colcon_core.environment:checking '/home/yamashita/ros2_ws/install/person_msgs/bin'
[52.888s] Level 1:colcon.colcon_core.environment:checking '/home/yamashita/ros2_ws/install/person_msgs/lib/pkgconfig/person_msgs.pc'
[52.890s] Level 1:colcon.colcon_core.environment:checking '/home/yamashita/ros2_ws/install/person_msgs/lib/python3.10/site-packages'
[52.892s] Level 1:colcon.colcon_core.environment:checking '/home/yamashita/ros2_ws/install/person_msgs/bin'
[53.048s] INFO:colcon.colcon_core.shell:Creating package script '/home/yamashita/ros2_ws/install/person_msgs/share/person_msgs/package.ps1'
[53.052s] INFO:colcon.colcon_core.shell:Creating package descriptor '/home/yamashita/ros2_ws/install/person_msgs/share/person_msgs/package.dsv'
[53.057s] INFO:colcon.colcon_core.shell:Creating package script '/home/yamashita/ros2_ws/install/person_msgs/share/person_msgs/package.sh'
[53.061s] INFO:colcon.colcon_core.shell:Creating package script '/home/yamashita/ros2_ws/install/person_msgs/share/person_msgs/package.bash'
[53.065s] INFO:colcon.colcon_core.shell:Creating package script '/home/yamashita/ros2_ws/install/person_msgs/share/person_msgs/package.zsh'
[53.069s] Level 1:colcon.colcon_core.environment:create_file_with_runtime_dependencies(/home/yamashita/ros2_ws/install/person_msgs/share/colcon-core/packages/person_msgs)
[53.071s] DEBUG:colcon.colcon_parallel_executor.executor.parallel:closing loop
[53.073s] DEBUG:colcon.colcon_parallel_executor.executor.parallel:loop closed
[53.074s] DEBUG:colcon.colcon_parallel_executor.executor.parallel:run_until_complete finished with '0'
[53.075s] DEBUG:colcon.colcon_core.event_reactor:joining thread
[53.275s] INFO:colcon.colcon_core.plugin_system:Skipping extension 'colcon_notification.desktop_notification.notify_send': Could not find 'notify-send'
[53.276s] INFO:colcon.colcon_core.plugin_system:Skipping extension 'colcon_notification.desktop_notification.terminal_notifier': Not used on non-Darwin systems
[53.276s] INFO:colcon.colcon_core.plugin_system:Skipping extension 'colcon_notification.desktop_notification.win32': Not used on non-Windows systems
[53.277s] INFO:colcon.colcon_notification.desktop_notification:Sending desktop notification using 'notify2'
[53.282s] DEBUG:colcon.colcon_notification.desktop_notification.notify2:Failed to initialize notify2: org.freedesktop.DBus.Error.ServiceUnknown: The name org.freedesktop.Notifications was not provided by any .service files
[53.282s] DEBUG:colcon.colcon_core.event_reactor:joined thread
[53.441s] INFO:colcon.colcon_core.shell:Creating prefix script '/home/yamashita/ros2_ws/install/local_setup.ps1'
[53.448s] INFO:colcon.colcon_core.shell:Creating prefix util module '/home/yamashita/ros2_ws/install/_local_setup_util_ps1.py'
[53.459s] INFO:colcon.colcon_core.shell:Creating prefix chain script '/home/yamashita/ros2_ws/install/setup.ps1'
[53.621s] INFO:colcon.colcon_core.shell:Creating prefix script '/home/yamashita/ros2_ws/install/local_setup.sh'
[53.625s] INFO:colcon.colcon_core.shell:Creating prefix util module '/home/yamashita/ros2_ws/install/_local_setup_util_sh.py'
[53.629s] INFO:colcon.colcon_core.shell:Creating prefix chain script '/home/yamashita/ros2_ws/install/setup.sh'
[53.787s] INFO:colcon.colcon_core.shell:Creating prefix script '/home/yamashita/ros2_ws/install/local_setup.bash'
[53.791s] INFO:colcon.colcon_core.shell:Creating prefix chain script '/home/yamashita/ros2_ws/install/setup.bash'
[53.950s] INFO:colcon.colcon_core.shell:Creating prefix script '/home/yamashita/ros2_ws/install/local_setup.zsh'
[53.954s] INFO:colcon.colcon_core.shell:Creating prefix chain script '/home/yamashita/ros2_ws/install/setup.zsh'
