[8.635s] Invoking command in '/home/yamashita/ros2_ws/src/mypkg': PYTHONPATH=/home/yamashita/ros2_ws/build/mypkg/prefix_override:/home/yamashita/ros2_ws/install/mypkg/lib/python3.10/site-packages:${PYTHONPATH} /usr/bin/python3 setup.py egg_info --egg-base ../../build/mypkg build --build-base /home/yamashita/ros2_ws/build/mypkg/build install --record /home/yamashita/ros2_ws/build/mypkg/install.log --single-version-externally-managed
[11.036s] running egg_info
[11.041s] writing ../../build/mypkg/mypkg.egg-info/PKG-INFO
[11.043s] writing dependency_links to ../../build/mypkg/mypkg.egg-info/dependency_links.txt
[11.045s] writing entry points to ../../build/mypkg/mypkg.egg-info/entry_points.txt
[11.046s] writing requirements to ../../build/mypkg/mypkg.egg-info/requires.txt
[11.048s] writing top-level names to ../../build/mypkg/mypkg.egg-info/top_level.txt
[11.064s] reading manifest file '../../build/mypkg/mypkg.egg-info/SOURCES.txt'
[11.071s] writing manifest file '../../build/mypkg/mypkg.egg-info/SOURCES.txt'
[11.072s] running build
[11.073s] running build_py
[11.076s] running install
[11.077s] /usr/lib/python3/dist-packages/setuptools/command/install.py:34: SetuptoolsDeprecationWarning: setup.py install is deprecated. Use build and pip and other standards-based tools.
[11.078s]   warnings.warn(
[11.080s] running install_lib
[11.090s] running install_data
[11.095s] running install_egg_info
[11.108s] removing '/home/yamashita/ros2_ws/install/mypkg/lib/python3.10/site-packages/mypkg-0.0.0-py3.10.egg-info' (and everything under it)
[11.111s] Copying ../../build/mypkg/mypkg.egg-info to /home/yamashita/ros2_ws/install/mypkg/lib/python3.10/site-packages/mypkg-0.0.0-py3.10.egg-info
[11.121s] running install_scripts
[11.280s] Installing listener script to /home/yamashita/ros2_ws/install/mypkg/lib/mypkg
[11.281s] Installing talker script to /home/yamashita/ros2_ws/install/mypkg/lib/mypkg
[11.284s] writing list of installed files to '/home/yamashita/ros2_ws/build/mypkg/install.log'
