[8.582s] Invoking command in '/home/yamashita/ros2_ws/src/mypkg': PYTHONPATH=/home/yamashita/ros2_ws/build/mypkg/prefix_override:/home/yamashita/ros2_ws/install/mypkg/lib/python3.10/site-packages:${PYTHONPATH} /usr/bin/python3 setup.py egg_info --egg-base ../../build/mypkg build --build-base /home/yamashita/ros2_ws/build/mypkg/build install --record /home/yamashita/ros2_ws/build/mypkg/install.log --single-version-externally-managed
[11.361s] running egg_info
[11.367s] writing ../../build/mypkg/mypkg.egg-info/PKG-INFO
[11.370s] writing dependency_links to ../../build/mypkg/mypkg.egg-info/dependency_links.txt
[11.372s] writing entry points to ../../build/mypkg/mypkg.egg-info/entry_points.txt
[11.374s] writing requirements to ../../build/mypkg/mypkg.egg-info/requires.txt
[11.376s] writing top-level names to ../../build/mypkg/mypkg.egg-info/top_level.txt
[11.393s] reading manifest file '../../build/mypkg/mypkg.egg-info/SOURCES.txt'
[11.401s] writing manifest file '../../build/mypkg/mypkg.egg-info/SOURCES.txt'
[11.403s] running build
[11.404s] running build_py
[11.408s] running install
[11.409s] /usr/lib/python3/dist-packages/setuptools/command/install.py:34: SetuptoolsDeprecationWarning: setup.py install is deprecated. Use build and pip and other standards-based tools.
[11.410s]   warnings.warn(
[11.411s] running install_lib
[11.422s] running install_data
[11.428s] running install_egg_info
[11.443s] removing '/home/yamashita/ros2_ws/install/mypkg/lib/python3.10/site-packages/mypkg-0.0.0-py3.10.egg-info' (and everything under it)
[11.447s] Copying ../../build/mypkg/mypkg.egg-info to /home/yamashita/ros2_ws/install/mypkg/lib/python3.10/site-packages/mypkg-0.0.0-py3.10.egg-info
[11.460s] running install_scripts
[11.652s] Installing listener script to /home/yamashita/ros2_ws/install/mypkg/lib/mypkg
[11.655s] Installing talker script to /home/yamashita/ros2_ws/install/mypkg/lib/mypkg
[11.659s] writing list of installed files to '/home/yamashita/ros2_ws/build/mypkg/install.log'
[11.918s] Invoked command in '/home/yamashita/ros2_ws/src/mypkg' returned '0': PYTHONPATH=/home/yamashita/ros2_ws/build/mypkg/prefix_override:/home/yamashita/ros2_ws/install/mypkg/lib/python3.10/site-packages:${PYTHONPATH} /usr/bin/python3 setup.py egg_info --egg-base ../../build/mypkg build --build-base /home/yamashita/ros2_ws/build/mypkg/build install --record /home/yamashita/ros2_ws/build/mypkg/install.log --single-version-externally-managed
