[10.417s] DEBUG:colcon:Command line arguments: ['/usr/bin/colcon', 'build']
[10.418s] DEBUG:colcon:Parsed command line arguments: Namespace(log_base=None, log_level=None, verb_name='build', build_base='build', install_base='install', merge_install=False, symlink_install=False, test_result_base=None, continue_on_error=False, executor='parallel', parallel_workers=4, event_handlers=None, ignore_user_meta=False, metas=['./colcon.meta'], base_paths=['.'], packages_ignore=None, packages_ignore_regex=None, paths=None, packages_up_to=None, packages_up_to_regex=None, packages_above=None, packages_above_and_dependencies=None, packages_above_depth=None, packages_select_by_dep=None, packages_skip_by_dep=None, packages_skip_up_to=None, packages_select_build_failed=False, packages_skip_build_finished=False, packages_select_test_failures=False, packages_skip_test_passed=False, packages_select=None, packages_skip=None, packages_select_regex=None, packages_skip_regex=None, packages_start=None, packages_end=None, allow_overriding=[], cmake_args=None, cmake_target=None, cmake_target_skip_unavailable=False, cmake_clean_cache=False, cmake_clean_first=False, cmake_force_configure=False, ament_cmake_args=None, catkin_cmake_args=None, catkin_skip_building_tests=False, verb_parser=<colcon_defaults.argument_parser.defaults.DefaultArgumentsDecorator object at 0xffff91004b50>, verb_extension=<colcon_core.verb.build.BuildVerb object at 0xffff914eff10>, main=<bound method BuildVerb.main of <colcon_core.verb.build.BuildVerb object at 0xffff914eff10>>)
[10.877s] Level 1:colcon.colcon_core.package_discovery:discover_packages(colcon_meta) check parameters
[10.878s] Level 1:colcon.colcon_core.package_discovery:discover_packages(recursive) check parameters
[10.878s] Level 1:colcon.colcon_core.package_discovery:discover_packages(ignore) check parameters
[10.878s] Level 1:colcon.colcon_core.package_discovery:discover_packages(path) check parameters
[10.878s] Level 1:colcon.colcon_core.package_discovery:discover_packages(colcon_meta) discover
[10.879s] Level 1:colcon.colcon_core.package_discovery:discover_packages(recursive) discover
[10.879s] INFO:colcon.colcon_core.package_discovery:Crawling recursively for packages in '/home/yamashita/ros2_ws'
[10.880s] Level 1:colcon.colcon_core.package_identification:_identify(.) by extensions ['ignore', 'ignore_ament_install']
[10.881s] Level 1:colcon.colcon_core.package_identification:_identify(.) by extension 'ignore'
[10.881s] Level 1:colcon.colcon_core.package_identification:_identify(.) by extension 'ignore_ament_install'
[10.882s] Level 1:colcon.colcon_core.package_identification:_identify(.) by extensions ['colcon_pkg']
[10.882s] Level 1:colcon.colcon_core.package_identification:_identify(.) by extension 'colcon_pkg'
[10.882s] Level 1:colcon.colcon_core.package_identification:_identify(.) by extensions ['colcon_meta']
[10.883s] Level 1:colcon.colcon_core.package_identification:_identify(.) by extension 'colcon_meta'
[10.883s] Level 1:colcon.colcon_core.package_identification:_identify(.) by extensions ['ros']
[10.883s] Level 1:colcon.colcon_core.package_identification:_identify(.) by extension 'ros'
[10.974s] Level 1:colcon.colcon_core.package_identification:_identify(.) by extensions ['cmake', 'python']
[10.974s] Level 1:colcon.colcon_core.package_identification:_identify(.) by extension 'cmake'
[10.975s] Level 1:colcon.colcon_core.package_identification:_identify(.) by extension 'python'
[10.975s] Level 1:colcon.colcon_core.package_identification:_identify(.) by extensions ['python_setup_py']
[10.975s] Level 1:colcon.colcon_core.package_identification:_identify(.) by extension 'python_setup_py'
[10.976s] Level 1:colcon.colcon_core.package_identification:_identify(build) by extensions ['ignore', 'ignore_ament_install']
[10.977s] Level 1:colcon.colcon_core.package_identification:_identify(build) by extension 'ignore'
[10.978s] Level 1:colcon.colcon_core.package_identification:_identify(build) ignored
[10.979s] Level 1:colcon.colcon_core.package_identification:_identify(install) by extensions ['ignore', 'ignore_ament_install']
[10.980s] Level 1:colcon.colcon_core.package_identification:_identify(install) by extension 'ignore'
[10.980s] Level 1:colcon.colcon_core.package_identification:_identify(install) ignored
[10.981s] Level 1:colcon.colcon_core.package_identification:_identify(log) by extensions ['ignore', 'ignore_ament_install']
[10.982s] Level 1:colcon.colcon_core.package_identification:_identify(log) by extension 'ignore'
[10.983s] Level 1:colcon.colcon_core.package_identification:_identify(log) ignored
[10.983s] Level 1:colcon.colcon_core.package_identification:_identify(src) by extensions ['ignore', 'ignore_ament_install']
[10.984s] Level 1:colcon.colcon_core.package_identification:_identify(src) by extension 'ignore'
[10.984s] Level 1:colcon.colcon_core.package_identification:_identify(src) by extension 'ignore_ament_install'
[10.985s] Level 1:colcon.colcon_core.package_identification:_identify(src) by extensions ['colcon_pkg']
[10.985s] Level 1:colcon.colcon_core.package_identification:_identify(src) by extension 'colcon_pkg'
[10.986s] Level 1:colcon.colcon_core.package_identification:_identify(src) by extensions ['colcon_meta']
[10.986s] Level 1:colcon.colcon_core.package_identification:_identify(src) by extension 'colcon_meta'
[10.986s] Level 1:colcon.colcon_core.package_identification:_identify(src) by extensions ['ros']
[10.987s] Level 1:colcon.colcon_core.package_identification:_identify(src) by extension 'ros'
[10.987s] Level 1:colcon.colcon_core.package_identification:_identify(src) by extensions ['cmake', 'python']
[10.988s] Level 1:colcon.colcon_core.package_identification:_identify(src) by extension 'cmake'
[10.988s] Level 1:colcon.colcon_core.package_identification:_identify(src) by extension 'python'
[10.988s] Level 1:colcon.colcon_core.package_identification:_identify(src) by extensions ['python_setup_py']
[10.988s] Level 1:colcon.colcon_core.package_identification:_identify(src) by extension 'python_setup_py'
[10.989s] Level 1:colcon.colcon_core.package_identification:_identify(src/build) by extensions ['ignore', 'ignore_ament_install']
[10.990s] Level 1:colcon.colcon_core.package_identification:_identify(src/build) by extension 'ignore'
[10.991s] Level 1:colcon.colcon_core.package_identification:_identify(src/build) ignored
[10.992s] Level 1:colcon.colcon_core.package_identification:_identify(src/install) by extensions ['ignore', 'ignore_ament_install']
[10.992s] Level 1:colcon.colcon_core.package_identification:_identify(src/install) by extension 'ignore'
[10.993s] Level 1:colcon.colcon_core.package_identification:_identify(src/install) ignored
[10.994s] Level 1:colcon.colcon_core.package_identification:_identify(src/log) by extensions ['ignore', 'ignore_ament_install']
[10.995s] Level 1:colcon.colcon_core.package_identification:_identify(src/log) by extension 'ignore'
[10.995s] Level 1:colcon.colcon_core.package_identification:_identify(src/log) ignored
[10.996s] Level 1:colcon.colcon_core.package_identification:_identify(src/mypkg) by extensions ['ignore', 'ignore_ament_install']
[10.997s] Level 1:colcon.colcon_core.package_identification:_identify(src/mypkg) by extension 'ignore'
[10.997s] Level 1:colcon.colcon_core.package_identification:_identify(src/mypkg) by extension 'ignore_ament_install'
[10.998s] Level 1:colcon.colcon_core.package_identification:_identify(src/mypkg) by extensions ['colcon_pkg']
[10.998s] Level 1:colcon.colcon_core.package_identification:_identify(src/mypkg) by extension 'colcon_pkg'
[10.998s] Level 1:colcon.colcon_core.package_identification:_identify(src/mypkg) by extensions ['colcon_meta']
[10.999s] Level 1:colcon.colcon_core.package_identification:_identify(src/mypkg) by extension 'colcon_meta'
[10.999s] Level 1:colcon.colcon_core.package_identification:_identify(src/mypkg) by extensions ['ros']
[10.999s] Level 1:colcon.colcon_core.package_identification:_identify(src/mypkg) by extension 'ros'
[11.023s] DEBUG:colcon.colcon_core.package_identification:Package 'src/mypkg' with type 'ros.ament_python' and name 'mypkg'
[11.024s] Level 1:colcon.colcon_core.package_identification:_identify(src/person_msgs) by extensions ['ignore', 'ignore_ament_install']
[11.025s] Level 1:colcon.colcon_core.package_identification:_identify(src/person_msgs) by extension 'ignore'
[11.026s] Level 1:colcon.colcon_core.package_identification:_identify(src/person_msgs) by extension 'ignore_ament_install'
[11.026s] Level 1:colcon.colcon_core.package_identification:_identify(src/person_msgs) by extensions ['colcon_pkg']
[11.027s] Level 1:colcon.colcon_core.package_identification:_identify(src/person_msgs) by extension 'colcon_pkg'
[11.027s] Level 1:colcon.colcon_core.package_identification:_identify(src/person_msgs) by extensions ['colcon_meta']
[11.027s] Level 1:colcon.colcon_core.package_identification:_identify(src/person_msgs) by extension 'colcon_meta'
[11.028s] Level 1:colcon.colcon_core.package_identification:_identify(src/person_msgs) by extensions ['ros']
[11.028s] Level 1:colcon.colcon_core.package_identification:_identify(src/person_msgs) by extension 'ros'
[11.032s] DEBUG:colcon.colcon_core.package_identification:Package 'src/person_msgs' with type 'ros.ament_cmake' and name 'person_msgs'
[11.032s] Level 1:colcon.colcon_core.package_discovery:discover_packages(recursive) using defaults
[11.033s] Level 1:colcon.colcon_core.package_discovery:discover_packages(ignore) discover
[11.033s] Level 1:colcon.colcon_core.package_discovery:discover_packages(ignore) using defaults
[11.033s] Level 1:colcon.colcon_core.package_discovery:discover_packages(path) discover
[11.034s] Level 1:colcon.colcon_core.package_discovery:discover_packages(path) using defaults
[11.931s] Level 1:colcon.colcon_core.package_discovery:discover_packages(prefix_path) check parameters
[11.932s] Level 1:colcon.colcon_core.package_discovery:discover_packages(prefix_path) discover
[12.244s] DEBUG:colcon.colcon_installed_package_information.package_discovery:Found 2 installed packages in /home/yamashita/ros2_ws/install
[12.411s] DEBUG:colcon.colcon_installed_package_information.package_discovery:Found 283 installed packages in /opt/ros/humble
[12.501s] Level 1:colcon.colcon_core.package_discovery:discover_packages(prefix_path) using defaults
[13.458s] Level 5:colcon.colcon_core.verb:set package 'mypkg' build argument 'cmake_args' from command line to 'None'
[13.458s] Level 5:colcon.colcon_core.verb:set package 'mypkg' build argument 'cmake_target' from command line to 'None'
[13.459s] Level 5:colcon.colcon_core.verb:set package 'mypkg' build argument 'cmake_target_skip_unavailable' from command line to 'False'
[13.459s] Level 5:colcon.colcon_core.verb:set package 'mypkg' build argument 'cmake_clean_cache' from command line to 'False'
[13.459s] Level 5:colcon.colcon_core.verb:set package 'mypkg' build argument 'cmake_clean_first' from command line to 'False'
[13.459s] Level 5:colcon.colcon_core.verb:set package 'mypkg' build argument 'cmake_force_configure' from command line to 'False'
[13.459s] Level 5:colcon.colcon_core.verb:set package 'mypkg' build argument 'ament_cmake_args' from command line to 'None'
[13.460s] Level 5:colcon.colcon_core.verb:set package 'mypkg' build argument 'catkin_cmake_args' from command line to 'None'
[13.460s] Level 5:colcon.colcon_core.verb:set package 'mypkg' build argument 'catkin_skip_building_tests' from command line to 'False'
[13.460s] DEBUG:colcon.colcon_core.verb:Building package 'mypkg' with the following arguments: {'ament_cmake_args': None, 'build_base': '/home/yamashita/ros2_ws/build/mypkg', 'catkin_cmake_args': None, 'catkin_skip_building_tests': False, 'cmake_args': None, 'cmake_clean_cache': False, 'cmake_clean_first': False, 'cmake_force_configure': False, 'cmake_target': None, 'cmake_target_skip_unavailable': False, 'install_base': '/home/yamashita/ros2_ws/install/mypkg', 'merge_install': False, 'path': '/home/yamashita/ros2_ws/src/mypkg', 'symlink_install': False, 'test_result_base': None}
[13.611s] Level 5:colcon.colcon_core.verb:set package 'person_msgs' build argument 'cmake_args' from command line to 'None'
[13.611s] Level 5:colcon.colcon_core.verb:set package 'person_msgs' build argument 'cmake_target' from command line to 'None'
[13.612s] Level 5:colcon.colcon_core.verb:set package 'person_msgs' build argument 'cmake_target_skip_unavailable' from command line to 'False'
[13.612s] Level 5:colcon.colcon_core.verb:set package 'person_msgs' build argument 'cmake_clean_cache' from command line to 'False'
[13.612s] Level 5:colcon.colcon_core.verb:set package 'person_msgs' build argument 'cmake_clean_first' from command line to 'False'
[13.612s] Level 5:colcon.colcon_core.verb:set package 'person_msgs' build argument 'cmake_force_configure' from command line to 'False'
[13.612s] Level 5:colcon.colcon_core.verb:set package 'person_msgs' build argument 'ament_cmake_args' from command line to 'None'
[13.613s] Level 5:colcon.colcon_core.verb:set package 'person_msgs' build argument 'catkin_cmake_args' from command line to 'None'
[13.613s] Level 5:colcon.colcon_core.verb:set package 'person_msgs' build argument 'catkin_skip_building_tests' from command line to 'False'
[13.613s] DEBUG:colcon.colcon_core.verb:Building package 'person_msgs' with the following arguments: {'ament_cmake_args': None, 'build_base': '/home/yamashita/ros2_ws/build/person_msgs', 'catkin_cmake_args': None, 'catkin_skip_building_tests': False, 'cmake_args': None, 'cmake_clean_cache': False, 'cmake_clean_first': False, 'cmake_force_configure': False, 'cmake_target': None, 'cmake_target_skip_unavailable': False, 'install_base': '/home/yamashita/ros2_ws/install/person_msgs', 'merge_install': False, 'path': '/home/yamashita/ros2_ws/src/person_msgs', 'symlink_install': False, 'test_result_base': None}
[13.762s] INFO:colcon.colcon_core.executor:Executing jobs using 'parallel' executor
[13.917s] DEBUG:colcon.colcon_parallel_executor.executor.parallel:run_until_complete
[13.918s] INFO:colcon.colcon_ros.task.ament_python.build:Building ROS package in '/home/yamashita/ros2_ws/src/mypkg' with build type 'ament_python'
[13.920s] Level 1:colcon.colcon_core.shell:create_environment_hook('mypkg', 'ament_prefix_path')
[14.093s] INFO:colcon.colcon_core.plugin_system:Skipping extension 'colcon_core.shell.bat': Not used on non-Windows systems
[14.095s] INFO:colcon.colcon_core.shell:Creating environment hook '/home/yamashita/ros2_ws/install/mypkg/share/mypkg/hook/ament_prefix_path.ps1'
[14.100s] INFO:colcon.colcon_core.shell:Creating environment descriptor '/home/yamashita/ros2_ws/install/mypkg/share/mypkg/hook/ament_prefix_path.dsv'
[14.104s] INFO:colcon.colcon_core.shell:Creating environment hook '/home/yamashita/ros2_ws/install/mypkg/share/mypkg/hook/ament_prefix_path.sh'
[14.264s] INFO:colcon.colcon_core.shell:Skip shell extension 'powershell' for command environment: Not usable outside of PowerShell
[14.265s] DEBUG:colcon.colcon_core.shell:Skip shell extension 'dsv' for command environment
[14.758s] INFO:colcon.colcon_ros.task.ament_cmake.build:Building ROS package in '/home/yamashita/ros2_ws/src/person_msgs' with build type 'ament_cmake'
[14.759s] INFO:colcon.colcon_cmake.task.cmake.build:Building CMake package in '/home/yamashita/ros2_ws/src/person_msgs'
[14.919s] INFO:colcon.colcon_core.shell:Skip shell extension 'powershell' for command environment: Not usable outside of PowerShell
[14.920s] DEBUG:colcon.colcon_core.shell:Skip shell extension 'dsv' for command environment
[17.948s] INFO:colcon.colcon_core.task.python.build:Building Python package in '/home/yamashita/ros2_ws/src/mypkg'
[18.106s] INFO:colcon.colcon_core.shell:Skip shell extension 'powershell' for command environment: Not usable outside of PowerShell
[18.106s] DEBUG:colcon.colcon_core.shell:Skip shell extension 'dsv' for command environment
[18.625s] DEBUG:colcon.colcon_core.event_handler.log_command:Invoking command in '/home/yamashita/ros2_ws/build/person_msgs': CMAKE_PREFIX_PATH=${CMAKE_PREFIX_PATH}:/home/yamashita/ros2_ws/install/mypkg:/opt/ros/humble /usr/bin/cmake --build /home/yamashita/ros2_ws/build/person_msgs -- -j4 -l4
[22.738s] DEBUG:colcon.colcon_core.event_handler.log_command:Invoked command in '/home/yamashita/ros2_ws/build/person_msgs' returned '0': CMAKE_PREFIX_PATH=${CMAKE_PREFIX_PATH}:/home/yamashita/ros2_ws/install/mypkg:/opt/ros/humble /usr/bin/cmake --build /home/yamashita/ros2_ws/build/person_msgs -- -j4 -l4
[22.808s] DEBUG:colcon.colcon_core.event_handler.log_command:Invoking command in '/home/yamashita/ros2_ws/src/mypkg': PYTHONPATH=/home/yamashita/ros2_ws/build/mypkg/prefix_override:/home/yamashita/ros2_ws/install/mypkg/lib/python3.10/site-packages:${PYTHONPATH} /usr/bin/python3 setup.py egg_info --egg-base ../../build/mypkg build --build-base /home/yamashita/ros2_ws/build/mypkg/build install --record /home/yamashita/ros2_ws/build/mypkg/install.log --single-version-externally-managed
[23.377s] DEBUG:colcon.colcon_core.event_handler.log_command:Invoking command in '/home/yamashita/ros2_ws/build/person_msgs': CMAKE_PREFIX_PATH=${CMAKE_PREFIX_PATH}:/home/yamashita/ros2_ws/install/mypkg:/opt/ros/humble /usr/bin/cmake --install /home/yamashita/ros2_ws/build/person_msgs
[23.953s] Level 1:colcon.colcon_core.environment:create_environment_scripts_only(person_msgs)
[23.957s] DEBUG:colcon.colcon_core.event_handler.log_command:Invoked command in '/home/yamashita/ros2_ws/build/person_msgs' returned '0': CMAKE_PREFIX_PATH=${CMAKE_PREFIX_PATH}:/home/yamashita/ros2_ws/install/mypkg:/opt/ros/humble /usr/bin/cmake --install /home/yamashita/ros2_ws/build/person_msgs
[24.172s] Level 1:colcon.colcon_core.environment:checking '/home/yamashita/ros2_ws/install/person_msgs' for CMake module files
[24.180s] Level 1:colcon.colcon_core.environment:checking '/home/yamashita/ros2_ws/install/person_msgs' for CMake config files
[24.189s] Level 1:colcon.colcon_core.shell:create_environment_hook('person_msgs', 'cmake_prefix_path')
[24.394s] INFO:colcon.colcon_core.shell:Creating environment hook '/home/yamashita/ros2_ws/install/person_msgs/share/person_msgs/hook/cmake_prefix_path.ps1'
[24.398s] INFO:colcon.colcon_core.shell:Creating environment descriptor '/home/yamashita/ros2_ws/install/person_msgs/share/person_msgs/hook/cmake_prefix_path.dsv'
[24.401s] INFO:colcon.colcon_core.shell:Creating environment hook '/home/yamashita/ros2_ws/install/person_msgs/share/person_msgs/hook/cmake_prefix_path.sh'
[24.407s] Level 1:colcon.colcon_core.environment:checking '/home/yamashita/ros2_ws/install/person_msgs/lib'
[24.409s] Level 1:colcon.colcon_core.shell:create_environment_hook('person_msgs', 'ld_library_path_lib')
[24.605s] INFO:colcon.colcon_core.shell:Creating environment hook '/home/yamashita/ros2_ws/install/person_msgs/share/person_msgs/hook/ld_library_path_lib.ps1'
[24.609s] INFO:colcon.colcon_core.shell:Creating environment descriptor '/home/yamashita/ros2_ws/install/person_msgs/share/person_msgs/hook/ld_library_path_lib.dsv'
[24.612s] INFO:colcon.colcon_core.shell:Creating environment hook '/home/yamashita/ros2_ws/install/person_msgs/share/person_msgs/hook/ld_library_path_lib.sh'
[24.616s] Level 1:colcon.colcon_core.environment:checking '/home/yamashita/ros2_ws/install/person_msgs/bin'
[24.617s] Level 1:colcon.colcon_core.environment:checking '/home/yamashita/ros2_ws/install/person_msgs/lib/pkgconfig/person_msgs.pc'
[24.620s] Level 1:colcon.colcon_core.environment:checking '/home/yamashita/ros2_ws/install/person_msgs/lib/python3.10/site-packages'
[24.622s] Level 1:colcon.colcon_core.environment:checking '/home/yamashita/ros2_ws/install/person_msgs/bin'
[24.822s] INFO:colcon.colcon_core.shell:Creating package script '/home/yamashita/ros2_ws/install/person_msgs/share/person_msgs/package.ps1'
[24.830s] INFO:colcon.colcon_core.shell:Creating package descriptor '/home/yamashita/ros2_ws/install/person_msgs/share/person_msgs/package.dsv'
[24.835s] INFO:colcon.colcon_core.shell:Creating package script '/home/yamashita/ros2_ws/install/person_msgs/share/person_msgs/package.sh'
[24.842s] INFO:colcon.colcon_core.shell:Creating package script '/home/yamashita/ros2_ws/install/person_msgs/share/person_msgs/package.bash'
[24.849s] INFO:colcon.colcon_core.shell:Creating package script '/home/yamashita/ros2_ws/install/person_msgs/share/person_msgs/package.zsh'
[24.855s] Level 1:colcon.colcon_core.environment:create_file_with_runtime_dependencies(/home/yamashita/ros2_ws/install/person_msgs/share/colcon-core/packages/person_msgs)
[25.661s] Level 1:colcon.colcon_core.environment:create_environment_scripts_only(person_msgs)
[25.892s] Level 1:colcon.colcon_core.environment:checking '/home/yamashita/ros2_ws/install/person_msgs' for CMake module files
[25.900s] Level 1:colcon.colcon_core.environment:checking '/home/yamashita/ros2_ws/install/person_msgs' for CMake config files
[25.910s] Level 1:colcon.colcon_core.shell:create_environment_hook('person_msgs', 'cmake_prefix_path')
[26.140s] INFO:colcon.colcon_core.shell:Creating environment hook '/home/yamashita/ros2_ws/install/person_msgs/share/person_msgs/hook/cmake_prefix_path.ps1'
[26.144s] INFO:colcon.colcon_core.shell:Creating environment descriptor '/home/yamashita/ros2_ws/install/person_msgs/share/person_msgs/hook/cmake_prefix_path.dsv'
[26.147s] INFO:colcon.colcon_core.shell:Creating environment hook '/home/yamashita/ros2_ws/install/person_msgs/share/person_msgs/hook/cmake_prefix_path.sh'
[26.152s] Level 1:colcon.colcon_core.environment:checking '/home/yamashita/ros2_ws/install/person_msgs/lib'
[26.153s] Level 1:colcon.colcon_core.shell:create_environment_hook('person_msgs', 'ld_library_path_lib')
[26.308s] INFO:colcon.colcon_core.shell:Creating environment hook '/home/yamashita/ros2_ws/install/person_msgs/share/person_msgs/hook/ld_library_path_lib.ps1'
[26.312s] INFO:colcon.colcon_core.shell:Creating environment descriptor '/home/yamashita/ros2_ws/install/person_msgs/share/person_msgs/hook/ld_library_path_lib.dsv'
[26.315s] INFO:colcon.colcon_core.shell:Creating environment hook '/home/yamashita/ros2_ws/install/person_msgs/share/person_msgs/hook/ld_library_path_lib.sh'
[26.319s] Level 1:colcon.colcon_core.environment:checking '/home/yamashita/ros2_ws/install/person_msgs/bin'
[26.319s] Level 1:colcon.colcon_core.environment:checking '/home/yamashita/ros2_ws/install/person_msgs/lib/pkgconfig/person_msgs.pc'
[26.321s] Level 1:colcon.colcon_core.environment:checking '/home/yamashita/ros2_ws/install/person_msgs/lib/python3.10/site-packages'
[26.323s] Level 1:colcon.colcon_core.environment:checking '/home/yamashita/ros2_ws/install/person_msgs/bin'
[26.478s] INFO:colcon.colcon_core.shell:Creating package script '/home/yamashita/ros2_ws/install/person_msgs/share/person_msgs/package.ps1'
[26.483s] INFO:colcon.colcon_core.shell:Creating package descriptor '/home/yamashita/ros2_ws/install/person_msgs/share/person_msgs/package.dsv'
[26.487s] INFO:colcon.colcon_core.shell:Creating package script '/home/yamashita/ros2_ws/install/person_msgs/share/person_msgs/package.sh'
[26.492s] INFO:colcon.colcon_core.shell:Creating package script '/home/yamashita/ros2_ws/install/person_msgs/share/person_msgs/package.bash'
[26.496s] INFO:colcon.colcon_core.shell:Creating package script '/home/yamashita/ros2_ws/install/person_msgs/share/person_msgs/package.zsh'
[26.500s] Level 1:colcon.colcon_core.environment:create_file_with_runtime_dependencies(/home/yamashita/ros2_ws/install/person_msgs/share/colcon-core/packages/person_msgs)
[26.512s] DEBUG:colcon.colcon_core.event_handler.log_command:Invoked command in '/home/yamashita/ros2_ws/src/mypkg' returned '0': PYTHONPATH=/home/yamashita/ros2_ws/build/mypkg/prefix_override:/home/yamashita/ros2_ws/install/mypkg/lib/python3.10/site-packages:${PYTHONPATH} /usr/bin/python3 setup.py egg_info --egg-base ../../build/mypkg build --build-base /home/yamashita/ros2_ws/build/mypkg/build install --record /home/yamashita/ros2_ws/build/mypkg/install.log --single-version-externally-managed
[26.665s] Level 1:colcon.colcon_core.environment:checking '/home/yamashita/ros2_ws/install/mypkg' for CMake module files
[26.669s] Level 1:colcon.colcon_core.environment:checking '/home/yamashita/ros2_ws/install/mypkg' for CMake config files
[26.675s] Level 1:colcon.colcon_core.environment:checking '/home/yamashita/ros2_ws/install/mypkg/lib'
[26.676s] Level 1:colcon.colcon_core.environment:checking '/home/yamashita/ros2_ws/install/mypkg/bin'
[26.676s] Level 1:colcon.colcon_core.environment:checking '/home/yamashita/ros2_ws/install/mypkg/lib/pkgconfig/mypkg.pc'
[26.679s] Level 1:colcon.colcon_core.environment:checking '/home/yamashita/ros2_ws/install/mypkg/lib/python3.10/site-packages'
[26.679s] Level 1:colcon.colcon_core.shell:create_environment_hook('mypkg', 'pythonpath')
[26.835s] INFO:colcon.colcon_core.shell:Creating environment hook '/home/yamashita/ros2_ws/install/mypkg/share/mypkg/hook/pythonpath.ps1'
[26.838s] INFO:colcon.colcon_core.shell:Creating environment descriptor '/home/yamashita/ros2_ws/install/mypkg/share/mypkg/hook/pythonpath.dsv'
[26.841s] INFO:colcon.colcon_core.shell:Creating environment hook '/home/yamashita/ros2_ws/install/mypkg/share/mypkg/hook/pythonpath.sh'
[26.846s] Level 1:colcon.colcon_core.environment:checking '/home/yamashita/ros2_ws/install/mypkg/bin'
[26.847s] Level 1:colcon.colcon_core.environment:create_environment_scripts_only(mypkg)
[27.001s] INFO:colcon.colcon_core.shell:Creating package script '/home/yamashita/ros2_ws/install/mypkg/share/mypkg/package.ps1'
[27.006s] INFO:colcon.colcon_core.shell:Creating package descriptor '/home/yamashita/ros2_ws/install/mypkg/share/mypkg/package.dsv'
[27.010s] INFO:colcon.colcon_core.shell:Creating package script '/home/yamashita/ros2_ws/install/mypkg/share/mypkg/package.sh'
[27.014s] INFO:colcon.colcon_core.shell:Creating package script '/home/yamashita/ros2_ws/install/mypkg/share/mypkg/package.bash'
[27.018s] INFO:colcon.colcon_core.shell:Creating package script '/home/yamashita/ros2_ws/install/mypkg/share/mypkg/package.zsh'
[27.021s] Level 1:colcon.colcon_core.environment:create_file_with_runtime_dependencies(/home/yamashita/ros2_ws/install/mypkg/share/colcon-core/packages/mypkg)
[27.023s] DEBUG:colcon.colcon_parallel_executor.executor.parallel:closing loop
[27.025s] DEBUG:colcon.colcon_parallel_executor.executor.parallel:loop closed
[27.026s] DEBUG:colcon.colcon_parallel_executor.executor.parallel:run_until_complete finished with '0'
[27.027s] DEBUG:colcon.colcon_core.event_reactor:joining thread
[27.219s] INFO:colcon.colcon_core.plugin_system:Skipping extension 'colcon_notification.desktop_notification.notify_send': Could not find 'notify-send'
[27.220s] INFO:colcon.colcon_core.plugin_system:Skipping extension 'colcon_notification.desktop_notification.terminal_notifier': Not used on non-Darwin systems
[27.221s] INFO:colcon.colcon_core.plugin_system:Skipping extension 'colcon_notification.desktop_notification.win32': Not used on non-Windows systems
[27.221s] INFO:colcon.colcon_notification.desktop_notification:Sending desktop notification using 'notify2'
[27.227s] DEBUG:colcon.colcon_notification.desktop_notification.notify2:Failed to initialize notify2: org.freedesktop.DBus.Error.ServiceUnknown: The name org.freedesktop.Notifications was not provided by any .service files
[27.227s] DEBUG:colcon.colcon_core.event_reactor:joined thread
[27.380s] INFO:colcon.colcon_core.shell:Creating prefix script '/home/yamashita/ros2_ws/install/local_setup.ps1'
[27.387s] INFO:colcon.colcon_core.shell:Creating prefix util module '/home/yamashita/ros2_ws/install/_local_setup_util_ps1.py'
[27.399s] INFO:colcon.colcon_core.shell:Creating prefix chain script '/home/yamashita/ros2_ws/install/setup.ps1'
[27.556s] INFO:colcon.colcon_core.shell:Creating prefix script '/home/yamashita/ros2_ws/install/local_setup.sh'
[27.561s] INFO:colcon.colcon_core.shell:Creating prefix util module '/home/yamashita/ros2_ws/install/_local_setup_util_sh.py'
[27.565s] INFO:colcon.colcon_core.shell:Creating prefix chain script '/home/yamashita/ros2_ws/install/setup.sh'
[27.723s] INFO:colcon.colcon_core.shell:Creating prefix script '/home/yamashita/ros2_ws/install/local_setup.bash'
[27.727s] INFO:colcon.colcon_core.shell:Creating prefix chain script '/home/yamashita/ros2_ws/install/setup.bash'
[27.887s] INFO:colcon.colcon_core.shell:Creating prefix script '/home/yamashita/ros2_ws/install/local_setup.zsh'
[27.891s] INFO:colcon.colcon_core.shell:Creating prefix chain script '/home/yamashita/ros2_ws/install/setup.zsh'
