[0.000000] (-) TimerEvent: {}
[0.002178] (mypkg) JobQueued: {'identifier': 'mypkg', 'dependencies': OrderedDict()}
[0.003127] (mypkg) JobStarted: {'identifier': 'mypkg'}
[0.096160] (-) TimerEvent: {}
[0.198093] (-) TimerEvent: {}
[0.299329] (-) TimerEvent: {}
[0.401399] (-) TimerEvent: {}
[0.502788] (-) TimerEvent: {}
[0.604399] (-) TimerEvent: {}
[0.705818] (-) TimerEvent: {}
[0.807644] (-) TimerEvent: {}
[0.908860] (-) TimerEvent: {}
[1.009943] (-) TimerEvent: {}
[1.111054] (-) TimerEvent: {}
[1.212157] (-) TimerEvent: {}
[1.313261] (-) TimerEvent: {}
[1.414379] (-) TimerEvent: {}
[1.515474] (-) TimerEvent: {}
[1.616612] (-) TimerEvent: {}
[1.717799] (-) TimerEvent: {}
[1.819041] (-) TimerEvent: {}
[1.920242] (-) TimerEvent: {}
[2.021341] (-) TimerEvent: {}
[2.122520] (-) TimerEvent: {}
[2.223554] (-) TimerEvent: {}
[2.324596] (-) TimerEvent: {}
[2.425685] (-) TimerEvent: {}
[2.526862] (-) TimerEvent: {}
[2.627938] (-) TimerEvent: {}
[2.728997] (-) TimerEvent: {}
[2.830103] (-) TimerEvent: {}
[2.931182] (-) TimerEvent: {}
[3.032269] (-) TimerEvent: {}
[3.133411] (-) TimerEvent: {}
[3.234675] (-) TimerEvent: {}
[3.335920] (-) TimerEvent: {}
[3.411316] (mypkg) StderrLine: {'line': b'Traceback (most recent call last):\n  File "/usr/lib/python3/dist-packages/colcon_core/executor/__init__.py", line 91, in __call__\n    rc = await self.task(*args, **kwargs)\n  File "/usr/lib/python3/dist-packages/colcon_core/task/__init__.py", line 93, in __call__\n    return await task_method(*args, **kwargs)\n  File "/usr/lib/python3/dist-packages/colcon_ros/task/ament_python/build.py", line 51, in build\n    setup_py_data = get_setup_data(self.context.pkg, env)\n  File "/usr/lib/python3/dist-packages/colcon_core/task/python/__init__.py", line 20, in get_setup_data\n    return dict(pkg.metadata[key](env))\n  File "/usr/lib/python3/dist-packages/colcon_ros/package_augmentation/ros_ament_python.py", line 57, in getter\n    return get_setup_information(\n  File "/usr/lib/python3/dist-packages/colcon_python_setup_py/package_identification/python_setup_py.py", line 241, in get_setup_information\n    _setup_information_cache[hashable_env] = _get_setup_information(\n  File "/usr/lib/python3/dist-packages/colcon_python_setup_py/package_identification/python_setup_py.py", line 288, in _get_setup_information\n    result = subprocess.run(\n  File "/usr/lib/python3.10/subprocess.py", line 526, in run\n    raise CalledProcessError(retcode, process.args,\nsubprocess.CalledProcessError: Command \'[\'/usr/bin/python3\', \'-c\', \'import sys;from contextlib import suppress;exec("with suppress(ImportError):    from setuptools.extern.packaging.specifiers    import SpecifierSet");exec("with suppress(ImportError):    from packaging.specifiers import SpecifierSet");from distutils.core import run_setup;dist = run_setup(    \\\'setup.py\\\', script_args=(\\\'--dry-run\\\',), stop_after=\\\'config\\\');skip_keys = (\\\'cmdclass\\\', \\\'distclass\\\', \\\'ext_modules\\\', \\\'metadata\\\');data = {    key: value for key, value in dist.__dict__.items()     if (        not key.startswith(\\\'_\\\') and         not callable(value) and         key not in skip_keys and         key not in dist.display_option_names    )};data[\\\'metadata\\\'] = {    k: v for k, v in dist.metadata.__dict__.items()     if k not in (\\\'license_files\\\', \\\'provides_extras\\\')};sys.stdout.buffer.write(repr(data).encode(\\\'utf-8\\\'))\']\' returned non-zero exit status 1.\n'}
[3.415561] (mypkg) JobEnded: {'identifier': 'mypkg', 'rc': 1}
[3.424482] (-) EventReactorShutdown: {}
