[0.000000] (-) TimerEvent: {}
[0.002032] (mypkg) JobQueued: {'identifier': 'mypkg', 'dependencies': OrderedDict()}
[0.002485] (mypkg) JobStarted: {'identifier': 'mypkg'}
[0.096445] (-) TimerEvent: {}
[0.198482] (-) TimerEvent: {}
[0.299678] (-) TimerEvent: {}
[0.401537] (-) TimerEvent: {}
[0.503448] (-) TimerEvent: {}
[0.606969] (-) TimerEvent: {}
[0.708292] (-) TimerEvent: {}
[0.810142] (-) TimerEvent: {}
[0.911201] (-) TimerEvent: {}
[1.012266] (-) TimerEvent: {}
[1.113313] (-) TimerEvent: {}
[1.214428] (-) TimerEvent: {}
[1.315601] (-) TimerEvent: {}
[1.416650] (-) TimerEvent: {}
[1.517728] (-) TimerEvent: {}
[1.618823] (-) TimerEvent: {}
[1.719880] (-) TimerEvent: {}
[1.820933] (-) TimerEvent: {}
[1.922023] (-) TimerEvent: {}
[2.023090] (-) TimerEvent: {}
[2.124152] (-) TimerEvent: {}
[2.225215] (-) TimerEvent: {}
[2.326256] (-) TimerEvent: {}
[2.427402] (-) TimerEvent: {}
[2.528486] (-) TimerEvent: {}
[2.629563] (-) TimerEvent: {}
[2.730723] (-) TimerEvent: {}
[2.831786] (-) TimerEvent: {}
[2.932845] (-) TimerEvent: {}
[3.033974] (-) TimerEvent: {}
[3.135124] (-) TimerEvent: {}
[3.236236] (-) TimerEvent: {}
[3.337869] (-) TimerEvent: {}
[3.436681] (mypkg) StderrLine: {'line': b'Traceback (most recent call last):\n  File "/usr/lib/python3/dist-packages/colcon_core/executor/__init__.py", line 91, in __call__\n    rc = await self.task(*args, **kwargs)\n  File "/usr/lib/python3/dist-packages/colcon_core/task/__init__.py", line 93, in __call__\n    return await task_method(*args, **kwargs)\n  File "/usr/lib/python3/dist-packages/colcon_ros/task/ament_python/build.py", line 51, in build\n    setup_py_data = get_setup_data(self.context.pkg, env)\n  File "/usr/lib/python3/dist-packages/colcon_core/task/python/__init__.py", line 20, in get_setup_data\n    return dict(pkg.metadata[key](env))\n  File "/usr/lib/python3/dist-packages/colcon_ros/package_augmentation/ros_ament_python.py", line 57, in getter\n    return get_setup_information(\n  File "/usr/lib/python3/dist-packages/colcon_python_setup_py/package_identification/python_setup_py.py", line 241, in get_setup_information\n    _setup_information_cache[hashable_env] = _get_setup_information(\n  File "/usr/lib/python3/dist-packages/colcon_python_setup_py/package_identification/python_setup_py.py", line 288, in _get_setup_information\n    result = subprocess.run(\n  File "/usr/lib/python3.10/subprocess.py", line 526, in run\n    raise CalledProcessError(retcode, process.args,\nsubprocess.CalledProcessError: Command \'[\'/usr/bin/python3\', \'-c\', \'import sys;from contextlib import suppress;exec("with suppress(ImportError):    from setuptools.extern.packaging.specifiers    import SpecifierSet");exec("with suppress(ImportError):    from packaging.specifiers import SpecifierSet");from distutils.core import run_setup;dist = run_setup(    \\\'setup.py\\\', script_args=(\\\'--dry-run\\\',), stop_after=\\\'config\\\');skip_keys = (\\\'cmdclass\\\', \\\'distclass\\\', \\\'ext_modules\\\', \\\'metadata\\\');data = {    key: value for key, value in dist.__dict__.items()     if (        not key.startswith(\\\'_\\\') and         not callable(value) and         key not in skip_keys and         key not in dist.display_option_names    )};data[\\\'metadata\\\'] = {    k: v for k, v in dist.metadata.__dict__.items()     if k not in (\\\'license_files\\\', \\\'provides_extras\\\')};sys.stdout.buffer.write(repr(data).encode(\\\'utf-8\\\'))\']\' returned non-zero exit status 1.\n'}
[3.439656] (-) TimerEvent: {}
[3.440336] (mypkg) JobEnded: {'identifier': 'mypkg', 'rc': 1}
[3.449446] (-) EventReactorShutdown: {}
