[10.428s] DEBUG:colcon:Command line arguments: ['/usr/bin/colcon', 'build']
[10.428s] DEBUG:colcon:Parsed command line arguments: Namespace(log_base=None, log_level=None, verb_name='build', build_base='build', install_base='install', merge_install=False, symlink_install=False, test_result_base=None, continue_on_error=False, executor='parallel', parallel_workers=4, event_handlers=None, ignore_user_meta=False, metas=['./colcon.meta'], base_paths=['.'], packages_ignore=None, packages_ignore_regex=None, paths=None, packages_up_to=None, packages_up_to_regex=None, packages_above=None, packages_above_and_dependencies=None, packages_above_depth=None, packages_select_by_dep=None, packages_skip_by_dep=None, packages_skip_up_to=None, packages_select_build_failed=False, packages_skip_build_finished=False, packages_select_test_failures=False, packages_skip_test_passed=False, packages_select=None, packages_skip=None, packages_select_regex=None, packages_skip_regex=None, packages_start=None, packages_end=None, allow_overriding=[], cmake_args=None, cmake_target=None, cmake_target_skip_unavailable=False, cmake_clean_cache=False, cmake_clean_first=False, cmake_force_configure=False, ament_cmake_args=None, catkin_cmake_args=None, catkin_skip_building_tests=False, verb_parser=<colcon_defaults.argument_parser.defaults.DefaultArgumentsDecorator object at 0xffff82267700>, verb_extension=<colcon_core.verb.build.BuildVerb object at 0xffff827578e0>, main=<bound method BuildVerb.main of <colcon_core.verb.build.BuildVerb object at 0xffff827578e0>>)
[10.887s] Level 1:colcon.colcon_core.package_discovery:discover_packages(colcon_meta) check parameters
[10.887s] Level 1:colcon.colcon_core.package_discovery:discover_packages(recursive) check parameters
[10.888s] Level 1:colcon.colcon_core.package_discovery:discover_packages(ignore) check parameters
[10.888s] Level 1:colcon.colcon_core.package_discovery:discover_packages(path) check parameters
[10.888s] Level 1:colcon.colcon_core.package_discovery:discover_packages(colcon_meta) discover
[10.889s] Level 1:colcon.colcon_core.package_discovery:discover_packages(recursive) discover
[10.889s] INFO:colcon.colcon_core.package_discovery:Crawling recursively for packages in '/home/yamashita/ros2_ws'
[10.890s] Level 1:colcon.colcon_core.package_identification:_identify(.) by extensions ['ignore', 'ignore_ament_install']
[10.891s] Level 1:colcon.colcon_core.package_identification:_identify(.) by extension 'ignore'
[10.891s] Level 1:colcon.colcon_core.package_identification:_identify(.) by extension 'ignore_ament_install'
[10.891s] Level 1:colcon.colcon_core.package_identification:_identify(.) by extensions ['colcon_pkg']
[10.892s] Level 1:colcon.colcon_core.package_identification:_identify(.) by extension 'colcon_pkg'
[10.892s] Level 1:colcon.colcon_core.package_identification:_identify(.) by extensions ['colcon_meta']
[10.892s] Level 1:colcon.colcon_core.package_identification:_identify(.) by extension 'colcon_meta'
[10.893s] Level 1:colcon.colcon_core.package_identification:_identify(.) by extensions ['ros']
[10.893s] Level 1:colcon.colcon_core.package_identification:_identify(.) by extension 'ros'
[10.984s] Level 1:colcon.colcon_core.package_identification:_identify(.) by extensions ['cmake', 'python']
[10.985s] Level 1:colcon.colcon_core.package_identification:_identify(.) by extension 'cmake'
[10.985s] Level 1:colcon.colcon_core.package_identification:_identify(.) by extension 'python'
[10.986s] Level 1:colcon.colcon_core.package_identification:_identify(.) by extensions ['python_setup_py']
[10.986s] Level 1:colcon.colcon_core.package_identification:_identify(.) by extension 'python_setup_py'
[10.987s] Level 1:colcon.colcon_core.package_identification:_identify(build) by extensions ['ignore', 'ignore_ament_install']
[10.988s] Level 1:colcon.colcon_core.package_identification:_identify(build) by extension 'ignore'
[10.988s] Level 1:colcon.colcon_core.package_identification:_identify(build) ignored
[10.989s] Level 1:colcon.colcon_core.package_identification:_identify(install) by extensions ['ignore', 'ignore_ament_install']
[10.990s] Level 1:colcon.colcon_core.package_identification:_identify(install) by extension 'ignore'
[10.991s] Level 1:colcon.colcon_core.package_identification:_identify(install) ignored
[10.992s] Level 1:colcon.colcon_core.package_identification:_identify(log) by extensions ['ignore', 'ignore_ament_install']
[10.992s] Level 1:colcon.colcon_core.package_identification:_identify(log) by extension 'ignore'
[10.993s] Level 1:colcon.colcon_core.package_identification:_identify(log) ignored
[10.994s] Level 1:colcon.colcon_core.package_identification:_identify(src) by extensions ['ignore', 'ignore_ament_install']
[10.995s] Level 1:colcon.colcon_core.package_identification:_identify(src) by extension 'ignore'
[10.995s] Level 1:colcon.colcon_core.package_identification:_identify(src) by extension 'ignore_ament_install'
[10.996s] Level 1:colcon.colcon_core.package_identification:_identify(src) by extensions ['colcon_pkg']
[10.996s] Level 1:colcon.colcon_core.package_identification:_identify(src) by extension 'colcon_pkg'
[10.996s] Level 1:colcon.colcon_core.package_identification:_identify(src) by extensions ['colcon_meta']
[10.996s] Level 1:colcon.colcon_core.package_identification:_identify(src) by extension 'colcon_meta'
[10.997s] Level 1:colcon.colcon_core.package_identification:_identify(src) by extensions ['ros']
[10.997s] Level 1:colcon.colcon_core.package_identification:_identify(src) by extension 'ros'
[10.998s] Level 1:colcon.colcon_core.package_identification:_identify(src) by extensions ['cmake', 'python']
[10.998s] Level 1:colcon.colcon_core.package_identification:_identify(src) by extension 'cmake'
[10.998s] Level 1:colcon.colcon_core.package_identification:_identify(src) by extension 'python'
[10.999s] Level 1:colcon.colcon_core.package_identification:_identify(src) by extensions ['python_setup_py']
[10.999s] Level 1:colcon.colcon_core.package_identification:_identify(src) by extension 'python_setup_py'
[11.000s] Level 1:colcon.colcon_core.package_identification:_identify(src/build) by extensions ['ignore', 'ignore_ament_install']
[11.001s] Level 1:colcon.colcon_core.package_identification:_identify(src/build) by extension 'ignore'
[11.001s] Level 1:colcon.colcon_core.package_identification:_identify(src/build) ignored
[11.002s] Level 1:colcon.colcon_core.package_identification:_identify(src/install) by extensions ['ignore', 'ignore_ament_install']
[11.003s] Level 1:colcon.colcon_core.package_identification:_identify(src/install) by extension 'ignore'
[11.003s] Level 1:colcon.colcon_core.package_identification:_identify(src/install) ignored
[11.004s] Level 1:colcon.colcon_core.package_identification:_identify(src/log) by extensions ['ignore', 'ignore_ament_install']
[11.005s] Level 1:colcon.colcon_core.package_identification:_identify(src/log) by extension 'ignore'
[11.006s] Level 1:colcon.colcon_core.package_identification:_identify(src/log) ignored
[11.007s] Level 1:colcon.colcon_core.package_identification:_identify(src/mypkg) by extensions ['ignore', 'ignore_ament_install']
[11.007s] Level 1:colcon.colcon_core.package_identification:_identify(src/mypkg) by extension 'ignore'
[11.008s] Level 1:colcon.colcon_core.package_identification:_identify(src/mypkg) by extension 'ignore_ament_install'
[11.008s] Level 1:colcon.colcon_core.package_identification:_identify(src/mypkg) by extensions ['colcon_pkg']
[11.008s] Level 1:colcon.colcon_core.package_identification:_identify(src/mypkg) by extension 'colcon_pkg'
[11.009s] Level 1:colcon.colcon_core.package_identification:_identify(src/mypkg) by extensions ['colcon_meta']
[11.009s] Level 1:colcon.colcon_core.package_identification:_identify(src/mypkg) by extension 'colcon_meta'
[11.010s] Level 1:colcon.colcon_core.package_identification:_identify(src/mypkg) by extensions ['ros']
[11.010s] Level 1:colcon.colcon_core.package_identification:_identify(src/mypkg) by extension 'ros'
[11.034s] DEBUG:colcon.colcon_core.package_identification:Package 'src/mypkg' with type 'ros.ament_python' and name 'mypkg'
[11.035s] Level 1:colcon.colcon_core.package_identification:_identify(src/person_msgs) by extensions ['ignore', 'ignore_ament_install']
[11.036s] Level 1:colcon.colcon_core.package_identification:_identify(src/person_msgs) by extension 'ignore'
[11.037s] Level 1:colcon.colcon_core.package_identification:_identify(src/person_msgs) by extension 'ignore_ament_install'
[11.037s] Level 1:colcon.colcon_core.package_identification:_identify(src/person_msgs) by extensions ['colcon_pkg']
[11.037s] Level 1:colcon.colcon_core.package_identification:_identify(src/person_msgs) by extension 'colcon_pkg'
[11.038s] Level 1:colcon.colcon_core.package_identification:_identify(src/person_msgs) by extensions ['colcon_meta']
[11.038s] Level 1:colcon.colcon_core.package_identification:_identify(src/person_msgs) by extension 'colcon_meta'
[11.039s] Level 1:colcon.colcon_core.package_identification:_identify(src/person_msgs) by extensions ['ros']
[11.039s] Level 1:colcon.colcon_core.package_identification:_identify(src/person_msgs) by extension 'ros'
[11.043s] DEBUG:colcon.colcon_core.package_identification:Failed to parse potential ROS package manifest in'src/person_msgs': Error(s) in package 'src/person_msgs/package.xml':
The manifest contains invalid XML:
mismatched tag: line 22, column 2
[11.043s] Level 1:colcon.colcon_core.package_identification:_identify(src/person_msgs) by extensions ['cmake', 'python']
[11.044s] Level 1:colcon.colcon_core.package_identification:_identify(src/person_msgs) by extension 'cmake'
[11.054s] Level 1:colcon.colcon_core.package_identification:_identify(src/person_msgs) by extension 'python'
[11.055s] DEBUG:colcon.colcon_core.package_identification:Package 'src/person_msgs' with type 'cmake' and name 'person_msgs'
[11.055s] Level 1:colcon.colcon_core.package_discovery:discover_packages(recursive) using defaults
[11.056s] Level 1:colcon.colcon_core.package_discovery:discover_packages(ignore) discover
[11.056s] Level 1:colcon.colcon_core.package_discovery:discover_packages(ignore) using defaults
[11.056s] Level 1:colcon.colcon_core.package_discovery:discover_packages(path) discover
[11.056s] Level 1:colcon.colcon_core.package_discovery:discover_packages(path) using defaults
[11.954s] Level 1:colcon.colcon_core.package_discovery:discover_packages(prefix_path) check parameters
[11.955s] Level 1:colcon.colcon_core.package_discovery:discover_packages(prefix_path) discover
[12.267s] DEBUG:colcon.colcon_installed_package_information.package_discovery:Found 1 installed packages in /home/yamashita/ros2_ws/install
[12.433s] DEBUG:colcon.colcon_installed_package_information.package_discovery:Found 283 installed packages in /opt/ros/humble
[12.524s] Level 1:colcon.colcon_core.package_discovery:discover_packages(prefix_path) using defaults
[13.483s] Level 5:colcon.colcon_core.verb:set package 'mypkg' build argument 'cmake_args' from command line to 'None'
[13.483s] Level 5:colcon.colcon_core.verb:set package 'mypkg' build argument 'cmake_target' from command line to 'None'
[13.483s] Level 5:colcon.colcon_core.verb:set package 'mypkg' build argument 'cmake_target_skip_unavailable' from command line to 'False'
[13.484s] Level 5:colcon.colcon_core.verb:set package 'mypkg' build argument 'cmake_clean_cache' from command line to 'False'
[13.484s] Level 5:colcon.colcon_core.verb:set package 'mypkg' build argument 'cmake_clean_first' from command line to 'False'
[13.484s] Level 5:colcon.colcon_core.verb:set package 'mypkg' build argument 'cmake_force_configure' from command line to 'False'
[13.484s] Level 5:colcon.colcon_core.verb:set package 'mypkg' build argument 'ament_cmake_args' from command line to 'None'
[13.484s] Level 5:colcon.colcon_core.verb:set package 'mypkg' build argument 'catkin_cmake_args' from command line to 'None'
[13.485s] Level 5:colcon.colcon_core.verb:set package 'mypkg' build argument 'catkin_skip_building_tests' from command line to 'False'
[13.485s] DEBUG:colcon.colcon_core.verb:Building package 'mypkg' with the following arguments: {'ament_cmake_args': None, 'build_base': '/home/yamashita/ros2_ws/build/mypkg', 'catkin_cmake_args': None, 'catkin_skip_building_tests': False, 'cmake_args': None, 'cmake_clean_cache': False, 'cmake_clean_first': False, 'cmake_force_configure': False, 'cmake_target': None, 'cmake_target_skip_unavailable': False, 'install_base': '/home/yamashita/ros2_ws/install/mypkg', 'merge_install': False, 'path': '/home/yamashita/ros2_ws/src/mypkg', 'symlink_install': False, 'test_result_base': None}
[13.637s] Level 5:colcon.colcon_core.verb:set package 'person_msgs' build argument 'cmake_args' from command line to 'None'
[13.638s] Level 5:colcon.colcon_core.verb:set package 'person_msgs' build argument 'cmake_target' from command line to 'None'
[13.638s] Level 5:colcon.colcon_core.verb:set package 'person_msgs' build argument 'cmake_target_skip_unavailable' from command line to 'False'
[13.638s] Level 5:colcon.colcon_core.verb:set package 'person_msgs' build argument 'cmake_clean_cache' from command line to 'False'
[13.638s] Level 5:colcon.colcon_core.verb:set package 'person_msgs' build argument 'cmake_clean_first' from command line to 'False'
[13.638s] Level 5:colcon.colcon_core.verb:set package 'person_msgs' build argument 'cmake_force_configure' from command line to 'False'
[13.639s] Level 5:colcon.colcon_core.verb:set package 'person_msgs' build argument 'ament_cmake_args' from command line to 'None'
[13.639s] Level 5:colcon.colcon_core.verb:set package 'person_msgs' build argument 'catkin_cmake_args' from command line to 'None'
[13.639s] Level 5:colcon.colcon_core.verb:set package 'person_msgs' build argument 'catkin_skip_building_tests' from command line to 'False'
[13.639s] DEBUG:colcon.colcon_core.verb:Building package 'person_msgs' with the following arguments: {'ament_cmake_args': None, 'build_base': '/home/yamashita/ros2_ws/build/person_msgs', 'catkin_cmake_args': None, 'catkin_skip_building_tests': False, 'cmake_args': None, 'cmake_clean_cache': False, 'cmake_clean_first': False, 'cmake_force_configure': False, 'cmake_target': None, 'cmake_target_skip_unavailable': False, 'install_base': '/home/yamashita/ros2_ws/install/person_msgs', 'merge_install': False, 'path': '/home/yamashita/ros2_ws/src/person_msgs', 'symlink_install': False, 'test_result_base': None}
[13.789s] INFO:colcon.colcon_core.executor:Executing jobs using 'parallel' executor
[13.945s] DEBUG:colcon.colcon_parallel_executor.executor.parallel:run_until_complete
[13.947s] INFO:colcon.colcon_ros.task.ament_python.build:Building ROS package in '/home/yamashita/ros2_ws/src/mypkg' with build type 'ament_python'
[13.948s] Level 1:colcon.colcon_core.shell:create_environment_hook('mypkg', 'ament_prefix_path')
[14.120s] INFO:colcon.colcon_core.plugin_system:Skipping extension 'colcon_core.shell.bat': Not used on non-Windows systems
[14.122s] INFO:colcon.colcon_core.shell:Creating environment hook '/home/yamashita/ros2_ws/install/mypkg/share/mypkg/hook/ament_prefix_path.ps1'
[14.127s] INFO:colcon.colcon_core.shell:Creating environment descriptor '/home/yamashita/ros2_ws/install/mypkg/share/mypkg/hook/ament_prefix_path.dsv'
[14.130s] INFO:colcon.colcon_core.shell:Creating environment hook '/home/yamashita/ros2_ws/install/mypkg/share/mypkg/hook/ament_prefix_path.sh'
[14.291s] INFO:colcon.colcon_core.shell:Skip shell extension 'powershell' for command environment: Not usable outside of PowerShell
[14.292s] DEBUG:colcon.colcon_core.shell:Skip shell extension 'dsv' for command environment
[14.781s] INFO:colcon.colcon_cmake.task.cmake.build:Building CMake package in '/home/yamashita/ros2_ws/src/person_msgs'
[14.941s] INFO:colcon.colcon_core.shell:Skip shell extension 'powershell' for command environment: Not usable outside of PowerShell
[14.942s] DEBUG:colcon.colcon_core.shell:Skip shell extension 'dsv' for command environment
[17.963s] INFO:colcon.colcon_core.task.python.build:Building Python package in '/home/yamashita/ros2_ws/src/mypkg'
[18.119s] INFO:colcon.colcon_core.shell:Skip shell extension 'powershell' for command environment: Not usable outside of PowerShell
[18.119s] DEBUG:colcon.colcon_core.shell:Skip shell extension 'dsv' for command environment
[18.640s] DEBUG:colcon.colcon_core.event_handler.log_command:Invoking command in '/home/yamashita/ros2_ws/build/person_msgs': /usr/bin/cmake /home/yamashita/ros2_ws/src/person_msgs -DCMAKE_INSTALL_PREFIX=/home/yamashita/ros2_ws/install/person_msgs
[22.584s] DEBUG:colcon.colcon_core.event_handler.log_command:Invoking command in '/home/yamashita/ros2_ws/src/mypkg': PYTHONPATH=/home/yamashita/ros2_ws/build/mypkg/prefix_override:/home/yamashita/ros2_ws/install/mypkg/lib/python3.10/site-packages:${PYTHONPATH} /usr/bin/python3 setup.py egg_info --egg-base ../../build/mypkg build --build-base /home/yamashita/ros2_ws/build/mypkg/build install --record /home/yamashita/ros2_ws/build/mypkg/install.log --single-version-externally-managed
[23.111s] DEBUG:colcon.colcon_core.event_handler.log_command:Invoked command in '/home/yamashita/ros2_ws/build/person_msgs' returned '1': /usr/bin/cmake /home/yamashita/ros2_ws/src/person_msgs -DCMAKE_INSTALL_PREFIX=/home/yamashita/ros2_ws/install/person_msgs
[25.471s] DEBUG:colcon.colcon_parallel_executor.executor.parallel:closing loop
[25.478s] DEBUG:colcon.colcon_parallel_executor.executor.parallel:loop closed
[25.480s] DEBUG:colcon.colcon_parallel_executor.executor.parallel:run_until_complete finished with '1'
[25.481s] DEBUG:colcon.colcon_core.event_reactor:joining thread
[25.674s] INFO:colcon.colcon_core.plugin_system:Skipping extension 'colcon_notification.desktop_notification.notify_send': Could not find 'notify-send'
[25.675s] INFO:colcon.colcon_core.plugin_system:Skipping extension 'colcon_notification.desktop_notification.terminal_notifier': Not used on non-Darwin systems
[25.675s] INFO:colcon.colcon_core.plugin_system:Skipping extension 'colcon_notification.desktop_notification.win32': Not used on non-Windows systems
[25.676s] INFO:colcon.colcon_notification.desktop_notification:Sending desktop notification using 'notify2'
[25.681s] DEBUG:colcon.colcon_notification.desktop_notification.notify2:Failed to initialize notify2: org.freedesktop.DBus.Error.ServiceUnknown: The name org.freedesktop.Notifications was not provided by any .service files
[25.681s] DEBUG:colcon.colcon_core.event_reactor:joined thread
[25.835s] INFO:colcon.colcon_core.shell:Creating prefix script '/home/yamashita/ros2_ws/install/local_setup.ps1'
[25.842s] INFO:colcon.colcon_core.shell:Creating prefix util module '/home/yamashita/ros2_ws/install/_local_setup_util_ps1.py'
[25.853s] INFO:colcon.colcon_core.shell:Creating prefix chain script '/home/yamashita/ros2_ws/install/setup.ps1'
[26.010s] INFO:colcon.colcon_core.shell:Creating prefix script '/home/yamashita/ros2_ws/install/local_setup.sh'
[26.015s] INFO:colcon.colcon_core.shell:Creating prefix util module '/home/yamashita/ros2_ws/install/_local_setup_util_sh.py'
[26.019s] INFO:colcon.colcon_core.shell:Creating prefix chain script '/home/yamashita/ros2_ws/install/setup.sh'
[26.177s] INFO:colcon.colcon_core.shell:Creating prefix script '/home/yamashita/ros2_ws/install/local_setup.bash'
[26.181s] INFO:colcon.colcon_core.shell:Creating prefix chain script '/home/yamashita/ros2_ws/install/setup.bash'
[26.340s] INFO:colcon.colcon_core.shell:Creating prefix script '/home/yamashita/ros2_ws/install/local_setup.zsh'
[26.344s] INFO:colcon.colcon_core.shell:Creating prefix chain script '/home/yamashita/ros2_ws/install/setup.zsh'
