[10.295s] DEBUG:colcon:Command line arguments: ['/usr/bin/colcon', 'build']
[10.296s] DEBUG:colcon:Parsed command line arguments: Namespace(log_base=None, log_level=None, verb_name='build', build_base='build', install_base='install', merge_install=False, symlink_install=False, test_result_base=None, continue_on_error=False, executor='parallel', parallel_workers=4, event_handlers=None, ignore_user_meta=False, metas=['./colcon.meta'], base_paths=['.'], packages_ignore=None, packages_ignore_regex=None, paths=None, packages_up_to=None, packages_up_to_regex=None, packages_above=None, packages_above_and_dependencies=None, packages_above_depth=None, packages_select_by_dep=None, packages_skip_by_dep=None, packages_skip_up_to=None, packages_select_build_failed=False, packages_skip_build_finished=False, packages_select_test_failures=False, packages_skip_test_passed=False, packages_select=None, packages_skip=None, packages_select_regex=None, packages_skip_regex=None, packages_start=None, packages_end=None, allow_overriding=[], cmake_args=None, cmake_target=None, cmake_target_skip_unavailable=False, cmake_clean_cache=False, cmake_clean_first=False, cmake_force_configure=False, ament_cmake_args=None, catkin_cmake_args=None, catkin_skip_building_tests=False, verb_parser=<colcon_defaults.argument_parser.defaults.DefaultArgumentsDecorator object at 0xffffb2f4fd60>, verb_extension=<colcon_core.verb.build.BuildVerb object at 0xffffb3457b50>, main=<bound method BuildVerb.main of <colcon_core.verb.build.BuildVerb object at 0xffffb3457b50>>)
[10.751s] Level 1:colcon.colcon_core.package_discovery:discover_packages(colcon_meta) check parameters
[10.752s] Level 1:colcon.colcon_core.package_discovery:discover_packages(recursive) check parameters
[10.753s] Level 1:colcon.colcon_core.package_discovery:discover_packages(ignore) check parameters
[10.753s] Level 1:colcon.colcon_core.package_discovery:discover_packages(path) check parameters
[10.753s] Level 1:colcon.colcon_core.package_discovery:discover_packages(colcon_meta) discover
[10.753s] Level 1:colcon.colcon_core.package_discovery:discover_packages(recursive) discover
[10.754s] INFO:colcon.colcon_core.package_discovery:Crawling recursively for packages in '/home/yamashita/ros2_ws'
[10.755s] Level 1:colcon.colcon_core.package_identification:_identify(.) by extensions ['ignore', 'ignore_ament_install']
[10.755s] Level 1:colcon.colcon_core.package_identification:_identify(.) by extension 'ignore'
[10.756s] Level 1:colcon.colcon_core.package_identification:_identify(.) by extension 'ignore_ament_install'
[10.756s] Level 1:colcon.colcon_core.package_identification:_identify(.) by extensions ['colcon_pkg']
[10.756s] Level 1:colcon.colcon_core.package_identification:_identify(.) by extension 'colcon_pkg'
[10.757s] Level 1:colcon.colcon_core.package_identification:_identify(.) by extensions ['colcon_meta']
[10.757s] Level 1:colcon.colcon_core.package_identification:_identify(.) by extension 'colcon_meta'
[10.758s] Level 1:colcon.colcon_core.package_identification:_identify(.) by extensions ['ros']
[10.758s] Level 1:colcon.colcon_core.package_identification:_identify(.) by extension 'ros'
[10.848s] Level 1:colcon.colcon_core.package_identification:_identify(.) by extensions ['cmake', 'python']
[10.849s] Level 1:colcon.colcon_core.package_identification:_identify(.) by extension 'cmake'
[10.849s] Level 1:colcon.colcon_core.package_identification:_identify(.) by extension 'python'
[10.850s] Level 1:colcon.colcon_core.package_identification:_identify(.) by extensions ['python_setup_py']
[10.850s] Level 1:colcon.colcon_core.package_identification:_identify(.) by extension 'python_setup_py'
[10.851s] Level 1:colcon.colcon_core.package_identification:_identify(build) by extensions ['ignore', 'ignore_ament_install']
[10.852s] Level 1:colcon.colcon_core.package_identification:_identify(build) by extension 'ignore'
[10.852s] Level 1:colcon.colcon_core.package_identification:_identify(build) ignored
[10.854s] Level 1:colcon.colcon_core.package_identification:_identify(install) by extensions ['ignore', 'ignore_ament_install']
[10.854s] Level 1:colcon.colcon_core.package_identification:_identify(install) by extension 'ignore'
[10.855s] Level 1:colcon.colcon_core.package_identification:_identify(install) ignored
[10.856s] Level 1:colcon.colcon_core.package_identification:_identify(log) by extensions ['ignore', 'ignore_ament_install']
[10.857s] Level 1:colcon.colcon_core.package_identification:_identify(log) by extension 'ignore'
[10.857s] Level 1:colcon.colcon_core.package_identification:_identify(log) ignored
[10.858s] Level 1:colcon.colcon_core.package_identification:_identify(src) by extensions ['ignore', 'ignore_ament_install']
[10.859s] Level 1:colcon.colcon_core.package_identification:_identify(src) by extension 'ignore'
[10.859s] Level 1:colcon.colcon_core.package_identification:_identify(src) by extension 'ignore_ament_install'
[10.859s] Level 1:colcon.colcon_core.package_identification:_identify(src) by extensions ['colcon_pkg']
[10.860s] Level 1:colcon.colcon_core.package_identification:_identify(src) by extension 'colcon_pkg'
[10.860s] Level 1:colcon.colcon_core.package_identification:_identify(src) by extensions ['colcon_meta']
[10.860s] Level 1:colcon.colcon_core.package_identification:_identify(src) by extension 'colcon_meta'
[10.861s] Level 1:colcon.colcon_core.package_identification:_identify(src) by extensions ['ros']
[10.861s] Level 1:colcon.colcon_core.package_identification:_identify(src) by extension 'ros'
[10.862s] Level 1:colcon.colcon_core.package_identification:_identify(src) by extensions ['cmake', 'python']
[10.862s] Level 1:colcon.colcon_core.package_identification:_identify(src) by extension 'cmake'
[10.862s] Level 1:colcon.colcon_core.package_identification:_identify(src) by extension 'python'
[10.863s] Level 1:colcon.colcon_core.package_identification:_identify(src) by extensions ['python_setup_py']
[10.863s] Level 1:colcon.colcon_core.package_identification:_identify(src) by extension 'python_setup_py'
[10.864s] Level 1:colcon.colcon_core.package_identification:_identify(src/build) by extensions ['ignore', 'ignore_ament_install']
[10.865s] Level 1:colcon.colcon_core.package_identification:_identify(src/build) by extension 'ignore'
[10.865s] Level 1:colcon.colcon_core.package_identification:_identify(src/build) ignored
[10.866s] Level 1:colcon.colcon_core.package_identification:_identify(src/install) by extensions ['ignore', 'ignore_ament_install']
[10.867s] Level 1:colcon.colcon_core.package_identification:_identify(src/install) by extension 'ignore'
[10.867s] Level 1:colcon.colcon_core.package_identification:_identify(src/install) ignored
[10.868s] Level 1:colcon.colcon_core.package_identification:_identify(src/log) by extensions ['ignore', 'ignore_ament_install']
[10.869s] Level 1:colcon.colcon_core.package_identification:_identify(src/log) by extension 'ignore'
[10.870s] Level 1:colcon.colcon_core.package_identification:_identify(src/log) ignored
[10.871s] Level 1:colcon.colcon_core.package_identification:_identify(src/mypkg) by extensions ['ignore', 'ignore_ament_install']
[10.871s] Level 1:colcon.colcon_core.package_identification:_identify(src/mypkg) by extension 'ignore'
[10.872s] Level 1:colcon.colcon_core.package_identification:_identify(src/mypkg) by extension 'ignore_ament_install'
[10.872s] Level 1:colcon.colcon_core.package_identification:_identify(src/mypkg) by extensions ['colcon_pkg']
[10.872s] Level 1:colcon.colcon_core.package_identification:_identify(src/mypkg) by extension 'colcon_pkg'
[10.873s] Level 1:colcon.colcon_core.package_identification:_identify(src/mypkg) by extensions ['colcon_meta']
[10.873s] Level 1:colcon.colcon_core.package_identification:_identify(src/mypkg) by extension 'colcon_meta'
[10.874s] Level 1:colcon.colcon_core.package_identification:_identify(src/mypkg) by extensions ['ros']
[10.874s] Level 1:colcon.colcon_core.package_identification:_identify(src/mypkg) by extension 'ros'
[10.898s] DEBUG:colcon.colcon_core.package_identification:Package 'src/mypkg' with type 'ros.ament_python' and name 'mypkg'
[10.898s] Level 1:colcon.colcon_core.package_discovery:discover_packages(recursive) using defaults
[10.899s] Level 1:colcon.colcon_core.package_discovery:discover_packages(ignore) discover
[10.899s] Level 1:colcon.colcon_core.package_discovery:discover_packages(ignore) using defaults
[10.899s] Level 1:colcon.colcon_core.package_discovery:discover_packages(path) discover
[10.900s] Level 1:colcon.colcon_core.package_discovery:discover_packages(path) using defaults
[11.791s] Level 1:colcon.colcon_core.package_discovery:discover_packages(prefix_path) check parameters
[11.792s] Level 1:colcon.colcon_core.package_discovery:discover_packages(prefix_path) discover
[12.099s] DEBUG:colcon.colcon_installed_package_information.package_discovery:Found 1 installed packages in /home/yamashita/ros2_ws/install
[12.264s] DEBUG:colcon.colcon_installed_package_information.package_discovery:Found 283 installed packages in /opt/ros/humble
[12.355s] Level 1:colcon.colcon_core.package_discovery:discover_packages(prefix_path) using defaults
[13.305s] Level 5:colcon.colcon_core.verb:set package 'mypkg' build argument 'cmake_args' from command line to 'None'
[13.305s] Level 5:colcon.colcon_core.verb:set package 'mypkg' build argument 'cmake_target' from command line to 'None'
[13.305s] Level 5:colcon.colcon_core.verb:set package 'mypkg' build argument 'cmake_target_skip_unavailable' from command line to 'False'
[13.306s] Level 5:colcon.colcon_core.verb:set package 'mypkg' build argument 'cmake_clean_cache' from command line to 'False'
[13.306s] Level 5:colcon.colcon_core.verb:set package 'mypkg' build argument 'cmake_clean_first' from command line to 'False'
[13.306s] Level 5:colcon.colcon_core.verb:set package 'mypkg' build argument 'cmake_force_configure' from command line to 'False'
[13.306s] Level 5:colcon.colcon_core.verb:set package 'mypkg' build argument 'ament_cmake_args' from command line to 'None'
[13.306s] Level 5:colcon.colcon_core.verb:set package 'mypkg' build argument 'catkin_cmake_args' from command line to 'None'
[13.307s] Level 5:colcon.colcon_core.verb:set package 'mypkg' build argument 'catkin_skip_building_tests' from command line to 'False'
[13.307s] DEBUG:colcon.colcon_core.verb:Building package 'mypkg' with the following arguments: {'ament_cmake_args': None, 'build_base': '/home/yamashita/ros2_ws/build/mypkg', 'catkin_cmake_args': None, 'catkin_skip_building_tests': False, 'cmake_args': None, 'cmake_clean_cache': False, 'cmake_clean_first': False, 'cmake_force_configure': False, 'cmake_target': None, 'cmake_target_skip_unavailable': False, 'install_base': '/home/yamashita/ros2_ws/install/mypkg', 'merge_install': False, 'path': '/home/yamashita/ros2_ws/src/mypkg', 'symlink_install': False, 'test_result_base': None}
[13.455s] INFO:colcon.colcon_core.executor:Executing jobs using 'parallel' executor
[13.608s] DEBUG:colcon.colcon_parallel_executor.executor.parallel:run_until_complete
[13.609s] INFO:colcon.colcon_ros.task.ament_python.build:Building ROS package in '/home/yamashita/ros2_ws/src/mypkg' with build type 'ament_python'
[13.610s] Level 1:colcon.colcon_core.shell:create_environment_hook('mypkg', 'ament_prefix_path')
[13.782s] INFO:colcon.colcon_core.plugin_system:Skipping extension 'colcon_core.shell.bat': Not used on non-Windows systems
[13.783s] INFO:colcon.colcon_core.shell:Creating environment hook '/home/yamashita/ros2_ws/install/mypkg/share/mypkg/hook/ament_prefix_path.ps1'
[13.788s] INFO:colcon.colcon_core.shell:Creating environment descriptor '/home/yamashita/ros2_ws/install/mypkg/share/mypkg/hook/ament_prefix_path.dsv'
[13.792s] INFO:colcon.colcon_core.shell:Creating environment hook '/home/yamashita/ros2_ws/install/mypkg/share/mypkg/hook/ament_prefix_path.sh'
[13.950s] INFO:colcon.colcon_core.shell:Skip shell extension 'powershell' for command environment: Not usable outside of PowerShell
[13.951s] DEBUG:colcon.colcon_core.shell:Skip shell extension 'dsv' for command environment
[16.955s] INFO:colcon.colcon_core.task.python.build:Building Python package in '/home/yamashita/ros2_ws/src/mypkg'
[17.110s] INFO:colcon.colcon_core.shell:Skip shell extension 'powershell' for command environment: Not usable outside of PowerShell
[17.111s] DEBUG:colcon.colcon_core.shell:Skip shell extension 'dsv' for command environment
[20.963s] DEBUG:colcon.colcon_core.event_handler.log_command:Invoking command in '/home/yamashita/ros2_ws/src/mypkg': PYTHONPATH=/home/yamashita/ros2_ws/build/mypkg/prefix_override:/home/yamashita/ros2_ws/install/mypkg/lib/python3.10/site-packages:${PYTHONPATH} /usr/bin/python3 setup.py egg_info --egg-base ../../build/mypkg build --build-base /home/yamashita/ros2_ws/build/mypkg/build install --record /home/yamashita/ros2_ws/build/mypkg/install.log --single-version-externally-managed
[23.779s] DEBUG:colcon.colcon_core.event_handler.log_command:Invoked command in '/home/yamashita/ros2_ws/src/mypkg' returned '0': PYTHONPATH=/home/yamashita/ros2_ws/build/mypkg/prefix_override:/home/yamashita/ros2_ws/install/mypkg/lib/python3.10/site-packages:${PYTHONPATH} /usr/bin/python3 setup.py egg_info --egg-base ../../build/mypkg build --build-base /home/yamashita/ros2_ws/build/mypkg/build install --record /home/yamashita/ros2_ws/build/mypkg/install.log --single-version-externally-managed
[23.955s] Level 1:colcon.colcon_core.environment:checking '/home/yamashita/ros2_ws/install/mypkg' for CMake module files
[23.960s] Level 1:colcon.colcon_core.environment:checking '/home/yamashita/ros2_ws/install/mypkg' for CMake config files
[23.966s] Level 1:colcon.colcon_core.environment:checking '/home/yamashita/ros2_ws/install/mypkg/lib'
[23.968s] Level 1:colcon.colcon_core.environment:checking '/home/yamashita/ros2_ws/install/mypkg/bin'
[23.968s] Level 1:colcon.colcon_core.environment:checking '/home/yamashita/ros2_ws/install/mypkg/lib/pkgconfig/mypkg.pc'
[23.970s] Level 1:colcon.colcon_core.environment:checking '/home/yamashita/ros2_ws/install/mypkg/lib/python3.10/site-packages'
[23.971s] Level 1:colcon.colcon_core.shell:create_environment_hook('mypkg', 'pythonpath')
[24.123s] INFO:colcon.colcon_core.shell:Creating environment hook '/home/yamashita/ros2_ws/install/mypkg/share/mypkg/hook/pythonpath.ps1'
[24.126s] INFO:colcon.colcon_core.shell:Creating environment descriptor '/home/yamashita/ros2_ws/install/mypkg/share/mypkg/hook/pythonpath.dsv'
[24.130s] INFO:colcon.colcon_core.shell:Creating environment hook '/home/yamashita/ros2_ws/install/mypkg/share/mypkg/hook/pythonpath.sh'
[24.135s] Level 1:colcon.colcon_core.environment:checking '/home/yamashita/ros2_ws/install/mypkg/bin'
[24.135s] Level 1:colcon.colcon_core.environment:create_environment_scripts_only(mypkg)
[24.290s] INFO:colcon.colcon_core.shell:Creating package script '/home/yamashita/ros2_ws/install/mypkg/share/mypkg/package.ps1'
[24.297s] INFO:colcon.colcon_core.shell:Creating package descriptor '/home/yamashita/ros2_ws/install/mypkg/share/mypkg/package.dsv'
[24.302s] INFO:colcon.colcon_core.shell:Creating package script '/home/yamashita/ros2_ws/install/mypkg/share/mypkg/package.sh'
[24.308s] INFO:colcon.colcon_core.shell:Creating package script '/home/yamashita/ros2_ws/install/mypkg/share/mypkg/package.bash'
[24.315s] INFO:colcon.colcon_core.shell:Creating package script '/home/yamashita/ros2_ws/install/mypkg/share/mypkg/package.zsh'
[24.321s] Level 1:colcon.colcon_core.environment:create_file_with_runtime_dependencies(/home/yamashita/ros2_ws/install/mypkg/share/colcon-core/packages/mypkg)
[24.324s] DEBUG:colcon.colcon_parallel_executor.executor.parallel:closing loop
[24.326s] DEBUG:colcon.colcon_parallel_executor.executor.parallel:loop closed
[24.327s] DEBUG:colcon.colcon_parallel_executor.executor.parallel:run_until_complete finished with '0'
[24.328s] DEBUG:colcon.colcon_core.event_reactor:joining thread
[24.518s] INFO:colcon.colcon_core.plugin_system:Skipping extension 'colcon_notification.desktop_notification.notify_send': Could not find 'notify-send'
[24.519s] INFO:colcon.colcon_core.plugin_system:Skipping extension 'colcon_notification.desktop_notification.terminal_notifier': Not used on non-Darwin systems
[24.520s] INFO:colcon.colcon_core.plugin_system:Skipping extension 'colcon_notification.desktop_notification.win32': Not used on non-Windows systems
[24.520s] INFO:colcon.colcon_notification.desktop_notification:Sending desktop notification using 'notify2'
[24.525s] DEBUG:colcon.colcon_notification.desktop_notification.notify2:Failed to initialize notify2: org.freedesktop.DBus.Error.ServiceUnknown: The name org.freedesktop.Notifications was not provided by any .service files
[24.526s] DEBUG:colcon.colcon_core.event_reactor:joined thread
[24.678s] INFO:colcon.colcon_core.shell:Creating prefix script '/home/yamashita/ros2_ws/install/local_setup.ps1'
[24.685s] INFO:colcon.colcon_core.shell:Creating prefix util module '/home/yamashita/ros2_ws/install/_local_setup_util_ps1.py'
[24.697s] INFO:colcon.colcon_core.shell:Creating prefix chain script '/home/yamashita/ros2_ws/install/setup.ps1'
[24.852s] INFO:colcon.colcon_core.shell:Creating prefix script '/home/yamashita/ros2_ws/install/local_setup.sh'
[24.857s] INFO:colcon.colcon_core.shell:Creating prefix util module '/home/yamashita/ros2_ws/install/_local_setup_util_sh.py'
[24.861s] INFO:colcon.colcon_core.shell:Creating prefix chain script '/home/yamashita/ros2_ws/install/setup.sh'
[25.017s] INFO:colcon.colcon_core.shell:Creating prefix script '/home/yamashita/ros2_ws/install/local_setup.bash'
[25.022s] INFO:colcon.colcon_core.shell:Creating prefix chain script '/home/yamashita/ros2_ws/install/setup.bash'
[25.178s] INFO:colcon.colcon_core.shell:Creating prefix script '/home/yamashita/ros2_ws/install/local_setup.zsh'
[25.182s] INFO:colcon.colcon_core.shell:Creating prefix chain script '/home/yamashita/ros2_ws/install/setup.zsh'
