[7.376s] Invoking command in '/home/yamashita/ros2_ws/src/mypkg': PYTHONPATH=/home/yamashita/ros2_ws/build/mypkg/prefix_override:/home/yamashita/ros2_ws/install/mypkg/lib/python3.10/site-packages:${PYTHONPATH} /usr/bin/python3 setup.py egg_info --egg-base ../../build/mypkg build --build-base /home/yamashita/ros2_ws/build/mypkg/build install --record /home/yamashita/ros2_ws/build/mypkg/install.log --single-version-externally-managed
[9.699s] running egg_info
[9.704s] writing ../../build/mypkg/mypkg.egg-info/PKG-INFO
[9.705s] writing dependency_links to ../../build/mypkg/mypkg.egg-info/dependency_links.txt
[9.707s] writing entry points to ../../build/mypkg/mypkg.egg-info/entry_points.txt
[9.709s] writing requirements to ../../build/mypkg/mypkg.egg-info/requires.txt
[9.711s] writing top-level names to ../../build/mypkg/mypkg.egg-info/top_level.txt
[9.727s] reading manifest file '../../build/mypkg/mypkg.egg-info/SOURCES.txt'
[9.735s] writing manifest file '../../build/mypkg/mypkg.egg-info/SOURCES.txt'
[9.736s] running build
[9.737s] running build_py
[9.740s] running install
[9.741s] /usr/lib/python3/dist-packages/setuptools/command/install.py:34: SetuptoolsDeprecationWarning: setup.py install is deprecated. Use build and pip and other standards-based tools.
[9.742s]   warnings.warn(
[9.743s] running install_lib
[9.753s] running install_data
[9.758s] copying launch/talk_listen.launch.py -> /home/yamashita/ros2_ws/install/mypkg/share/mypkg
[9.759s] running install_egg_info
[9.772s] removing '/home/yamashita/ros2_ws/install/mypkg/lib/python3.10/site-packages/mypkg-0.0.0-py3.10.egg-info' (and everything under it)
[9.776s] Copying ../../build/mypkg/mypkg.egg-info to /home/yamashita/ros2_ws/install/mypkg/lib/python3.10/site-packages/mypkg-0.0.0-py3.10.egg-info
[9.785s] running install_scripts
[9.945s] Installing listener script to /home/yamashita/ros2_ws/install/mypkg/lib/mypkg
[9.947s] Installing talker script to /home/yamashita/ros2_ws/install/mypkg/lib/mypkg
[9.950s] writing list of installed files to '/home/yamashita/ros2_ws/build/mypkg/install.log'
[10.181s] Invoked command in '/home/yamashita/ros2_ws/src/mypkg' returned '0': PYTHONPATH=/home/yamashita/ros2_ws/build/mypkg/prefix_override:/home/yamashita/ros2_ws/install/mypkg/lib/python3.10/site-packages:${PYTHONPATH} /usr/bin/python3 setup.py egg_info --egg-base ../../build/mypkg build --build-base /home/yamashita/ros2_ws/build/mypkg/build install --record /home/yamashita/ros2_ws/build/mypkg/install.log --single-version-externally-managed
