[8.905s] Invoking command in '/home/yamashita/ros2_ws/src/mypkg': PYTHONPATH=/home/yamashita/ros2_ws/build/mypkg/prefix_override:/home/yamashita/ros2_ws/install/mypkg/lib/python3.10/site-packages:${PYTHONPATH} /usr/bin/python3 setup.py egg_info --egg-base ../../build/mypkg build --build-base /home/yamashita/ros2_ws/build/mypkg/build install --record /home/yamashita/ros2_ws/build/mypkg/install.log --single-version-externally-managed
[11.686s] running egg_info
[11.691s] writing ../../build/mypkg/mypkg.egg-info/PKG-INFO
[11.693s] writing dependency_links to ../../build/mypkg/mypkg.egg-info/dependency_links.txt
[11.695s] writing entry points to ../../build/mypkg/mypkg.egg-info/entry_points.txt
[11.697s] writing requirements to ../../build/mypkg/mypkg.egg-info/requires.txt
[11.701s] writing top-level names to ../../build/mypkg/mypkg.egg-info/top_level.txt
[11.716s] reading manifest file '../../build/mypkg/mypkg.egg-info/SOURCES.txt'
[11.722s] writing manifest file '../../build/mypkg/mypkg.egg-info/SOURCES.txt'
[11.725s] running build
[11.727s] running build_py
[11.730s] copying mypkg/listener.py -> /home/yamashita/ros2_ws/build/mypkg/build/lib/mypkg
[11.732s] copying mypkg/talker.py -> /home/yamashita/ros2_ws/build/mypkg/build/lib/mypkg
[11.734s] running install
[11.736s] /usr/lib/python3/dist-packages/setuptools/command/install.py:34: SetuptoolsDeprecationWarning: setup.py install is deprecated. Use build and pip and other standards-based tools.
[11.738s]   warnings.warn(
[11.741s] running install_lib
[11.743s] copying /home/yamashita/ros2_ws/build/mypkg/build/lib/mypkg/listener.py -> /home/yamashita/ros2_ws/install/mypkg/lib/python3.10/site-packages/mypkg
[11.745s] copying /home/yamashita/ros2_ws/build/mypkg/build/lib/mypkg/talker.py -> /home/yamashita/ros2_ws/install/mypkg/lib/python3.10/site-packages/mypkg
[11.749s] byte-compiling /home/yamashita/ros2_ws/install/mypkg/lib/python3.10/site-packages/mypkg/listener.py to listener.cpython-310.pyc
[11.753s] byte-compiling /home/yamashita/ros2_ws/install/mypkg/lib/python3.10/site-packages/mypkg/talker.py to talker.cpython-310.pyc
[11.756s] running install_data
[11.763s] running install_egg_info
[11.778s] removing '/home/yamashita/ros2_ws/install/mypkg/lib/python3.10/site-packages/mypkg-0.0.0-py3.10.egg-info' (and everything under it)
[11.781s] Copying ../../build/mypkg/mypkg.egg-info to /home/yamashita/ros2_ws/install/mypkg/lib/python3.10/site-packages/mypkg-0.0.0-py3.10.egg-info
[11.793s] running install_scripts
[11.973s] Installing listener script to /home/yamashita/ros2_ws/install/mypkg/lib/mypkg
[11.975s] Installing talker script to /home/yamashita/ros2_ws/install/mypkg/lib/mypkg
[11.978s] writing list of installed files to '/home/yamashita/ros2_ws/build/mypkg/install.log'
[12.592s] Invoked command in '/home/yamashita/ros2_ws/src/mypkg' returned '0': PYTHONPATH=/home/yamashita/ros2_ws/build/mypkg/prefix_override:/home/yamashita/ros2_ws/install/mypkg/lib/python3.10/site-packages:${PYTHONPATH} /usr/bin/python3 setup.py egg_info --egg-base ../../build/mypkg build --build-base /home/yamashita/ros2_ws/build/mypkg/build install --record /home/yamashita/ros2_ws/build/mypkg/install.log --single-version-externally-managed
