[10.308s] DEBUG:colcon:Command line arguments: ['/usr/bin/colcon', 'build']
[10.309s] DEBUG:colcon:Parsed command line arguments: Namespace(log_base=None, log_level=None, verb_name='build', build_base='build', install_base='install', merge_install=False, symlink_install=False, test_result_base=None, continue_on_error=False, executor='parallel', parallel_workers=4, event_handlers=None, ignore_user_meta=False, metas=['./colcon.meta'], base_paths=['.'], packages_ignore=None, packages_ignore_regex=None, paths=None, packages_up_to=None, packages_up_to_regex=None, packages_above=None, packages_above_and_dependencies=None, packages_above_depth=None, packages_select_by_dep=None, packages_skip_by_dep=None, packages_skip_up_to=None, packages_select_build_failed=False, packages_skip_build_finished=False, packages_select_test_failures=False, packages_skip_test_passed=False, packages_select=None, packages_skip=None, packages_select_regex=None, packages_skip_regex=None, packages_start=None, packages_end=None, allow_overriding=[], cmake_args=None, cmake_target=None, cmake_target_skip_unavailable=False, cmake_clean_cache=False, cmake_clean_first=False, cmake_force_configure=False, ament_cmake_args=None, catkin_cmake_args=None, catkin_skip_building_tests=False, verb_parser=<colcon_defaults.argument_parser.defaults.DefaultArgumentsDecorator object at 0xffff837b62c0>, verb_extension=<colcon_core.verb.build.BuildVerb object at 0xffff83cb38e0>, main=<bound method BuildVerb.main of <colcon_core.verb.build.BuildVerb object at 0xffff83cb38e0>>)
[10.764s] Level 1:colcon.colcon_core.package_discovery:discover_packages(colcon_meta) check parameters
[10.765s] Level 1:colcon.colcon_core.package_discovery:discover_packages(recursive) check parameters
[10.766s] Level 1:colcon.colcon_core.package_discovery:discover_packages(ignore) check parameters
[10.766s] Level 1:colcon.colcon_core.package_discovery:discover_packages(path) check parameters
[10.766s] Level 1:colcon.colcon_core.package_discovery:discover_packages(colcon_meta) discover
[10.767s] Level 1:colcon.colcon_core.package_discovery:discover_packages(recursive) discover
[10.767s] INFO:colcon.colcon_core.package_discovery:Crawling recursively for packages in '/home/yamashita/ros2_ws'
[10.768s] Level 1:colcon.colcon_core.package_identification:_identify(.) by extensions ['ignore', 'ignore_ament_install']
[10.768s] Level 1:colcon.colcon_core.package_identification:_identify(.) by extension 'ignore'
[10.769s] Level 1:colcon.colcon_core.package_identification:_identify(.) by extension 'ignore_ament_install'
[10.769s] Level 1:colcon.colcon_core.package_identification:_identify(.) by extensions ['colcon_pkg']
[10.770s] Level 1:colcon.colcon_core.package_identification:_identify(.) by extension 'colcon_pkg'
[10.770s] Level 1:colcon.colcon_core.package_identification:_identify(.) by extensions ['colcon_meta']
[10.770s] Level 1:colcon.colcon_core.package_identification:_identify(.) by extension 'colcon_meta'
[10.771s] Level 1:colcon.colcon_core.package_identification:_identify(.) by extensions ['ros']
[10.771s] Level 1:colcon.colcon_core.package_identification:_identify(.) by extension 'ros'
[10.862s] Level 1:colcon.colcon_core.package_identification:_identify(.) by extensions ['cmake', 'python']
[10.862s] Level 1:colcon.colcon_core.package_identification:_identify(.) by extension 'cmake'
[10.863s] Level 1:colcon.colcon_core.package_identification:_identify(.) by extension 'python'
[10.863s] Level 1:colcon.colcon_core.package_identification:_identify(.) by extensions ['python_setup_py']
[10.864s] Level 1:colcon.colcon_core.package_identification:_identify(.) by extension 'python_setup_py'
[10.864s] Level 1:colcon.colcon_core.package_identification:_identify(build) by extensions ['ignore', 'ignore_ament_install']
[10.865s] Level 1:colcon.colcon_core.package_identification:_identify(build) by extension 'ignore'
[10.866s] Level 1:colcon.colcon_core.package_identification:_identify(build) ignored
[10.867s] Level 1:colcon.colcon_core.package_identification:_identify(install) by extensions ['ignore', 'ignore_ament_install']
[10.868s] Level 1:colcon.colcon_core.package_identification:_identify(install) by extension 'ignore'
[10.868s] Level 1:colcon.colcon_core.package_identification:_identify(install) ignored
[10.869s] Level 1:colcon.colcon_core.package_identification:_identify(log) by extensions ['ignore', 'ignore_ament_install']
[10.870s] Level 1:colcon.colcon_core.package_identification:_identify(log) by extension 'ignore'
[10.870s] Level 1:colcon.colcon_core.package_identification:_identify(log) ignored
[10.871s] Level 1:colcon.colcon_core.package_identification:_identify(src) by extensions ['ignore', 'ignore_ament_install']
[10.872s] Level 1:colcon.colcon_core.package_identification:_identify(src) by extension 'ignore'
[10.872s] Level 1:colcon.colcon_core.package_identification:_identify(src) by extension 'ignore_ament_install'
[10.873s] Level 1:colcon.colcon_core.package_identification:_identify(src) by extensions ['colcon_pkg']
[10.873s] Level 1:colcon.colcon_core.package_identification:_identify(src) by extension 'colcon_pkg'
[10.873s] Level 1:colcon.colcon_core.package_identification:_identify(src) by extensions ['colcon_meta']
[10.874s] Level 1:colcon.colcon_core.package_identification:_identify(src) by extension 'colcon_meta'
[10.874s] Level 1:colcon.colcon_core.package_identification:_identify(src) by extensions ['ros']
[10.875s] Level 1:colcon.colcon_core.package_identification:_identify(src) by extension 'ros'
[10.875s] Level 1:colcon.colcon_core.package_identification:_identify(src) by extensions ['cmake', 'python']
[10.876s] Level 1:colcon.colcon_core.package_identification:_identify(src) by extension 'cmake'
[10.876s] Level 1:colcon.colcon_core.package_identification:_identify(src) by extension 'python'
[10.876s] Level 1:colcon.colcon_core.package_identification:_identify(src) by extensions ['python_setup_py']
[10.877s] Level 1:colcon.colcon_core.package_identification:_identify(src) by extension 'python_setup_py'
[10.878s] Level 1:colcon.colcon_core.package_identification:_identify(src/build) by extensions ['ignore', 'ignore_ament_install']
[10.878s] Level 1:colcon.colcon_core.package_identification:_identify(src/build) by extension 'ignore'
[10.879s] Level 1:colcon.colcon_core.package_identification:_identify(src/build) ignored
[10.880s] Level 1:colcon.colcon_core.package_identification:_identify(src/install) by extensions ['ignore', 'ignore_ament_install']
[10.880s] Level 1:colcon.colcon_core.package_identification:_identify(src/install) by extension 'ignore'
[10.881s] Level 1:colcon.colcon_core.package_identification:_identify(src/install) ignored
[10.882s] Level 1:colcon.colcon_core.package_identification:_identify(src/log) by extensions ['ignore', 'ignore_ament_install']
[10.883s] Level 1:colcon.colcon_core.package_identification:_identify(src/log) by extension 'ignore'
[10.883s] Level 1:colcon.colcon_core.package_identification:_identify(src/log) ignored
[10.884s] Level 1:colcon.colcon_core.package_identification:_identify(src/mypkg) by extensions ['ignore', 'ignore_ament_install']
[10.885s] Level 1:colcon.colcon_core.package_identification:_identify(src/mypkg) by extension 'ignore'
[10.885s] Level 1:colcon.colcon_core.package_identification:_identify(src/mypkg) by extension 'ignore_ament_install'
[10.886s] Level 1:colcon.colcon_core.package_identification:_identify(src/mypkg) by extensions ['colcon_pkg']
[10.886s] Level 1:colcon.colcon_core.package_identification:_identify(src/mypkg) by extension 'colcon_pkg'
[10.887s] Level 1:colcon.colcon_core.package_identification:_identify(src/mypkg) by extensions ['colcon_meta']
[10.887s] Level 1:colcon.colcon_core.package_identification:_identify(src/mypkg) by extension 'colcon_meta'
[10.887s] Level 1:colcon.colcon_core.package_identification:_identify(src/mypkg) by extensions ['ros']
[10.888s] Level 1:colcon.colcon_core.package_identification:_identify(src/mypkg) by extension 'ros'
[10.912s] DEBUG:colcon.colcon_core.package_identification:Package 'src/mypkg' with type 'ros.ament_python' and name 'mypkg'
[10.912s] Level 1:colcon.colcon_core.package_discovery:discover_packages(recursive) using defaults
[10.913s] Level 1:colcon.colcon_core.package_discovery:discover_packages(ignore) discover
[10.913s] Level 1:colcon.colcon_core.package_discovery:discover_packages(ignore) using defaults
[10.913s] Level 1:colcon.colcon_core.package_discovery:discover_packages(path) discover
[10.914s] Level 1:colcon.colcon_core.package_discovery:discover_packages(path) using defaults
[11.804s] Level 1:colcon.colcon_core.package_discovery:discover_packages(prefix_path) check parameters
[11.804s] Level 1:colcon.colcon_core.package_discovery:discover_packages(prefix_path) discover
[12.112s] DEBUG:colcon.colcon_installed_package_information.package_discovery:Found 1 installed packages in /home/yamashita/ros2_ws/install
[12.276s] DEBUG:colcon.colcon_installed_package_information.package_discovery:Found 283 installed packages in /opt/ros/humble
[12.367s] Level 1:colcon.colcon_core.package_discovery:discover_packages(prefix_path) using defaults
[13.320s] Level 5:colcon.colcon_core.verb:set package 'mypkg' build argument 'cmake_args' from command line to 'None'
[13.321s] Level 5:colcon.colcon_core.verb:set package 'mypkg' build argument 'cmake_target' from command line to 'None'
[13.321s] Level 5:colcon.colcon_core.verb:set package 'mypkg' build argument 'cmake_target_skip_unavailable' from command line to 'False'
[13.321s] Level 5:colcon.colcon_core.verb:set package 'mypkg' build argument 'cmake_clean_cache' from command line to 'False'
[13.322s] Level 5:colcon.colcon_core.verb:set package 'mypkg' build argument 'cmake_clean_first' from command line to 'False'
[13.322s] Level 5:colcon.colcon_core.verb:set package 'mypkg' build argument 'cmake_force_configure' from command line to 'False'
[13.322s] Level 5:colcon.colcon_core.verb:set package 'mypkg' build argument 'ament_cmake_args' from command line to 'None'
[13.323s] Level 5:colcon.colcon_core.verb:set package 'mypkg' build argument 'catkin_cmake_args' from command line to 'None'
[13.323s] Level 5:colcon.colcon_core.verb:set package 'mypkg' build argument 'catkin_skip_building_tests' from command line to 'False'
[13.323s] DEBUG:colcon.colcon_core.verb:Building package 'mypkg' with the following arguments: {'ament_cmake_args': None, 'build_base': '/home/yamashita/ros2_ws/build/mypkg', 'catkin_cmake_args': None, 'catkin_skip_building_tests': False, 'cmake_args': None, 'cmake_clean_cache': False, 'cmake_clean_first': False, 'cmake_force_configure': False, 'cmake_target': None, 'cmake_target_skip_unavailable': False, 'install_base': '/home/yamashita/ros2_ws/install/mypkg', 'merge_install': False, 'path': '/home/yamashita/ros2_ws/src/mypkg', 'symlink_install': False, 'test_result_base': None}
[13.471s] INFO:colcon.colcon_core.executor:Executing jobs using 'parallel' executor
[13.624s] DEBUG:colcon.colcon_parallel_executor.executor.parallel:run_until_complete
[13.625s] INFO:colcon.colcon_ros.task.ament_python.build:Building ROS package in '/home/yamashita/ros2_ws/src/mypkg' with build type 'ament_python'
[13.627s] Level 1:colcon.colcon_core.shell:create_environment_hook('mypkg', 'ament_prefix_path')
[13.800s] INFO:colcon.colcon_core.plugin_system:Skipping extension 'colcon_core.shell.bat': Not used on non-Windows systems
[13.802s] INFO:colcon.colcon_core.shell:Creating environment hook '/home/yamashita/ros2_ws/install/mypkg/share/mypkg/hook/ament_prefix_path.ps1'
[13.807s] INFO:colcon.colcon_core.shell:Creating environment descriptor '/home/yamashita/ros2_ws/install/mypkg/share/mypkg/hook/ament_prefix_path.dsv'
[13.810s] INFO:colcon.colcon_core.shell:Creating environment hook '/home/yamashita/ros2_ws/install/mypkg/share/mypkg/hook/ament_prefix_path.sh'
[13.970s] INFO:colcon.colcon_core.shell:Skip shell extension 'powershell' for command environment: Not usable outside of PowerShell
[13.970s] DEBUG:colcon.colcon_core.shell:Skip shell extension 'dsv' for command environment
[17.074s] DEBUG:colcon.colcon_parallel_executor.executor.parallel:closing loop
[17.075s] DEBUG:colcon.colcon_parallel_executor.executor.parallel:loop closed
[17.075s] DEBUG:colcon.colcon_parallel_executor.executor.parallel:run_until_complete finished with 'Command '['/usr/bin/python3', '-c', 'import sys;from contextlib import suppress;exec("with suppress(ImportError):    from setuptools.extern.packaging.specifiers    import SpecifierSet");exec("with suppress(ImportError):    from packaging.specifiers import SpecifierSet");from distutils.core import run_setup;dist = run_setup(    \'setup.py\', script_args=(\'--dry-run\',), stop_after=\'config\');skip_keys = (\'cmdclass\', \'distclass\', \'ext_modules\', \'metadata\');data = {    key: value for key, value in dist.__dict__.items()     if (        not key.startswith(\'_\') and         not callable(value) and         key not in skip_keys and         key not in dist.display_option_names    )};data[\'metadata\'] = {    k: v for k, v in dist.metadata.__dict__.items()     if k not in (\'license_files\', \'provides_extras\')};sys.stdout.buffer.write(repr(data).encode(\'utf-8\'))']' returned non-zero exit status 1.'
[17.076s] DEBUG:colcon.colcon_core.event_reactor:joining thread
[17.264s] INFO:colcon.colcon_core.plugin_system:Skipping extension 'colcon_notification.desktop_notification.notify_send': Could not find 'notify-send'
[17.265s] INFO:colcon.colcon_core.plugin_system:Skipping extension 'colcon_notification.desktop_notification.terminal_notifier': Not used on non-Darwin systems
[17.265s] INFO:colcon.colcon_core.plugin_system:Skipping extension 'colcon_notification.desktop_notification.win32': Not used on non-Windows systems
[17.266s] INFO:colcon.colcon_notification.desktop_notification:Sending desktop notification using 'notify2'
[17.271s] DEBUG:colcon.colcon_notification.desktop_notification.notify2:Failed to initialize notify2: org.freedesktop.DBus.Error.ServiceUnknown: The name org.freedesktop.Notifications was not provided by any .service files
[17.272s] DEBUG:colcon.colcon_core.event_reactor:joined thread
[17.426s] INFO:colcon.colcon_core.shell:Creating prefix script '/home/yamashita/ros2_ws/install/local_setup.ps1'
[17.434s] INFO:colcon.colcon_core.shell:Creating prefix util module '/home/yamashita/ros2_ws/install/_local_setup_util_ps1.py'
[17.445s] INFO:colcon.colcon_core.shell:Creating prefix chain script '/home/yamashita/ros2_ws/install/setup.ps1'
[17.601s] INFO:colcon.colcon_core.shell:Creating prefix script '/home/yamashita/ros2_ws/install/local_setup.sh'
[17.607s] INFO:colcon.colcon_core.shell:Creating prefix util module '/home/yamashita/ros2_ws/install/_local_setup_util_sh.py'
[17.611s] INFO:colcon.colcon_core.shell:Creating prefix chain script '/home/yamashita/ros2_ws/install/setup.sh'
[17.767s] INFO:colcon.colcon_core.shell:Creating prefix script '/home/yamashita/ros2_ws/install/local_setup.bash'
[17.771s] INFO:colcon.colcon_core.shell:Creating prefix chain script '/home/yamashita/ros2_ws/install/setup.bash'
[17.927s] INFO:colcon.colcon_core.shell:Creating prefix script '/home/yamashita/ros2_ws/install/local_setup.zsh'
[17.931s] INFO:colcon.colcon_core.shell:Creating prefix chain script '/home/yamashita/ros2_ws/install/setup.zsh'
