[10.452s] DEBUG:colcon:Command line arguments: ['/usr/bin/colcon', 'build']
[10.453s] DEBUG:colcon:Parsed command line arguments: Namespace(log_base=None, log_level=None, verb_name='build', build_base='build', install_base='install', merge_install=False, symlink_install=False, test_result_base=None, continue_on_error=False, executor='parallel', parallel_workers=4, event_handlers=None, ignore_user_meta=False, metas=['./colcon.meta'], base_paths=['.'], packages_ignore=None, packages_ignore_regex=None, paths=None, packages_up_to=None, packages_up_to_regex=None, packages_above=None, packages_above_and_dependencies=None, packages_above_depth=None, packages_select_by_dep=None, packages_skip_by_dep=None, packages_skip_up_to=None, packages_select_build_failed=False, packages_skip_build_finished=False, packages_select_test_failures=False, packages_skip_test_passed=False, packages_select=None, packages_skip=None, packages_select_regex=None, packages_skip_regex=None, packages_start=None, packages_end=None, allow_overriding=[], cmake_args=None, cmake_target=None, cmake_target_skip_unavailable=False, cmake_clean_cache=False, cmake_clean_first=False, cmake_force_configure=False, ament_cmake_args=None, catkin_cmake_args=None, catkin_skip_building_tests=False, verb_parser=<colcon_defaults.argument_parser.defaults.DefaultArgumentsDecorator object at 0xffffabe31e10>, verb_extension=<colcon_core.verb.build.BuildVerb object at 0xffffac3278e0>, main=<bound method BuildVerb.main of <colcon_core.verb.build.BuildVerb object at 0xffffac3278e0>>)
[10.912s] Level 1:colcon.colcon_core.package_discovery:discover_packages(colcon_meta) check parameters
[10.913s] Level 1:colcon.colcon_core.package_discovery:discover_packages(recursive) check parameters
[10.913s] Level 1:colcon.colcon_core.package_discovery:discover_packages(ignore) check parameters
[10.914s] Level 1:colcon.colcon_core.package_discovery:discover_packages(path) check parameters
[10.914s] Level 1:colcon.colcon_core.package_discovery:discover_packages(colcon_meta) discover
[10.914s] Level 1:colcon.colcon_core.package_discovery:discover_packages(recursive) discover
[10.915s] INFO:colcon.colcon_core.package_discovery:Crawling recursively for packages in '/home/yamashita/ros2_ws'
[10.915s] Level 1:colcon.colcon_core.package_identification:_identify(.) by extensions ['ignore', 'ignore_ament_install']
[10.916s] Level 1:colcon.colcon_core.package_identification:_identify(.) by extension 'ignore'
[10.917s] Level 1:colcon.colcon_core.package_identification:_identify(.) by extension 'ignore_ament_install'
[10.917s] Level 1:colcon.colcon_core.package_identification:_identify(.) by extensions ['colcon_pkg']
[10.917s] Level 1:colcon.colcon_core.package_identification:_identify(.) by extension 'colcon_pkg'
[10.918s] Level 1:colcon.colcon_core.package_identification:_identify(.) by extensions ['colcon_meta']
[10.918s] Level 1:colcon.colcon_core.package_identification:_identify(.) by extension 'colcon_meta'
[10.918s] Level 1:colcon.colcon_core.package_identification:_identify(.) by extensions ['ros']
[10.918s] Level 1:colcon.colcon_core.package_identification:_identify(.) by extension 'ros'
[11.009s] Level 1:colcon.colcon_core.package_identification:_identify(.) by extensions ['cmake', 'python']
[11.010s] Level 1:colcon.colcon_core.package_identification:_identify(.) by extension 'cmake'
[11.010s] Level 1:colcon.colcon_core.package_identification:_identify(.) by extension 'python'
[11.010s] Level 1:colcon.colcon_core.package_identification:_identify(.) by extensions ['python_setup_py']
[11.011s] Level 1:colcon.colcon_core.package_identification:_identify(.) by extension 'python_setup_py'
[11.012s] Level 1:colcon.colcon_core.package_identification:_identify(build) by extensions ['ignore', 'ignore_ament_install']
[11.012s] Level 1:colcon.colcon_core.package_identification:_identify(build) by extension 'ignore'
[11.013s] Level 1:colcon.colcon_core.package_identification:_identify(build) ignored
[11.014s] Level 1:colcon.colcon_core.package_identification:_identify(install) by extensions ['ignore', 'ignore_ament_install']
[11.015s] Level 1:colcon.colcon_core.package_identification:_identify(install) by extension 'ignore'
[11.015s] Level 1:colcon.colcon_core.package_identification:_identify(install) ignored
[11.017s] Level 1:colcon.colcon_core.package_identification:_identify(log) by extensions ['ignore', 'ignore_ament_install']
[11.017s] Level 1:colcon.colcon_core.package_identification:_identify(log) by extension 'ignore'
[11.018s] Level 1:colcon.colcon_core.package_identification:_identify(log) ignored
[11.019s] Level 1:colcon.colcon_core.package_identification:_identify(src) by extensions ['ignore', 'ignore_ament_install']
[11.019s] Level 1:colcon.colcon_core.package_identification:_identify(src) by extension 'ignore'
[11.020s] Level 1:colcon.colcon_core.package_identification:_identify(src) by extension 'ignore_ament_install'
[11.020s] Level 1:colcon.colcon_core.package_identification:_identify(src) by extensions ['colcon_pkg']
[11.020s] Level 1:colcon.colcon_core.package_identification:_identify(src) by extension 'colcon_pkg'
[11.021s] Level 1:colcon.colcon_core.package_identification:_identify(src) by extensions ['colcon_meta']
[11.021s] Level 1:colcon.colcon_core.package_identification:_identify(src) by extension 'colcon_meta'
[11.021s] Level 1:colcon.colcon_core.package_identification:_identify(src) by extensions ['ros']
[11.022s] Level 1:colcon.colcon_core.package_identification:_identify(src) by extension 'ros'
[11.022s] Level 1:colcon.colcon_core.package_identification:_identify(src) by extensions ['cmake', 'python']
[11.023s] Level 1:colcon.colcon_core.package_identification:_identify(src) by extension 'cmake'
[11.023s] Level 1:colcon.colcon_core.package_identification:_identify(src) by extension 'python'
[11.023s] Level 1:colcon.colcon_core.package_identification:_identify(src) by extensions ['python_setup_py']
[11.024s] Level 1:colcon.colcon_core.package_identification:_identify(src) by extension 'python_setup_py'
[11.025s] Level 1:colcon.colcon_core.package_identification:_identify(src/build) by extensions ['ignore', 'ignore_ament_install']
[11.025s] Level 1:colcon.colcon_core.package_identification:_identify(src/build) by extension 'ignore'
[11.026s] Level 1:colcon.colcon_core.package_identification:_identify(src/build) ignored
[11.027s] Level 1:colcon.colcon_core.package_identification:_identify(src/install) by extensions ['ignore', 'ignore_ament_install']
[11.027s] Level 1:colcon.colcon_core.package_identification:_identify(src/install) by extension 'ignore'
[11.028s] Level 1:colcon.colcon_core.package_identification:_identify(src/install) ignored
[11.029s] Level 1:colcon.colcon_core.package_identification:_identify(src/log) by extensions ['ignore', 'ignore_ament_install']
[11.030s] Level 1:colcon.colcon_core.package_identification:_identify(src/log) by extension 'ignore'
[11.030s] Level 1:colcon.colcon_core.package_identification:_identify(src/log) ignored
[11.031s] Level 1:colcon.colcon_core.package_identification:_identify(src/mypkg) by extensions ['ignore', 'ignore_ament_install']
[11.032s] Level 1:colcon.colcon_core.package_identification:_identify(src/mypkg) by extension 'ignore'
[11.032s] Level 1:colcon.colcon_core.package_identification:_identify(src/mypkg) by extension 'ignore_ament_install'
[11.033s] Level 1:colcon.colcon_core.package_identification:_identify(src/mypkg) by extensions ['colcon_pkg']
[11.033s] Level 1:colcon.colcon_core.package_identification:_identify(src/mypkg) by extension 'colcon_pkg'
[11.033s] Level 1:colcon.colcon_core.package_identification:_identify(src/mypkg) by extensions ['colcon_meta']
[11.034s] Level 1:colcon.colcon_core.package_identification:_identify(src/mypkg) by extension 'colcon_meta'
[11.034s] Level 1:colcon.colcon_core.package_identification:_identify(src/mypkg) by extensions ['ros']
[11.034s] Level 1:colcon.colcon_core.package_identification:_identify(src/mypkg) by extension 'ros'
[11.058s] DEBUG:colcon.colcon_core.package_identification:Package 'src/mypkg' with type 'ros.ament_python' and name 'mypkg'
[11.060s] Level 1:colcon.colcon_core.package_identification:_identify(src/person_msgs) by extensions ['ignore', 'ignore_ament_install']
[11.060s] Level 1:colcon.colcon_core.package_identification:_identify(src/person_msgs) by extension 'ignore'
[11.061s] Level 1:colcon.colcon_core.package_identification:_identify(src/person_msgs) by extension 'ignore_ament_install'
[11.061s] Level 1:colcon.colcon_core.package_identification:_identify(src/person_msgs) by extensions ['colcon_pkg']
[11.062s] Level 1:colcon.colcon_core.package_identification:_identify(src/person_msgs) by extension 'colcon_pkg'
[11.062s] Level 1:colcon.colcon_core.package_identification:_identify(src/person_msgs) by extensions ['colcon_meta']
[11.062s] Level 1:colcon.colcon_core.package_identification:_identify(src/person_msgs) by extension 'colcon_meta'
[11.063s] Level 1:colcon.colcon_core.package_identification:_identify(src/person_msgs) by extensions ['ros']
[11.063s] Level 1:colcon.colcon_core.package_identification:_identify(src/person_msgs) by extension 'ros'
[11.067s] DEBUG:colcon.colcon_core.package_identification:Failed to parse potential ROS package manifest in'src/person_msgs': Error(s) in package 'src/person_msgs/package.xml':
The manifest contains invalid XML:
mismatched tag: line 22, column 2
[11.068s] Level 1:colcon.colcon_core.package_identification:_identify(src/person_msgs) by extensions ['cmake', 'python']
[11.068s] Level 1:colcon.colcon_core.package_identification:_identify(src/person_msgs) by extension 'cmake'
[11.079s] Level 1:colcon.colcon_core.package_identification:_identify(src/person_msgs) by extension 'python'
[11.079s] DEBUG:colcon.colcon_core.package_identification:Package 'src/person_msgs' with type 'cmake' and name 'person_msgs'
[11.080s] Level 1:colcon.colcon_core.package_discovery:discover_packages(recursive) using defaults
[11.080s] Level 1:colcon.colcon_core.package_discovery:discover_packages(ignore) discover
[11.080s] Level 1:colcon.colcon_core.package_discovery:discover_packages(ignore) using defaults
[11.081s] Level 1:colcon.colcon_core.package_discovery:discover_packages(path) discover
[11.081s] Level 1:colcon.colcon_core.package_discovery:discover_packages(path) using defaults
[11.986s] Level 1:colcon.colcon_core.package_discovery:discover_packages(prefix_path) check parameters
[11.986s] Level 1:colcon.colcon_core.package_discovery:discover_packages(prefix_path) discover
[12.297s] DEBUG:colcon.colcon_installed_package_information.package_discovery:Found 1 installed packages in /home/yamashita/ros2_ws/install
[12.464s] DEBUG:colcon.colcon_installed_package_information.package_discovery:Found 283 installed packages in /opt/ros/humble
[12.555s] Level 1:colcon.colcon_core.package_discovery:discover_packages(prefix_path) using defaults
[13.515s] Level 5:colcon.colcon_core.verb:set package 'mypkg' build argument 'cmake_args' from command line to 'None'
[13.515s] Level 5:colcon.colcon_core.verb:set package 'mypkg' build argument 'cmake_target' from command line to 'None'
[13.516s] Level 5:colcon.colcon_core.verb:set package 'mypkg' build argument 'cmake_target_skip_unavailable' from command line to 'False'
[13.516s] Level 5:colcon.colcon_core.verb:set package 'mypkg' build argument 'cmake_clean_cache' from command line to 'False'
[13.516s] Level 5:colcon.colcon_core.verb:set package 'mypkg' build argument 'cmake_clean_first' from command line to 'False'
[13.516s] Level 5:colcon.colcon_core.verb:set package 'mypkg' build argument 'cmake_force_configure' from command line to 'False'
[13.517s] Level 5:colcon.colcon_core.verb:set package 'mypkg' build argument 'ament_cmake_args' from command line to 'None'
[13.517s] Level 5:colcon.colcon_core.verb:set package 'mypkg' build argument 'catkin_cmake_args' from command line to 'None'
[13.517s] Level 5:colcon.colcon_core.verb:set package 'mypkg' build argument 'catkin_skip_building_tests' from command line to 'False'
[13.517s] DEBUG:colcon.colcon_core.verb:Building package 'mypkg' with the following arguments: {'ament_cmake_args': None, 'build_base': '/home/yamashita/ros2_ws/build/mypkg', 'catkin_cmake_args': None, 'catkin_skip_building_tests': False, 'cmake_args': None, 'cmake_clean_cache': False, 'cmake_clean_first': False, 'cmake_force_configure': False, 'cmake_target': None, 'cmake_target_skip_unavailable': False, 'install_base': '/home/yamashita/ros2_ws/install/mypkg', 'merge_install': False, 'path': '/home/yamashita/ros2_ws/src/mypkg', 'symlink_install': False, 'test_result_base': None}
[13.670s] Level 5:colcon.colcon_core.verb:set package 'person_msgs' build argument 'cmake_args' from command line to 'None'
[13.670s] Level 5:colcon.colcon_core.verb:set package 'person_msgs' build argument 'cmake_target' from command line to 'None'
[13.670s] Level 5:colcon.colcon_core.verb:set package 'person_msgs' build argument 'cmake_target_skip_unavailable' from command line to 'False'
[13.671s] Level 5:colcon.colcon_core.verb:set package 'person_msgs' build argument 'cmake_clean_cache' from command line to 'False'
[13.671s] Level 5:colcon.colcon_core.verb:set package 'person_msgs' build argument 'cmake_clean_first' from command line to 'False'
[13.671s] Level 5:colcon.colcon_core.verb:set package 'person_msgs' build argument 'cmake_force_configure' from command line to 'False'
[13.671s] Level 5:colcon.colcon_core.verb:set package 'person_msgs' build argument 'ament_cmake_args' from command line to 'None'
[13.671s] Level 5:colcon.colcon_core.verb:set package 'person_msgs' build argument 'catkin_cmake_args' from command line to 'None'
[13.672s] Level 5:colcon.colcon_core.verb:set package 'person_msgs' build argument 'catkin_skip_building_tests' from command line to 'False'
[13.672s] DEBUG:colcon.colcon_core.verb:Building package 'person_msgs' with the following arguments: {'ament_cmake_args': None, 'build_base': '/home/yamashita/ros2_ws/build/person_msgs', 'catkin_cmake_args': None, 'catkin_skip_building_tests': False, 'cmake_args': None, 'cmake_clean_cache': False, 'cmake_clean_first': False, 'cmake_force_configure': False, 'cmake_target': None, 'cmake_target_skip_unavailable': False, 'install_base': '/home/yamashita/ros2_ws/install/person_msgs', 'merge_install': False, 'path': '/home/yamashita/ros2_ws/src/person_msgs', 'symlink_install': False, 'test_result_base': None}
[13.823s] INFO:colcon.colcon_core.executor:Executing jobs using 'parallel' executor
[13.981s] DEBUG:colcon.colcon_parallel_executor.executor.parallel:run_until_complete
[13.983s] INFO:colcon.colcon_ros.task.ament_python.build:Building ROS package in '/home/yamashita/ros2_ws/src/mypkg' with build type 'ament_python'
[13.984s] Level 1:colcon.colcon_core.shell:create_environment_hook('mypkg', 'ament_prefix_path')
[14.156s] INFO:colcon.colcon_core.plugin_system:Skipping extension 'colcon_core.shell.bat': Not used on non-Windows systems
[14.158s] INFO:colcon.colcon_core.shell:Creating environment hook '/home/yamashita/ros2_ws/install/mypkg/share/mypkg/hook/ament_prefix_path.ps1'
[14.163s] INFO:colcon.colcon_core.shell:Creating environment descriptor '/home/yamashita/ros2_ws/install/mypkg/share/mypkg/hook/ament_prefix_path.dsv'
[14.167s] INFO:colcon.colcon_core.shell:Creating environment hook '/home/yamashita/ros2_ws/install/mypkg/share/mypkg/hook/ament_prefix_path.sh'
[14.327s] INFO:colcon.colcon_core.shell:Skip shell extension 'powershell' for command environment: Not usable outside of PowerShell
[14.328s] DEBUG:colcon.colcon_core.shell:Skip shell extension 'dsv' for command environment
[14.820s] INFO:colcon.colcon_cmake.task.cmake.build:Building CMake package in '/home/yamashita/ros2_ws/src/person_msgs'
[14.981s] INFO:colcon.colcon_core.shell:Skip shell extension 'powershell' for command environment: Not usable outside of PowerShell
[14.981s] DEBUG:colcon.colcon_core.shell:Skip shell extension 'dsv' for command environment
[17.990s] INFO:colcon.colcon_core.task.python.build:Building Python package in '/home/yamashita/ros2_ws/src/mypkg'
[18.146s] INFO:colcon.colcon_core.shell:Skip shell extension 'powershell' for command environment: Not usable outside of PowerShell
[18.147s] DEBUG:colcon.colcon_core.shell:Skip shell extension 'dsv' for command environment
[18.660s] DEBUG:colcon.colcon_core.event_handler.log_command:Invoking command in '/home/yamashita/ros2_ws/build/person_msgs': /usr/bin/cmake /home/yamashita/ros2_ws/src/person_msgs -DCMAKE_INSTALL_PREFIX=/home/yamashita/ros2_ws/install/person_msgs
[22.622s] DEBUG:colcon.colcon_core.event_handler.log_command:Invoking command in '/home/yamashita/ros2_ws/src/mypkg': PYTHONPATH=/home/yamashita/ros2_ws/build/mypkg/prefix_override:/home/yamashita/ros2_ws/install/mypkg/lib/python3.10/site-packages:${PYTHONPATH} /usr/bin/python3 setup.py egg_info --egg-base ../../build/mypkg build --build-base /home/yamashita/ros2_ws/build/mypkg/build install --record /home/yamashita/ros2_ws/build/mypkg/install.log --single-version-externally-managed
[23.221s] DEBUG:colcon.colcon_core.event_handler.log_command:Invoked command in '/home/yamashita/ros2_ws/build/person_msgs' returned '1': /usr/bin/cmake /home/yamashita/ros2_ws/src/person_msgs -DCMAKE_INSTALL_PREFIX=/home/yamashita/ros2_ws/install/person_msgs
[25.511s] DEBUG:colcon.colcon_parallel_executor.executor.parallel:closing loop
[25.513s] DEBUG:colcon.colcon_parallel_executor.executor.parallel:loop closed
[25.513s] DEBUG:colcon.colcon_parallel_executor.executor.parallel:run_until_complete finished with '1'
[25.514s] DEBUG:colcon.colcon_core.event_reactor:joining thread
[25.710s] INFO:colcon.colcon_core.plugin_system:Skipping extension 'colcon_notification.desktop_notification.notify_send': Could not find 'notify-send'
[25.711s] INFO:colcon.colcon_core.plugin_system:Skipping extension 'colcon_notification.desktop_notification.terminal_notifier': Not used on non-Darwin systems
[25.719s] INFO:colcon.colcon_core.plugin_system:Skipping extension 'colcon_notification.desktop_notification.win32': Not used on non-Windows systems
[25.720s] INFO:colcon.colcon_notification.desktop_notification:Sending desktop notification using 'notify2'
[25.727s] DEBUG:colcon.colcon_notification.desktop_notification.notify2:Failed to initialize notify2: org.freedesktop.DBus.Error.ServiceUnknown: The name org.freedesktop.Notifications was not provided by any .service files
[25.728s] DEBUG:colcon.colcon_core.event_reactor:joined thread
[25.888s] INFO:colcon.colcon_core.shell:Creating prefix script '/home/yamashita/ros2_ws/install/local_setup.ps1'
[25.895s] INFO:colcon.colcon_core.shell:Creating prefix util module '/home/yamashita/ros2_ws/install/_local_setup_util_ps1.py'
[25.907s] INFO:colcon.colcon_core.shell:Creating prefix chain script '/home/yamashita/ros2_ws/install/setup.ps1'
[26.065s] INFO:colcon.colcon_core.shell:Creating prefix script '/home/yamashita/ros2_ws/install/local_setup.sh'
[26.069s] INFO:colcon.colcon_core.shell:Creating prefix util module '/home/yamashita/ros2_ws/install/_local_setup_util_sh.py'
[26.074s] INFO:colcon.colcon_core.shell:Creating prefix chain script '/home/yamashita/ros2_ws/install/setup.sh'
[26.232s] INFO:colcon.colcon_core.shell:Creating prefix script '/home/yamashita/ros2_ws/install/local_setup.bash'
[26.237s] INFO:colcon.colcon_core.shell:Creating prefix chain script '/home/yamashita/ros2_ws/install/setup.bash'
[26.396s] INFO:colcon.colcon_core.shell:Creating prefix script '/home/yamashita/ros2_ws/install/local_setup.zsh'
[26.401s] INFO:colcon.colcon_core.shell:Creating prefix chain script '/home/yamashita/ros2_ws/install/setup.zsh'
