[7.315s] Invoking command in '/home/yamashita/ros2_ws/src/mypkg': PYTHONPATH=/home/yamashita/ros2_ws/build/mypkg/prefix_override:/home/yamashita/ros2_ws/install/mypkg/lib/python3.10/site-packages:${PYTHONPATH} /usr/bin/python3 setup.py egg_info --egg-base ../../build/mypkg build --build-base /home/yamashita/ros2_ws/build/mypkg/build install --record /home/yamashita/ros2_ws/build/mypkg/install.log --single-version-externally-managed
[9.622s] running egg_info
[9.627s] creating ../../build/mypkg/mypkg.egg-info
[9.629s] writing ../../build/mypkg/mypkg.egg-info/PKG-INFO
[9.631s] writing dependency_links to ../../build/mypkg/mypkg.egg-info/dependency_links.txt
[9.632s] writing entry points to ../../build/mypkg/mypkg.egg-info/entry_points.txt
[9.634s] writing requirements to ../../build/mypkg/mypkg.egg-info/requires.txt
[9.635s] writing top-level names to ../../build/mypkg/mypkg.egg-info/top_level.txt
[9.636s] writing manifest file '../../build/mypkg/mypkg.egg-info/SOURCES.txt'
[9.649s] reading manifest file '../../build/mypkg/mypkg.egg-info/SOURCES.txt'
[9.655s] writing manifest file '../../build/mypkg/mypkg.egg-info/SOURCES.txt'
[9.656s] running build
[9.657s] running build_py
[9.659s] creating /home/yamashita/ros2_ws/build/mypkg/build
[9.660s] creating /home/yamashita/ros2_ws/build/mypkg/build/lib
[9.661s] creating /home/yamashita/ros2_ws/build/mypkg/build/lib/mypkg
[9.662s] copying mypkg/__init__.py -> /home/yamashita/ros2_ws/build/mypkg/build/lib/mypkg
[9.663s] copying mypkg/talker.py -> /home/yamashita/ros2_ws/build/mypkg/build/lib/mypkg
[9.664s] running install
[9.665s] /usr/lib/python3/dist-packages/setuptools/command/install.py:34: SetuptoolsDeprecationWarning: setup.py install is deprecated. Use build and pip and other standards-based tools.
[9.666s]   warnings.warn(
[9.667s] running install_lib
[9.672s] creating /home/yamashita/ros2_ws/install/mypkg/lib/python3.10/site-packages/mypkg
[9.673s] copying /home/yamashita/ros2_ws/build/mypkg/build/lib/mypkg/__init__.py -> /home/yamashita/ros2_ws/install/mypkg/lib/python3.10/site-packages/mypkg
[9.675s] copying /home/yamashita/ros2_ws/build/mypkg/build/lib/mypkg/talker.py -> /home/yamashita/ros2_ws/install/mypkg/lib/python3.10/site-packages/mypkg
[9.679s] byte-compiling /home/yamashita/ros2_ws/install/mypkg/lib/python3.10/site-packages/mypkg/__init__.py to __init__.cpython-310.pyc
[9.681s] byte-compiling /home/yamashita/ros2_ws/install/mypkg/lib/python3.10/site-packages/mypkg/talker.py to talker.cpython-310.pyc
[9.684s] running install_data
[9.688s] creating /home/yamashita/ros2_ws/install/mypkg/share/ament_index
[9.690s] creating /home/yamashita/ros2_ws/install/mypkg/share/ament_index/resource_index
[9.691s] creating /home/yamashita/ros2_ws/install/mypkg/share/ament_index/resource_index/packages
[9.692s] copying resource/mypkg -> /home/yamashita/ros2_ws/install/mypkg/share/ament_index/resource_index/packages
[9.692s] copying package.xml -> /home/yamashita/ros2_ws/install/mypkg/share/mypkg
[9.693s] running install_egg_info
[9.706s] Copying ../../build/mypkg/mypkg.egg-info to /home/yamashita/ros2_ws/install/mypkg/lib/python3.10/site-packages/mypkg-0.0.0-py3.10.egg-info
[9.716s] running install_scripts
[9.874s] Installing talker script to /home/yamashita/ros2_ws/install/mypkg/lib/mypkg
[9.876s] writing list of installed files to '/home/yamashita/ros2_ws/build/mypkg/install.log'
[10.106s] Invoked command in '/home/yamashita/ros2_ws/src/mypkg' returned '0': PYTHONPATH=/home/yamashita/ros2_ws/build/mypkg/prefix_override:/home/yamashita/ros2_ws/install/mypkg/lib/python3.10/site-packages:${PYTHONPATH} /usr/bin/python3 setup.py egg_info --egg-base ../../build/mypkg build --build-base /home/yamashita/ros2_ws/build/mypkg/build install --record /home/yamashita/ros2_ws/build/mypkg/install.log --single-version-externally-managed
