[7.349s] Invoking command in '/home/yamashita/ros2_ws/src/mypkg': PYTHONPATH=/home/yamashita/ros2_ws/build/mypkg/prefix_override:/home/yamashita/ros2_ws/install/mypkg/lib/python3.10/site-packages:${PYTHONPATH} /usr/bin/python3 setup.py egg_info --egg-base ../../build/mypkg build --build-base /home/yamashita/ros2_ws/build/mypkg/build install --record /home/yamashita/ros2_ws/build/mypkg/install.log --single-version-externally-managed
[9.682s] running egg_info
[9.689s] writing ../../build/mypkg/mypkg.egg-info/PKG-INFO
[9.691s] writing dependency_links to ../../build/mypkg/mypkg.egg-info/dependency_links.txt
[9.692s] writing entry points to ../../build/mypkg/mypkg.egg-info/entry_points.txt
[9.694s] writing requirements to ../../build/mypkg/mypkg.egg-info/requires.txt
[9.696s] writing top-level names to ../../build/mypkg/mypkg.egg-info/top_level.txt
[9.711s] reading manifest file '../../build/mypkg/mypkg.egg-info/SOURCES.txt'
[9.718s] writing manifest file '../../build/mypkg/mypkg.egg-info/SOURCES.txt'
[9.720s] running build
[9.721s] running build_py
[9.723s] running install
[9.725s] /usr/lib/python3/dist-packages/setuptools/command/install.py:34: SetuptoolsDeprecationWarning: setup.py install is deprecated. Use build and pip and other standards-based tools.
[9.725s]   warnings.warn(
[9.727s] running install_lib
[9.736s] byte-compiling /home/yamashita/ros2_ws/install/mypkg/lib/python3.10/site-packages/mypkg/listener.py to listener.cpython-310.pyc
[9.738s]   File "/home/yamashita/ros2_ws/install/mypkg/lib/python3.10/site-packages/mypkg/listener.py", line 6
[9.739s]     node.get_logger().info("Listen %d" $ msg.data)
[9.740s]                                        ^
[9.740s] SyntaxError: invalid syntax
[9.741s] 
[9.742s] running install_data
[9.743s] copying package.xml -> /home/yamashita/ros2_ws/install/mypkg/share/mypkg
[9.745s] running install_egg_info
[9.758s] removing '/home/yamashita/ros2_ws/install/mypkg/lib/python3.10/site-packages/mypkg-0.0.0-py3.10.egg-info' (and everything under it)
[9.761s] Copying ../../build/mypkg/mypkg.egg-info to /home/yamashita/ros2_ws/install/mypkg/lib/python3.10/site-packages/mypkg-0.0.0-py3.10.egg-info
[9.771s] running install_scripts
[9.930s] Installing listener script to /home/yamashita/ros2_ws/install/mypkg/lib/mypkg
[9.931s] Installing talker script to /home/yamashita/ros2_ws/install/mypkg/lib/mypkg
[9.934s] writing list of installed files to '/home/yamashita/ros2_ws/build/mypkg/install.log'
[10.165s] Invoked command in '/home/yamashita/ros2_ws/src/mypkg' returned '0': PYTHONPATH=/home/yamashita/ros2_ws/build/mypkg/prefix_override:/home/yamashita/ros2_ws/install/mypkg/lib/python3.10/site-packages:${PYTHONPATH} /usr/bin/python3 setup.py egg_info --egg-base ../../build/mypkg build --build-base /home/yamashita/ros2_ws/build/mypkg/build install --record /home/yamashita/ros2_ws/build/mypkg/install.log --single-version-externally-managed
