[0.000000] (-) TimerEvent: {}
[0.003165] (mypkg) JobQueued: {'identifier': 'mypkg', 'dependencies': OrderedDict()}
[0.003975] (mypkg) JobStarted: {'identifier': 'mypkg'}
[0.097485] (-) TimerEvent: {}
[0.199795] (-) TimerEvent: {}
[0.301173] (-) TimerEvent: {}
[0.402454] (-) TimerEvent: {}
[0.504938] (-) TimerEvent: {}
[0.607127] (-) TimerEvent: {}
[0.708517] (-) TimerEvent: {}
[0.809861] (-) TimerEvent: {}
[0.910986] (-) TimerEvent: {}
[1.012155] (-) TimerEvent: {}
[1.113195] (-) TimerEvent: {}
[1.214317] (-) TimerEvent: {}
[1.315438] (-) TimerEvent: {}
[1.416481] (-) TimerEvent: {}
[1.517572] (-) TimerEvent: {}
[1.618658] (-) TimerEvent: {}
[1.719786] (-) TimerEvent: {}
[1.821015] (-) TimerEvent: {}
[1.922112] (-) TimerEvent: {}
[2.023163] (-) TimerEvent: {}
[2.124327] (-) TimerEvent: {}
[2.225376] (-) TimerEvent: {}
[2.326462] (-) TimerEvent: {}
[2.427512] (-) TimerEvent: {}
[2.528574] (-) TimerEvent: {}
[2.629660] (-) TimerEvent: {}
[2.730760] (-) TimerEvent: {}
[2.831860] (-) TimerEvent: {}
[2.932949] (-) TimerEvent: {}
[3.034023] (-) TimerEvent: {}
[3.135057] (-) TimerEvent: {}
[3.236238] (-) TimerEvent: {}
[3.337437] (-) TimerEvent: {}
[3.431639] (mypkg) StderrLine: {'line': b'Traceback (most recent call last):\n  File "/usr/lib/python3/dist-packages/colcon_core/executor/__init__.py", line 91, in __call__\n    rc = await self.task(*args, **kwargs)\n  File "/usr/lib/python3/dist-packages/colcon_core/task/__init__.py", line 93, in __call__\n    return await task_method(*args, **kwargs)\n  File "/usr/lib/python3/dist-packages/colcon_ros/task/ament_python/build.py", line 51, in build\n    setup_py_data = get_setup_data(self.context.pkg, env)\n  File "/usr/lib/python3/dist-packages/colcon_core/task/python/__init__.py", line 20, in get_setup_data\n    return dict(pkg.metadata[key](env))\n  File "/usr/lib/python3/dist-packages/colcon_ros/package_augmentation/ros_ament_python.py", line 57, in getter\n    return get_setup_information(\n  File "/usr/lib/python3/dist-packages/colcon_python_setup_py/package_identification/python_setup_py.py", line 241, in get_setup_information\n    _setup_information_cache[hashable_env] = _get_setup_information(\n  File "/usr/lib/python3/dist-packages/colcon_python_setup_py/package_identification/python_setup_py.py", line 288, in _get_setup_information\n    result = subprocess.run(\n  File "/usr/lib/python3.10/subprocess.py", line 526, in run\n    raise CalledProcessError(retcode, process.args,\nsubprocess.CalledProcessError: Command \'[\'/usr/bin/python3\', \'-c\', \'import sys;from contextlib import suppress;exec("with suppress(ImportError):    from setuptools.extern.packaging.specifiers    import SpecifierSet");exec("with suppress(ImportError):    from packaging.specifiers import SpecifierSet");from distutils.core import run_setup;dist = run_setup(    \\\'setup.py\\\', script_args=(\\\'--dry-run\\\',), stop_after=\\\'config\\\');skip_keys = (\\\'cmdclass\\\', \\\'distclass\\\', \\\'ext_modules\\\', \\\'metadata\\\');data = {    key: value for key, value in dist.__dict__.items()     if (        not key.startswith(\\\'_\\\') and         not callable(value) and         key not in skip_keys and         key not in dist.display_option_names    )};data[\\\'metadata\\\'] = {    k: v for k, v in dist.metadata.__dict__.items()     if k not in (\\\'license_files\\\', \\\'provides_extras\\\')};sys.stdout.buffer.write(repr(data).encode(\\\'utf-8\\\'))\']\' returned non-zero exit status 1.\n'}
[3.434967] (mypkg) JobEnded: {'identifier': 'mypkg', 'rc': 1}
[3.438525] (-) TimerEvent: {}
[3.444686] (-) EventReactorShutdown: {}
