[7.379s] Invoking command in '/home/yamashita/ros2_ws/src/mypkg': PYTHONPATH=/home/yamashita/ros2_ws/build/mypkg/prefix_override:/home/yamashita/ros2_ws/install/mypkg/lib/python3.10/site-packages:${PYTHONPATH} /usr/bin/python3 setup.py egg_info --egg-base ../../build/mypkg build --build-base /home/yamashita/ros2_ws/build/mypkg/build install --record /home/yamashita/ros2_ws/build/mypkg/install.log --single-version-externally-managed
[9.702s] running egg_info
[9.707s] writing ../../build/mypkg/mypkg.egg-info/PKG-INFO
[9.709s] writing dependency_links to ../../build/mypkg/mypkg.egg-info/dependency_links.txt
[9.711s] writing entry points to ../../build/mypkg/mypkg.egg-info/entry_points.txt
[9.713s] writing requirements to ../../build/mypkg/mypkg.egg-info/requires.txt
[9.714s] writing top-level names to ../../build/mypkg/mypkg.egg-info/top_level.txt
[9.731s] reading manifest file '../../build/mypkg/mypkg.egg-info/SOURCES.txt'
[9.738s] writing manifest file '../../build/mypkg/mypkg.egg-info/SOURCES.txt'
[9.740s] running build
[9.741s] running build_py
[9.743s] running install
[9.745s] /usr/lib/python3/dist-packages/setuptools/command/install.py:34: SetuptoolsDeprecationWarning: setup.py install is deprecated. Use build and pip and other standards-based tools.
[9.746s]   warnings.warn(
[9.747s] running install_lib
[9.757s] running install_data
[9.762s] copying launch/talk_listen.launch.py -> /home/yamashita/ros2_ws/install/mypkg/share/mypkg
[9.763s] running install_egg_info
[9.776s] removing '/home/yamashita/ros2_ws/install/mypkg/lib/python3.10/site-packages/mypkg-0.0.0-py3.10.egg-info' (and everything under it)
[9.780s] Copying ../../build/mypkg/mypkg.egg-info to /home/yamashita/ros2_ws/install/mypkg/lib/python3.10/site-packages/mypkg-0.0.0-py3.10.egg-info
[9.789s] running install_scripts
[9.949s] Installing listener script to /home/yamashita/ros2_ws/install/mypkg/lib/mypkg
[9.951s] Installing talker script to /home/yamashita/ros2_ws/install/mypkg/lib/mypkg
[9.954s] writing list of installed files to '/home/yamashita/ros2_ws/build/mypkg/install.log'
[10.186s] Invoked command in '/home/yamashita/ros2_ws/src/mypkg' returned '0': PYTHONPATH=/home/yamashita/ros2_ws/build/mypkg/prefix_override:/home/yamashita/ros2_ws/install/mypkg/lib/python3.10/site-packages:${PYTHONPATH} /usr/bin/python3 setup.py egg_info --egg-base ../../build/mypkg build --build-base /home/yamashita/ros2_ws/build/mypkg/build install --record /home/yamashita/ros2_ws/build/mypkg/install.log --single-version-externally-managed
