[3.853s] Invoking command in '/home/yamashita/ros2_ws/build/person_msgs': CMAKE_PREFIX_PATH=${CMAKE_PREFIX_PATH}:/home/yamashita/ros2_ws/install/mypkg:/opt/ros/humble /usr/bin/cmake --build /home/yamashita/ros2_ws/build/person_msgs -- -j4 -l4
[4.259s] [  3%] Built target person_msgs__cpp
[4.286s] [ 12%] Built target person_msgs__rosidl_generator_c
[4.371s] [ 12%] Built target ament_cmake_python_copy_person_msgs
[4.532s] [ 22%] Built target person_msgs__rosidl_typesupport_cpp
[4.539s] [ 32%] Built target person_msgs__rosidl_typesupport_fastrtps_cpp
[4.578s] [ 41%] Built target person_msgs__rosidl_typesupport_introspection_cpp
[4.623s] [ 51%] Built target person_msgs__rosidl_typesupport_fastrtps_c
[4.749s] [ 61%] Built target person_msgs__rosidl_typesupport_introspection_c
[4.774s] [ 70%] Built target person_msgs__rosidl_typesupport_c
[4.947s] [ 70%] Built target person_msgs
[5.128s] [ 74%] Built target person_msgs__py
[5.322s] [ 80%] Built target person_msgs__rosidl_generator_py
[5.576s] [ 87%] Built target person_msgs__rosidl_typesupport_fastrtps_c__pyext
[5.622s] [ 93%] Built target person_msgs__rosidl_typesupport_c__pyext
[5.650s] [100%] Built target person_msgs__rosidl_typesupport_introspection_c__pyext
[7.528s] running egg_info
[7.536s] writing person_msgs.egg-info/PKG-INFO
[7.538s] writing dependency_links to person_msgs.egg-info/dependency_links.txt
[7.541s] writing top-level names to person_msgs.egg-info/top_level.txt
[7.561s] reading manifest file 'person_msgs.egg-info/SOURCES.txt'
[7.567s] writing manifest file 'person_msgs.egg-info/SOURCES.txt'
[7.852s] [100%] Built target ament_cmake_python_build_person_msgs_egg
[7.938s] Invoked command in '/home/yamashita/ros2_ws/build/person_msgs' returned '0': CMAKE_PREFIX_PATH=${CMAKE_PREFIX_PATH}:/home/yamashita/ros2_ws/install/mypkg:/opt/ros/humble /usr/bin/cmake --build /home/yamashita/ros2_ws/build/person_msgs -- -j4 -l4
[8.580s] Invoking command in '/home/yamashita/ros2_ws/build/person_msgs': CMAKE_PREFIX_PATH=${CMAKE_PREFIX_PATH}:/home/yamashita/ros2_ws/install/mypkg:/opt/ros/humble /usr/bin/cmake --install /home/yamashita/ros2_ws/build/person_msgs
[8.633s] -- Install configuration: ""
[8.635s] -- Up-to-date: /home/yamashita/ros2_ws/install/person_msgs/share/ament_index/resource_index/rosidl_interfaces/person_msgs
[8.637s] -- Up-to-date: /home/yamashita/ros2_ws/install/person_msgs/include/person_msgs/person_msgs
[8.639s] -- Up-to-date: /home/yamashita/ros2_ws/install/person_msgs/include/person_msgs/person_msgs/msg
[8.641s] -- Up-to-date: /home/yamashita/ros2_ws/install/person_msgs/include/person_msgs/person_msgs/msg/detail
[8.642s] -- Up-to-date: /home/yamashita/ros2_ws/install/person_msgs/include/person_msgs/person_msgs/msg/detail/person__struct.h
[8.643s] -- Up-to-date: /home/yamashita/ros2_ws/install/person_msgs/include/person_msgs/person_msgs/msg/detail/person__functions.h
[8.644s] -- Up-to-date: /home/yamashita/ros2_ws/install/person_msgs/include/person_msgs/person_msgs/msg/detail/person__functions.c
[8.645s] -- Up-to-date: /home/yamashita/ros2_ws/install/person_msgs/include/person_msgs/person_msgs/msg/detail/person__type_support.h
[8.647s] -- Up-to-date: /home/yamashita/ros2_ws/install/person_msgs/include/person_msgs/person_msgs/msg/person.h
[8.649s] -- Up-to-date: /home/yamashita/ros2_ws/install/person_msgs/include/person_msgs/person_msgs/msg/rosidl_generator_c__visibility_control.h
[8.650s] -- Up-to-date: /home/yamashita/ros2_ws/install/person_msgs/share/person_msgs/environment/library_path.sh
[8.651s] -- Up-to-date: /home/yamashita/ros2_ws/install/person_msgs/share/person_msgs/environment/library_path.dsv
[8.653s] -- Up-to-date: /home/yamashita/ros2_ws/install/person_msgs/lib/libperson_msgs__rosidl_generator_c.so
[8.653s] -- Up-to-date: /home/yamashita/ros2_ws/install/person_msgs/include/person_msgs/person_msgs
[8.654s] -- Up-to-date: /home/yamashita/ros2_ws/install/person_msgs/include/person_msgs/person_msgs/msg
[8.656s] -- Up-to-date: /home/yamashita/ros2_ws/install/person_msgs/include/person_msgs/person_msgs/msg/rosidl_typesupport_fastrtps_c__visibility_control.h
[8.658s] -- Up-to-date: /home/yamashita/ros2_ws/install/person_msgs/include/person_msgs/person_msgs/msg/detail
[8.659s] -- Up-to-date: /home/yamashita/ros2_ws/install/person_msgs/include/person_msgs/person_msgs/msg/detail/person__rosidl_typesupport_fastrtps_c.h
[8.660s] -- Up-to-date: /home/yamashita/ros2_ws/install/person_msgs/lib/libperson_msgs__rosidl_typesupport_fastrtps_c.so
[8.662s] -- Up-to-date: /home/yamashita/ros2_ws/install/person_msgs/include/person_msgs/person_msgs
[8.663s] -- Up-to-date: /home/yamashita/ros2_ws/install/person_msgs/include/person_msgs/person_msgs/msg
[8.664s] -- Up-to-date: /home/yamashita/ros2_ws/install/person_msgs/include/person_msgs/person_msgs/msg/detail
[8.665s] -- Up-to-date: /home/yamashita/ros2_ws/install/person_msgs/include/person_msgs/person_msgs/msg/detail/person__type_support.c
[8.666s] -- Up-to-date: /home/yamashita/ros2_ws/install/person_msgs/include/person_msgs/person_msgs/msg/detail/person__rosidl_typesupport_introspection_c.h
[8.667s] -- Up-to-date: /home/yamashita/ros2_ws/install/person_msgs/include/person_msgs/person_msgs/msg/rosidl_typesupport_introspection_c__visibility_control.h
[8.669s] -- Up-to-date: /home/yamashita/ros2_ws/install/person_msgs/lib/libperson_msgs__rosidl_typesupport_introspection_c.so
[8.671s] -- Up-to-date: /home/yamashita/ros2_ws/install/person_msgs/lib/libperson_msgs__rosidl_typesupport_c.so
[8.673s] -- Up-to-date: /home/yamashita/ros2_ws/install/person_msgs/include/person_msgs/person_msgs
[8.675s] -- Up-to-date: /home/yamashita/ros2_ws/install/person_msgs/include/person_msgs/person_msgs/msg
[8.677s] -- Up-to-date: /home/yamashita/ros2_ws/install/person_msgs/include/person_msgs/person_msgs/msg/detail
[8.678s] -- Up-to-date: /home/yamashita/ros2_ws/install/person_msgs/include/person_msgs/person_msgs/msg/detail/person__struct.hpp
[8.679s] -- Up-to-date: /home/yamashita/ros2_ws/install/person_msgs/include/person_msgs/person_msgs/msg/detail/person__builder.hpp
[8.680s] -- Up-to-date: /home/yamashita/ros2_ws/install/person_msgs/include/person_msgs/person_msgs/msg/detail/person__traits.hpp
[8.681s] -- Up-to-date: /home/yamashita/ros2_ws/install/person_msgs/include/person_msgs/person_msgs/msg/person.hpp
[8.683s] -- Up-to-date: /home/yamashita/ros2_ws/install/person_msgs/include/person_msgs/person_msgs
[8.684s] -- Up-to-date: /home/yamashita/ros2_ws/install/person_msgs/include/person_msgs/person_msgs/msg
[8.686s] -- Up-to-date: /home/yamashita/ros2_ws/install/person_msgs/include/person_msgs/person_msgs/msg/detail
[8.687s] -- Up-to-date: /home/yamashita/ros2_ws/install/person_msgs/include/person_msgs/person_msgs/msg/detail/dds_fastrtps
[8.688s] -- Up-to-date: /home/yamashita/ros2_ws/install/person_msgs/include/person_msgs/person_msgs/msg/detail/person__rosidl_typesupport_fastrtps_cpp.hpp
[8.689s] -- Up-to-date: /home/yamashita/ros2_ws/install/person_msgs/include/person_msgs/person_msgs/msg/rosidl_typesupport_fastrtps_cpp__visibility_control.h
[8.690s] -- Up-to-date: /home/yamashita/ros2_ws/install/person_msgs/lib/libperson_msgs__rosidl_typesupport_fastrtps_cpp.so
[8.691s] -- Up-to-date: /home/yamashita/ros2_ws/install/person_msgs/include/person_msgs/person_msgs
[8.692s] -- Up-to-date: /home/yamashita/ros2_ws/install/person_msgs/include/person_msgs/person_msgs/msg
[8.693s] -- Up-to-date: /home/yamashita/ros2_ws/install/person_msgs/include/person_msgs/person_msgs/msg/detail
[8.696s] -- Up-to-date: /home/yamashita/ros2_ws/install/person_msgs/include/person_msgs/person_msgs/msg/detail/person__type_support.cpp
[8.697s] -- Up-to-date: /home/yamashita/ros2_ws/install/person_msgs/include/person_msgs/person_msgs/msg/detail/person__rosidl_typesupport_introspection_cpp.hpp
[8.698s] -- Up-to-date: /home/yamashita/ros2_ws/install/person_msgs/lib/libperson_msgs__rosidl_typesupport_introspection_cpp.so
[8.699s] -- Up-to-date: /home/yamashita/ros2_ws/install/person_msgs/lib/libperson_msgs__rosidl_typesupport_cpp.so
[8.700s] -- Up-to-date: /home/yamashita/ros2_ws/install/person_msgs/share/person_msgs/environment/pythonpath.sh
[8.702s] -- Up-to-date: /home/yamashita/ros2_ws/install/person_msgs/share/person_msgs/environment/pythonpath.dsv
[8.703s] -- Up-to-date: /home/yamashita/ros2_ws/install/person_msgs/local/lib/python3.10/dist-packages/person_msgs-0.0.0-py3.10.egg-info
[8.704s] -- Installing: /home/yamashita/ros2_ws/install/person_msgs/local/lib/python3.10/dist-packages/person_msgs-0.0.0-py3.10.egg-info/SOURCES.txt
[8.705s] -- Installing: /home/yamashita/ros2_ws/install/person_msgs/local/lib/python3.10/dist-packages/person_msgs-0.0.0-py3.10.egg-info/dependency_links.txt
[8.706s] -- Installing: /home/yamashita/ros2_ws/install/person_msgs/local/lib/python3.10/dist-packages/person_msgs-0.0.0-py3.10.egg-info/PKG-INFO
[8.708s] -- Installing: /home/yamashita/ros2_ws/install/person_msgs/local/lib/python3.10/dist-packages/person_msgs-0.0.0-py3.10.egg-info/top_level.txt
[8.709s] -- Up-to-date: /home/yamashita/ros2_ws/install/person_msgs/local/lib/python3.10/dist-packages/person_msgs
[8.711s] -- Up-to-date: /home/yamashita/ros2_ws/install/person_msgs/local/lib/python3.10/dist-packages/person_msgs/person_msgs_s__rosidl_typesupport_c.cpython-310-aarch64-linux-gnu.so
[8.713s] -- Up-to-date: /home/yamashita/ros2_ws/install/person_msgs/local/lib/python3.10/dist-packages/person_msgs/msg
[8.714s] -- Up-to-date: /home/yamashita/ros2_ws/install/person_msgs/local/lib/python3.10/dist-packages/person_msgs/msg/_person_s.c
[8.716s] -- Up-to-date: /home/yamashita/ros2_ws/install/person_msgs/local/lib/python3.10/dist-packages/person_msgs/msg/_person.py
[8.717s] -- Up-to-date: /home/yamashita/ros2_ws/install/person_msgs/local/lib/python3.10/dist-packages/person_msgs/msg/__init__.py
[8.718s] -- Up-to-date: /home/yamashita/ros2_ws/install/person_msgs/local/lib/python3.10/dist-packages/person_msgs/_person_msgs_s.ep.rosidl_typesupport_fastrtps_c.c
[8.719s] -- Up-to-date: /home/yamashita/ros2_ws/install/person_msgs/local/lib/python3.10/dist-packages/person_msgs/libperson_msgs__rosidl_generator_py.so
[8.720s] -- Up-to-date: /home/yamashita/ros2_ws/install/person_msgs/local/lib/python3.10/dist-packages/person_msgs/person_msgs_s__rosidl_typesupport_introspection_c.cpython-310-aarch64-linux-gnu.so
[8.721s] -- Up-to-date: /home/yamashita/ros2_ws/install/person_msgs/local/lib/python3.10/dist-packages/person_msgs/person_msgs_s__rosidl_typesupport_fastrtps_c.cpython-310-aarch64-linux-gnu.so
[8.722s] -- Up-to-date: /home/yamashita/ros2_ws/install/person_msgs/local/lib/python3.10/dist-packages/person_msgs/_person_msgs_s.ep.rosidl_typesupport_c.c
[8.723s] -- Up-to-date: /home/yamashita/ros2_ws/install/person_msgs/local/lib/python3.10/dist-packages/person_msgs/__init__.py
[8.725s] -- Up-to-date: /home/yamashita/ros2_ws/install/person_msgs/local/lib/python3.10/dist-packages/person_msgs/_person_msgs_s.ep.rosidl_typesupport_introspection_c.c
[9.019s] Listing '/home/yamashita/ros2_ws/install/person_msgs/local/lib/python3.10/dist-packages/person_msgs'...
[9.021s] Listing '/home/yamashita/ros2_ws/install/person_msgs/local/lib/python3.10/dist-packages/person_msgs/msg'...
[9.079s] -- Up-to-date: /home/yamashita/ros2_ws/install/person_msgs/local/lib/python3.10/dist-packages/person_msgs/person_msgs_s__rosidl_typesupport_fastrtps_c.cpython-310-aarch64-linux-gnu.so
[9.083s] -- Up-to-date: /home/yamashita/ros2_ws/install/person_msgs/local/lib/python3.10/dist-packages/person_msgs/person_msgs_s__rosidl_typesupport_introspection_c.cpython-310-aarch64-linux-gnu.so
[9.088s] -- Up-to-date: /home/yamashita/ros2_ws/install/person_msgs/local/lib/python3.10/dist-packages/person_msgs/person_msgs_s__rosidl_typesupport_c.cpython-310-aarch64-linux-gnu.so
[9.092s] -- Up-to-date: /home/yamashita/ros2_ws/install/person_msgs/lib/libperson_msgs__rosidl_generator_py.so
[9.095s] -- Up-to-date: /home/yamashita/ros2_ws/install/person_msgs/share/person_msgs/msg/Person.idl
[9.097s] -- Up-to-date: /home/yamashita/ros2_ws/install/person_msgs/share/person_msgs/msg/Person.msg
[9.098s] -- Up-to-date: /home/yamashita/ros2_ws/install/person_msgs/share/ament_index/resource_index/package_run_dependencies/person_msgs
[9.100s] -- Up-to-date: /home/yamashita/ros2_ws/install/person_msgs/share/ament_index/resource_index/parent_prefix_path/person_msgs
[9.103s] -- Up-to-date: /home/yamashita/ros2_ws/install/person_msgs/share/person_msgs/environment/ament_prefix_path.sh
[9.105s] -- Up-to-date: /home/yamashita/ros2_ws/install/person_msgs/share/person_msgs/environment/ament_prefix_path.dsv
[9.106s] -- Up-to-date: /home/yamashita/ros2_ws/install/person_msgs/share/person_msgs/environment/path.sh
[9.107s] -- Up-to-date: /home/yamashita/ros2_ws/install/person_msgs/share/person_msgs/environment/path.dsv
[9.108s] -- Up-to-date: /home/yamashita/ros2_ws/install/person_msgs/share/person_msgs/local_setup.bash
[9.110s] -- Up-to-date: /home/yamashita/ros2_ws/install/person_msgs/share/person_msgs/local_setup.sh
[9.111s] -- Up-to-date: /home/yamashita/ros2_ws/install/person_msgs/share/person_msgs/local_setup.zsh
[9.113s] -- Up-to-date: /home/yamashita/ros2_ws/install/person_msgs/share/person_msgs/local_setup.dsv
[9.114s] -- Installing: /home/yamashita/ros2_ws/install/person_msgs/share/person_msgs/package.dsv
[9.116s] -- Up-to-date: /home/yamashita/ros2_ws/install/person_msgs/share/ament_index/resource_index/packages/person_msgs
[9.117s] -- Up-to-date: /home/yamashita/ros2_ws/install/person_msgs/share/person_msgs/cmake/export_person_msgs__rosidl_generator_cExport.cmake
[9.118s] -- Up-to-date: /home/yamashita/ros2_ws/install/person_msgs/share/person_msgs/cmake/export_person_msgs__rosidl_generator_cExport-noconfig.cmake
[9.120s] -- Up-to-date: /home/yamashita/ros2_ws/install/person_msgs/share/person_msgs/cmake/export_person_msgs__rosidl_typesupport_fastrtps_cExport.cmake
[9.121s] -- Up-to-date: /home/yamashita/ros2_ws/install/person_msgs/share/person_msgs/cmake/export_person_msgs__rosidl_typesupport_fastrtps_cExport-noconfig.cmake
[9.123s] -- Up-to-date: /home/yamashita/ros2_ws/install/person_msgs/share/person_msgs/cmake/person_msgs__rosidl_typesupport_introspection_cExport.cmake
[9.124s] -- Up-to-date: /home/yamashita/ros2_ws/install/person_msgs/share/person_msgs/cmake/person_msgs__rosidl_typesupport_introspection_cExport-noconfig.cmake
[9.126s] -- Up-to-date: /home/yamashita/ros2_ws/install/person_msgs/share/person_msgs/cmake/person_msgs__rosidl_typesupport_cExport.cmake
[9.127s] -- Up-to-date: /home/yamashita/ros2_ws/install/person_msgs/share/person_msgs/cmake/person_msgs__rosidl_typesupport_cExport-noconfig.cmake
[9.129s] -- Up-to-date: /home/yamashita/ros2_ws/install/person_msgs/share/person_msgs/cmake/export_person_msgs__rosidl_generator_cppExport.cmake
[9.130s] -- Up-to-date: /home/yamashita/ros2_ws/install/person_msgs/share/person_msgs/cmake/export_person_msgs__rosidl_typesupport_fastrtps_cppExport.cmake
[9.132s] -- Up-to-date: /home/yamashita/ros2_ws/install/person_msgs/share/person_msgs/cmake/export_person_msgs__rosidl_typesupport_fastrtps_cppExport-noconfig.cmake
[9.133s] -- Up-to-date: /home/yamashita/ros2_ws/install/person_msgs/share/person_msgs/cmake/person_msgs__rosidl_typesupport_introspection_cppExport.cmake
[9.135s] -- Up-to-date: /home/yamashita/ros2_ws/install/person_msgs/share/person_msgs/cmake/person_msgs__rosidl_typesupport_introspection_cppExport-noconfig.cmake
[9.137s] -- Up-to-date: /home/yamashita/ros2_ws/install/person_msgs/share/person_msgs/cmake/person_msgs__rosidl_typesupport_cppExport.cmake
[9.138s] -- Up-to-date: /home/yamashita/ros2_ws/install/person_msgs/share/person_msgs/cmake/person_msgs__rosidl_typesupport_cppExport-noconfig.cmake
[9.140s] -- Up-to-date: /home/yamashita/ros2_ws/install/person_msgs/share/person_msgs/cmake/export_person_msgs__rosidl_generator_pyExport.cmake
[9.141s] -- Up-to-date: /home/yamashita/ros2_ws/install/person_msgs/share/person_msgs/cmake/export_person_msgs__rosidl_generator_pyExport-noconfig.cmake
[9.143s] -- Up-to-date: /home/yamashita/ros2_ws/install/person_msgs/share/person_msgs/cmake/rosidl_cmake-extras.cmake
[9.144s] -- Up-to-date: /home/yamashita/ros2_ws/install/person_msgs/share/person_msgs/cmake/ament_cmake_export_include_directories-extras.cmake
[9.145s] -- Up-to-date: /home/yamashita/ros2_ws/install/person_msgs/share/person_msgs/cmake/ament_cmake_export_libraries-extras.cmake
[9.146s] -- Up-to-date: /home/yamashita/ros2_ws/install/person_msgs/share/person_msgs/cmake/ament_cmake_export_targets-extras.cmake
[9.148s] -- Up-to-date: /home/yamashita/ros2_ws/install/person_msgs/share/person_msgs/cmake/rosidl_cmake_export_typesupport_targets-extras.cmake
[9.149s] -- Up-to-date: /home/yamashita/ros2_ws/install/person_msgs/share/person_msgs/cmake/ament_cmake_export_dependencies-extras.cmake
[9.150s] -- Up-to-date: /home/yamashita/ros2_ws/install/person_msgs/share/person_msgs/cmake/rosidl_cmake_export_typesupport_libraries-extras.cmake
[9.151s] -- Up-to-date: /home/yamashita/ros2_ws/install/person_msgs/share/person_msgs/cmake/person_msgsConfig.cmake
[9.152s] -- Up-to-date: /home/yamashita/ros2_ws/install/person_msgs/share/person_msgs/cmake/person_msgsConfig-version.cmake
[9.153s] -- Up-to-date: /home/yamashita/ros2_ws/install/person_msgs/share/person_msgs/package.xml
[9.159s] Invoked command in '/home/yamashita/ros2_ws/build/person_msgs' returned '0': CMAKE_PREFIX_PATH=${CMAKE_PREFIX_PATH}:/home/yamashita/ros2_ws/install/mypkg:/opt/ros/humble /usr/bin/cmake --install /home/yamashita/ros2_ws/build/person_msgs
