[8.857s] Invoking command in '/home/yamashita/ros2_ws/src/mypkg': PYTHONPATH=/home/yamashita/ros2_ws/build/mypkg/prefix_override:/home/yamashita/ros2_ws/install/mypkg/lib/python3.10/site-packages:${PYTHONPATH} /usr/bin/python3 setup.py egg_info --egg-base ../../build/mypkg build --build-base /home/yamashita/ros2_ws/build/mypkg/build install --record /home/yamashita/ros2_ws/build/mypkg/install.log --single-version-externally-managed
[11.626s] running egg_info
[11.632s] writing ../../build/mypkg/mypkg.egg-info/PKG-INFO
[11.636s] writing dependency_links to ../../build/mypkg/mypkg.egg-info/dependency_links.txt
[11.639s] writing entry points to ../../build/mypkg/mypkg.egg-info/entry_points.txt
[11.644s] writing requirements to ../../build/mypkg/mypkg.egg-info/requires.txt
[11.646s] writing top-level names to ../../build/mypkg/mypkg.egg-info/top_level.txt
[11.656s] reading manifest file '../../build/mypkg/mypkg.egg-info/SOURCES.txt'
[11.665s] writing manifest file '../../build/mypkg/mypkg.egg-info/SOURCES.txt'
[11.668s] running build
[11.670s] running build_py
[11.673s] copying mypkg/listener.py -> /home/yamashita/ros2_ws/build/mypkg/build/lib/mypkg
[11.676s] copying mypkg/talker.py -> /home/yamashita/ros2_ws/build/mypkg/build/lib/mypkg
[11.680s] running install
[11.683s] /usr/lib/python3/dist-packages/setuptools/command/install.py:34: SetuptoolsDeprecationWarning: setup.py install is deprecated. Use build and pip and other standards-based tools.
[11.689s]   warnings.warn(
[11.691s] running install_lib
[11.694s] copying /home/yamashita/ros2_ws/build/mypkg/build/lib/mypkg/listener.py -> /home/yamashita/ros2_ws/install/mypkg/lib/python3.10/site-packages/mypkg
[11.696s] copying /home/yamashita/ros2_ws/build/mypkg/build/lib/mypkg/talker.py -> /home/yamashita/ros2_ws/install/mypkg/lib/python3.10/site-packages/mypkg
[11.698s] byte-compiling /home/yamashita/ros2_ws/install/mypkg/lib/python3.10/site-packages/mypkg/listener.py to listener.cpython-310.pyc
[11.700s] byte-compiling /home/yamashita/ros2_ws/install/mypkg/lib/python3.10/site-packages/mypkg/talker.py to talker.cpython-310.pyc
[11.704s] running install_data
[11.707s] running install_egg_info
[11.719s] removing '/home/yamashita/ros2_ws/install/mypkg/lib/python3.10/site-packages/mypkg-0.0.0-py3.10.egg-info' (and everything under it)
[11.723s] Copying ../../build/mypkg/mypkg.egg-info to /home/yamashita/ros2_ws/install/mypkg/lib/python3.10/site-packages/mypkg-0.0.0-py3.10.egg-info
[11.735s] running install_scripts
[11.918s] Installing listener script to /home/yamashita/ros2_ws/install/mypkg/lib/mypkg
[11.920s] Installing talker script to /home/yamashita/ros2_ws/install/mypkg/lib/mypkg
[11.924s] writing list of installed files to '/home/yamashita/ros2_ws/build/mypkg/install.log'
[12.588s] Invoked command in '/home/yamashita/ros2_ws/src/mypkg' returned '0': PYTHONPATH=/home/yamashita/ros2_ws/build/mypkg/prefix_override:/home/yamashita/ros2_ws/install/mypkg/lib/python3.10/site-packages:${PYTHONPATH} /usr/bin/python3 setup.py egg_info --egg-base ../../build/mypkg build --build-base /home/yamashita/ros2_ws/build/mypkg/build install --record /home/yamashita/ros2_ws/build/mypkg/install.log --single-version-externally-managed
