[10.392s] DEBUG:colcon:Command line arguments: ['/usr/bin/colcon', 'build']
[10.392s] DEBUG:colcon:Parsed command line arguments: Namespace(log_base=None, log_level=None, verb_name='build', build_base='build', install_base='install', merge_install=False, symlink_install=False, test_result_base=None, continue_on_error=False, executor='parallel', parallel_workers=4, event_handlers=None, ignore_user_meta=False, metas=['./colcon.meta'], base_paths=['.'], packages_ignore=None, packages_ignore_regex=None, paths=None, packages_up_to=None, packages_up_to_regex=None, packages_above=None, packages_above_and_dependencies=None, packages_above_depth=None, packages_select_by_dep=None, packages_skip_by_dep=None, packages_skip_up_to=None, packages_select_build_failed=False, packages_skip_build_finished=False, packages_select_test_failures=False, packages_skip_test_passed=False, packages_select=None, packages_skip=None, packages_select_regex=None, packages_skip_regex=None, packages_start=None, packages_end=None, allow_overriding=[], cmake_args=None, cmake_target=None, cmake_target_skip_unavailable=False, cmake_clean_cache=False, cmake_clean_first=False, cmake_force_configure=False, ament_cmake_args=None, catkin_cmake_args=None, catkin_skip_building_tests=False, verb_parser=<colcon_defaults.argument_parser.defaults.DefaultArgumentsDecorator object at 0xffff93be6230>, verb_extension=<colcon_core.verb.build.BuildVerb object at 0xffff940e4340>, main=<bound method BuildVerb.main of <colcon_core.verb.build.BuildVerb object at 0xffff940e4340>>)
[10.850s] Level 1:colcon.colcon_core.package_discovery:discover_packages(colcon_meta) check parameters
[10.851s] Level 1:colcon.colcon_core.package_discovery:discover_packages(recursive) check parameters
[10.851s] Level 1:colcon.colcon_core.package_discovery:discover_packages(ignore) check parameters
[10.851s] Level 1:colcon.colcon_core.package_discovery:discover_packages(path) check parameters
[10.852s] Level 1:colcon.colcon_core.package_discovery:discover_packages(colcon_meta) discover
[10.852s] Level 1:colcon.colcon_core.package_discovery:discover_packages(recursive) discover
[10.853s] INFO:colcon.colcon_core.package_discovery:Crawling recursively for packages in '/home/yamashita/ros2_ws/src'
[10.853s] Level 1:colcon.colcon_core.package_identification:_identify(.) by extensions ['ignore', 'ignore_ament_install']
[10.854s] Level 1:colcon.colcon_core.package_identification:_identify(.) by extension 'ignore'
[10.855s] Level 1:colcon.colcon_core.package_identification:_identify(.) by extension 'ignore_ament_install'
[10.855s] Level 1:colcon.colcon_core.package_identification:_identify(.) by extensions ['colcon_pkg']
[10.855s] Level 1:colcon.colcon_core.package_identification:_identify(.) by extension 'colcon_pkg'
[10.856s] Level 1:colcon.colcon_core.package_identification:_identify(.) by extensions ['colcon_meta']
[10.856s] Level 1:colcon.colcon_core.package_identification:_identify(.) by extension 'colcon_meta'
[10.856s] Level 1:colcon.colcon_core.package_identification:_identify(.) by extensions ['ros']
[10.857s] Level 1:colcon.colcon_core.package_identification:_identify(.) by extension 'ros'
[10.947s] Level 1:colcon.colcon_core.package_identification:_identify(.) by extensions ['cmake', 'python']
[10.947s] Level 1:colcon.colcon_core.package_identification:_identify(.) by extension 'cmake'
[10.948s] Level 1:colcon.colcon_core.package_identification:_identify(.) by extension 'python'
[10.948s] Level 1:colcon.colcon_core.package_identification:_identify(.) by extensions ['python_setup_py']
[10.949s] Level 1:colcon.colcon_core.package_identification:_identify(.) by extension 'python_setup_py'
[10.950s] Level 1:colcon.colcon_core.package_identification:_identify(build) by extensions ['ignore', 'ignore_ament_install']
[10.950s] Level 1:colcon.colcon_core.package_identification:_identify(build) by extension 'ignore'
[10.951s] Level 1:colcon.colcon_core.package_identification:_identify(build) ignored
[10.952s] Level 1:colcon.colcon_core.package_identification:_identify(install) by extensions ['ignore', 'ignore_ament_install']
[10.953s] Level 1:colcon.colcon_core.package_identification:_identify(install) by extension 'ignore'
[10.953s] Level 1:colcon.colcon_core.package_identification:_identify(install) ignored
[10.954s] Level 1:colcon.colcon_core.package_identification:_identify(log) by extensions ['ignore', 'ignore_ament_install']
[10.955s] Level 1:colcon.colcon_core.package_identification:_identify(log) by extension 'ignore'
[10.955s] Level 1:colcon.colcon_core.package_identification:_identify(log) ignored
[10.956s] Level 1:colcon.colcon_core.package_identification:_identify(mypkg) by extensions ['ignore', 'ignore_ament_install']
[10.957s] Level 1:colcon.colcon_core.package_identification:_identify(mypkg) by extension 'ignore'
[10.957s] Level 1:colcon.colcon_core.package_identification:_identify(mypkg) by extension 'ignore_ament_install'
[10.958s] Level 1:colcon.colcon_core.package_identification:_identify(mypkg) by extensions ['colcon_pkg']
[10.958s] Level 1:colcon.colcon_core.package_identification:_identify(mypkg) by extension 'colcon_pkg'
[10.958s] Level 1:colcon.colcon_core.package_identification:_identify(mypkg) by extensions ['colcon_meta']
[10.959s] Level 1:colcon.colcon_core.package_identification:_identify(mypkg) by extension 'colcon_meta'
[10.959s] Level 1:colcon.colcon_core.package_identification:_identify(mypkg) by extensions ['ros']
[10.959s] Level 1:colcon.colcon_core.package_identification:_identify(mypkg) by extension 'ros'
[10.983s] DEBUG:colcon.colcon_core.package_identification:Package 'mypkg' with type 'ros.ament_python' and name 'mypkg'
[10.984s] Level 1:colcon.colcon_core.package_discovery:discover_packages(recursive) using defaults
[10.984s] Level 1:colcon.colcon_core.package_discovery:discover_packages(ignore) discover
[10.984s] Level 1:colcon.colcon_core.package_discovery:discover_packages(ignore) using defaults
[10.985s] Level 1:colcon.colcon_core.package_discovery:discover_packages(path) discover
[10.985s] Level 1:colcon.colcon_core.package_discovery:discover_packages(path) using defaults
[11.875s] Level 1:colcon.colcon_core.package_discovery:discover_packages(prefix_path) check parameters
[11.876s] Level 1:colcon.colcon_core.package_discovery:discover_packages(prefix_path) discover
[12.185s] DEBUG:colcon.colcon_installed_package_information.package_discovery:Found 0 installed packages in /home/yamashita/ros2_ws/install
[12.350s] DEBUG:colcon.colcon_installed_package_information.package_discovery:Found 283 installed packages in /opt/ros/humble
[12.440s] Level 1:colcon.colcon_core.package_discovery:discover_packages(prefix_path) using defaults
[13.390s] Level 5:colcon.colcon_core.verb:set package 'mypkg' build argument 'cmake_args' from command line to 'None'
[13.391s] Level 5:colcon.colcon_core.verb:set package 'mypkg' build argument 'cmake_target' from command line to 'None'
[13.391s] Level 5:colcon.colcon_core.verb:set package 'mypkg' build argument 'cmake_target_skip_unavailable' from command line to 'False'
[13.391s] Level 5:colcon.colcon_core.verb:set package 'mypkg' build argument 'cmake_clean_cache' from command line to 'False'
[13.391s] Level 5:colcon.colcon_core.verb:set package 'mypkg' build argument 'cmake_clean_first' from command line to 'False'
[13.392s] Level 5:colcon.colcon_core.verb:set package 'mypkg' build argument 'cmake_force_configure' from command line to 'False'
[13.392s] Level 5:colcon.colcon_core.verb:set package 'mypkg' build argument 'ament_cmake_args' from command line to 'None'
[13.392s] Level 5:colcon.colcon_core.verb:set package 'mypkg' build argument 'catkin_cmake_args' from command line to 'None'
[13.393s] Level 5:colcon.colcon_core.verb:set package 'mypkg' build argument 'catkin_skip_building_tests' from command line to 'False'
[13.393s] DEBUG:colcon.colcon_core.verb:Building package 'mypkg' with the following arguments: {'ament_cmake_args': None, 'build_base': '/home/yamashita/ros2_ws/src/build/mypkg', 'catkin_cmake_args': None, 'catkin_skip_building_tests': False, 'cmake_args': None, 'cmake_clean_cache': False, 'cmake_clean_first': False, 'cmake_force_configure': False, 'cmake_target': None, 'cmake_target_skip_unavailable': False, 'install_base': '/home/yamashita/ros2_ws/src/install/mypkg', 'merge_install': False, 'path': '/home/yamashita/ros2_ws/src/mypkg', 'symlink_install': False, 'test_result_base': None}
[13.541s] INFO:colcon.colcon_core.executor:Executing jobs using 'parallel' executor
[13.694s] DEBUG:colcon.colcon_parallel_executor.executor.parallel:run_until_complete
[13.696s] INFO:colcon.colcon_ros.task.ament_python.build:Building ROS package in '/home/yamashita/ros2_ws/src/mypkg' with build type 'ament_python'
[13.698s] Level 1:colcon.colcon_core.shell:create_environment_hook('mypkg', 'ament_prefix_path')
[13.873s] INFO:colcon.colcon_core.plugin_system:Skipping extension 'colcon_core.shell.bat': Not used on non-Windows systems
[13.875s] INFO:colcon.colcon_core.shell:Creating environment hook '/home/yamashita/ros2_ws/src/install/mypkg/share/mypkg/hook/ament_prefix_path.ps1'
[13.880s] INFO:colcon.colcon_core.shell:Creating environment descriptor '/home/yamashita/ros2_ws/src/install/mypkg/share/mypkg/hook/ament_prefix_path.dsv'
[13.884s] INFO:colcon.colcon_core.shell:Creating environment hook '/home/yamashita/ros2_ws/src/install/mypkg/share/mypkg/hook/ament_prefix_path.sh'
[14.044s] INFO:colcon.colcon_core.shell:Skip shell extension 'powershell' for command environment: Not usable outside of PowerShell
[14.045s] DEBUG:colcon.colcon_core.shell:Skip shell extension 'dsv' for command environment
[17.025s] INFO:colcon.colcon_core.task.python.build:Building Python package in '/home/yamashita/ros2_ws/src/mypkg'
[17.182s] INFO:colcon.colcon_core.shell:Skip shell extension 'powershell' for command environment: Not usable outside of PowerShell
[17.183s] DEBUG:colcon.colcon_core.shell:Skip shell extension 'dsv' for command environment
[21.033s] DEBUG:colcon.colcon_core.event_handler.log_command:Invoking command in '/home/yamashita/ros2_ws/src/mypkg': PYTHONPATH=/home/yamashita/ros2_ws/src/build/mypkg/prefix_override:/home/yamashita/ros2_ws/src/install/mypkg/lib/python3.10/site-packages:${PYTHONPATH} /usr/bin/python3 setup.py egg_info --egg-base ../build/mypkg build --build-base /home/yamashita/ros2_ws/src/build/mypkg/build install --record /home/yamashita/ros2_ws/src/build/mypkg/install.log --single-version-externally-managed
[23.833s] DEBUG:colcon.colcon_core.event_handler.log_command:Invoked command in '/home/yamashita/ros2_ws/src/mypkg' returned '0': PYTHONPATH=/home/yamashita/ros2_ws/src/build/mypkg/prefix_override:/home/yamashita/ros2_ws/src/install/mypkg/lib/python3.10/site-packages:${PYTHONPATH} /usr/bin/python3 setup.py egg_info --egg-base ../build/mypkg build --build-base /home/yamashita/ros2_ws/src/build/mypkg/build install --record /home/yamashita/ros2_ws/src/build/mypkg/install.log --single-version-externally-managed
[24.006s] Level 1:colcon.colcon_core.environment:checking '/home/yamashita/ros2_ws/src/install/mypkg' for CMake module files
[24.010s] Level 1:colcon.colcon_core.environment:checking '/home/yamashita/ros2_ws/src/install/mypkg' for CMake config files
[24.018s] Level 1:colcon.colcon_core.environment:checking '/home/yamashita/ros2_ws/src/install/mypkg/lib'
[24.020s] Level 1:colcon.colcon_core.environment:checking '/home/yamashita/ros2_ws/src/install/mypkg/bin'
[24.020s] Level 1:colcon.colcon_core.environment:checking '/home/yamashita/ros2_ws/src/install/mypkg/lib/pkgconfig/mypkg.pc'
[24.022s] Level 1:colcon.colcon_core.environment:checking '/home/yamashita/ros2_ws/src/install/mypkg/lib/python3.10/site-packages'
[24.023s] Level 1:colcon.colcon_core.shell:create_environment_hook('mypkg', 'pythonpath')
[24.175s] INFO:colcon.colcon_core.shell:Creating environment hook '/home/yamashita/ros2_ws/src/install/mypkg/share/mypkg/hook/pythonpath.ps1'
[24.178s] INFO:colcon.colcon_core.shell:Creating environment descriptor '/home/yamashita/ros2_ws/src/install/mypkg/share/mypkg/hook/pythonpath.dsv'
[24.181s] INFO:colcon.colcon_core.shell:Creating environment hook '/home/yamashita/ros2_ws/src/install/mypkg/share/mypkg/hook/pythonpath.sh'
[24.187s] Level 1:colcon.colcon_core.environment:checking '/home/yamashita/ros2_ws/src/install/mypkg/bin'
[24.187s] Level 1:colcon.colcon_core.environment:create_environment_scripts_only(mypkg)
[24.342s] INFO:colcon.colcon_core.shell:Creating package script '/home/yamashita/ros2_ws/src/install/mypkg/share/mypkg/package.ps1'
[24.349s] INFO:colcon.colcon_core.shell:Creating package descriptor '/home/yamashita/ros2_ws/src/install/mypkg/share/mypkg/package.dsv'
[24.354s] INFO:colcon.colcon_core.shell:Creating package script '/home/yamashita/ros2_ws/src/install/mypkg/share/mypkg/package.sh'
[24.361s] INFO:colcon.colcon_core.shell:Creating package script '/home/yamashita/ros2_ws/src/install/mypkg/share/mypkg/package.bash'
[24.367s] INFO:colcon.colcon_core.shell:Creating package script '/home/yamashita/ros2_ws/src/install/mypkg/share/mypkg/package.zsh'
[24.373s] Level 1:colcon.colcon_core.environment:create_file_with_runtime_dependencies(/home/yamashita/ros2_ws/src/install/mypkg/share/colcon-core/packages/mypkg)
[24.376s] DEBUG:colcon.colcon_parallel_executor.executor.parallel:closing loop
[24.378s] DEBUG:colcon.colcon_parallel_executor.executor.parallel:loop closed
[24.379s] DEBUG:colcon.colcon_parallel_executor.executor.parallel:run_until_complete finished with '0'
[24.380s] DEBUG:colcon.colcon_core.event_reactor:joining thread
[24.570s] INFO:colcon.colcon_core.plugin_system:Skipping extension 'colcon_notification.desktop_notification.notify_send': Could not find 'notify-send'
[24.570s] INFO:colcon.colcon_core.plugin_system:Skipping extension 'colcon_notification.desktop_notification.terminal_notifier': Not used on non-Darwin systems
[24.571s] INFO:colcon.colcon_core.plugin_system:Skipping extension 'colcon_notification.desktop_notification.win32': Not used on non-Windows systems
[24.571s] INFO:colcon.colcon_notification.desktop_notification:Sending desktop notification using 'notify2'
[24.576s] DEBUG:colcon.colcon_notification.desktop_notification.notify2:Failed to initialize notify2: org.freedesktop.DBus.Error.ServiceUnknown: The name org.freedesktop.Notifications was not provided by any .service files
[24.577s] DEBUG:colcon.colcon_core.event_reactor:joined thread
[24.731s] INFO:colcon.colcon_core.shell:Creating prefix script '/home/yamashita/ros2_ws/src/install/local_setup.ps1'
[24.738s] INFO:colcon.colcon_core.shell:Creating prefix util module '/home/yamashita/ros2_ws/src/install/_local_setup_util_ps1.py'
[24.749s] INFO:colcon.colcon_core.shell:Creating prefix chain script '/home/yamashita/ros2_ws/src/install/setup.ps1'
[24.905s] INFO:colcon.colcon_core.shell:Creating prefix script '/home/yamashita/ros2_ws/src/install/local_setup.sh'
[24.910s] INFO:colcon.colcon_core.shell:Creating prefix util module '/home/yamashita/ros2_ws/src/install/_local_setup_util_sh.py'
[24.914s] INFO:colcon.colcon_core.shell:Creating prefix chain script '/home/yamashita/ros2_ws/src/install/setup.sh'
[25.071s] INFO:colcon.colcon_core.shell:Creating prefix script '/home/yamashita/ros2_ws/src/install/local_setup.bash'
[25.075s] INFO:colcon.colcon_core.shell:Creating prefix chain script '/home/yamashita/ros2_ws/src/install/setup.bash'
[25.232s] INFO:colcon.colcon_core.shell:Creating prefix script '/home/yamashita/ros2_ws/src/install/local_setup.zsh'
[25.237s] INFO:colcon.colcon_core.shell:Creating prefix chain script '/home/yamashita/ros2_ws/src/install/setup.zsh'
