[10.307s] DEBUG:colcon:Command line arguments: ['/usr/bin/colcon', 'build']
[10.308s] DEBUG:colcon:Parsed command line arguments: Namespace(log_base=None, log_level=None, verb_name='build', build_base='build', install_base='install', merge_install=False, symlink_install=False, test_result_base=None, continue_on_error=False, executor='parallel', parallel_workers=4, event_handlers=None, ignore_user_meta=False, metas=['./colcon.meta'], base_paths=['.'], packages_ignore=None, packages_ignore_regex=None, paths=None, packages_up_to=None, packages_up_to_regex=None, packages_above=None, packages_above_and_dependencies=None, packages_above_depth=None, packages_select_by_dep=None, packages_skip_by_dep=None, packages_skip_up_to=None, packages_select_build_failed=False, packages_skip_build_finished=False, packages_select_test_failures=False, packages_skip_test_passed=False, packages_select=None, packages_skip=None, packages_select_regex=None, packages_skip_regex=None, packages_start=None, packages_end=None, allow_overriding=[], cmake_args=None, cmake_target=None, cmake_target_skip_unavailable=False, cmake_clean_cache=False, cmake_clean_first=False, cmake_force_configure=False, ament_cmake_args=None, catkin_cmake_args=None, catkin_skip_building_tests=False, verb_parser=<colcon_defaults.argument_parser.defaults.DefaultArgumentsDecorator object at 0xffff84a25b10>, verb_extension=<colcon_core.verb.build.BuildVerb object at 0xffff84f23b50>, main=<bound method BuildVerb.main of <colcon_core.verb.build.BuildVerb object at 0xffff84f23b50>>)
[10.763s] Level 1:colcon.colcon_core.package_discovery:discover_packages(colcon_meta) check parameters
[10.764s] Level 1:colcon.colcon_core.package_discovery:discover_packages(recursive) check parameters
[10.765s] Level 1:colcon.colcon_core.package_discovery:discover_packages(ignore) check parameters
[10.765s] Level 1:colcon.colcon_core.package_discovery:discover_packages(path) check parameters
[10.765s] Level 1:colcon.colcon_core.package_discovery:discover_packages(colcon_meta) discover
[10.766s] Level 1:colcon.colcon_core.package_discovery:discover_packages(recursive) discover
[10.766s] INFO:colcon.colcon_core.package_discovery:Crawling recursively for packages in '/home/yamashita/ros2_ws'
[10.767s] Level 1:colcon.colcon_core.package_identification:_identify(.) by extensions ['ignore', 'ignore_ament_install']
[10.767s] Level 1:colcon.colcon_core.package_identification:_identify(.) by extension 'ignore'
[10.768s] Level 1:colcon.colcon_core.package_identification:_identify(.) by extension 'ignore_ament_install'
[10.768s] Level 1:colcon.colcon_core.package_identification:_identify(.) by extensions ['colcon_pkg']
[10.769s] Level 1:colcon.colcon_core.package_identification:_identify(.) by extension 'colcon_pkg'
[10.769s] Level 1:colcon.colcon_core.package_identification:_identify(.) by extensions ['colcon_meta']
[10.769s] Level 1:colcon.colcon_core.package_identification:_identify(.) by extension 'colcon_meta'
[10.770s] Level 1:colcon.colcon_core.package_identification:_identify(.) by extensions ['ros']
[10.770s] Level 1:colcon.colcon_core.package_identification:_identify(.) by extension 'ros'
[10.861s] Level 1:colcon.colcon_core.package_identification:_identify(.) by extensions ['cmake', 'python']
[10.861s] Level 1:colcon.colcon_core.package_identification:_identify(.) by extension 'cmake'
[10.862s] Level 1:colcon.colcon_core.package_identification:_identify(.) by extension 'python'
[10.862s] Level 1:colcon.colcon_core.package_identification:_identify(.) by extensions ['python_setup_py']
[10.862s] Level 1:colcon.colcon_core.package_identification:_identify(.) by extension 'python_setup_py'
[10.863s] Level 1:colcon.colcon_core.package_identification:_identify(build) by extensions ['ignore', 'ignore_ament_install']
[10.864s] Level 1:colcon.colcon_core.package_identification:_identify(build) by extension 'ignore'
[10.864s] Level 1:colcon.colcon_core.package_identification:_identify(build) ignored
[10.866s] Level 1:colcon.colcon_core.package_identification:_identify(install) by extensions ['ignore', 'ignore_ament_install']
[10.867s] Level 1:colcon.colcon_core.package_identification:_identify(install) by extension 'ignore'
[10.867s] Level 1:colcon.colcon_core.package_identification:_identify(install) ignored
[10.868s] Level 1:colcon.colcon_core.package_identification:_identify(log) by extensions ['ignore', 'ignore_ament_install']
[10.869s] Level 1:colcon.colcon_core.package_identification:_identify(log) by extension 'ignore'
[10.869s] Level 1:colcon.colcon_core.package_identification:_identify(log) ignored
[10.870s] Level 1:colcon.colcon_core.package_identification:_identify(src) by extensions ['ignore', 'ignore_ament_install']
[10.871s] Level 1:colcon.colcon_core.package_identification:_identify(src) by extension 'ignore'
[10.871s] Level 1:colcon.colcon_core.package_identification:_identify(src) by extension 'ignore_ament_install'
[10.871s] Level 1:colcon.colcon_core.package_identification:_identify(src) by extensions ['colcon_pkg']
[10.872s] Level 1:colcon.colcon_core.package_identification:_identify(src) by extension 'colcon_pkg'
[10.872s] Level 1:colcon.colcon_core.package_identification:_identify(src) by extensions ['colcon_meta']
[10.872s] Level 1:colcon.colcon_core.package_identification:_identify(src) by extension 'colcon_meta'
[10.873s] Level 1:colcon.colcon_core.package_identification:_identify(src) by extensions ['ros']
[10.873s] Level 1:colcon.colcon_core.package_identification:_identify(src) by extension 'ros'
[10.874s] Level 1:colcon.colcon_core.package_identification:_identify(src) by extensions ['cmake', 'python']
[10.874s] Level 1:colcon.colcon_core.package_identification:_identify(src) by extension 'cmake'
[10.874s] Level 1:colcon.colcon_core.package_identification:_identify(src) by extension 'python'
[10.875s] Level 1:colcon.colcon_core.package_identification:_identify(src) by extensions ['python_setup_py']
[10.875s] Level 1:colcon.colcon_core.package_identification:_identify(src) by extension 'python_setup_py'
[10.876s] Level 1:colcon.colcon_core.package_identification:_identify(src/build) by extensions ['ignore', 'ignore_ament_install']
[10.877s] Level 1:colcon.colcon_core.package_identification:_identify(src/build) by extension 'ignore'
[10.877s] Level 1:colcon.colcon_core.package_identification:_identify(src/build) ignored
[10.878s] Level 1:colcon.colcon_core.package_identification:_identify(src/install) by extensions ['ignore', 'ignore_ament_install']
[10.879s] Level 1:colcon.colcon_core.package_identification:_identify(src/install) by extension 'ignore'
[10.879s] Level 1:colcon.colcon_core.package_identification:_identify(src/install) ignored
[10.880s] Level 1:colcon.colcon_core.package_identification:_identify(src/log) by extensions ['ignore', 'ignore_ament_install']
[10.881s] Level 1:colcon.colcon_core.package_identification:_identify(src/log) by extension 'ignore'
[10.882s] Level 1:colcon.colcon_core.package_identification:_identify(src/log) ignored
[10.882s] Level 1:colcon.colcon_core.package_identification:_identify(src/mypkg) by extensions ['ignore', 'ignore_ament_install']
[10.883s] Level 1:colcon.colcon_core.package_identification:_identify(src/mypkg) by extension 'ignore'
[10.884s] Level 1:colcon.colcon_core.package_identification:_identify(src/mypkg) by extension 'ignore_ament_install'
[10.884s] Level 1:colcon.colcon_core.package_identification:_identify(src/mypkg) by extensions ['colcon_pkg']
[10.884s] Level 1:colcon.colcon_core.package_identification:_identify(src/mypkg) by extension 'colcon_pkg'
[10.885s] Level 1:colcon.colcon_core.package_identification:_identify(src/mypkg) by extensions ['colcon_meta']
[10.885s] Level 1:colcon.colcon_core.package_identification:_identify(src/mypkg) by extension 'colcon_meta'
[10.885s] Level 1:colcon.colcon_core.package_identification:_identify(src/mypkg) by extensions ['ros']
[10.886s] Level 1:colcon.colcon_core.package_identification:_identify(src/mypkg) by extension 'ros'
[10.910s] DEBUG:colcon.colcon_core.package_identification:Package 'src/mypkg' with type 'ros.ament_python' and name 'mypkg'
[10.910s] Level 1:colcon.colcon_core.package_discovery:discover_packages(recursive) using defaults
[10.911s] Level 1:colcon.colcon_core.package_discovery:discover_packages(ignore) discover
[10.911s] Level 1:colcon.colcon_core.package_discovery:discover_packages(ignore) using defaults
[10.911s] Level 1:colcon.colcon_core.package_discovery:discover_packages(path) discover
[10.911s] Level 1:colcon.colcon_core.package_discovery:discover_packages(path) using defaults
[11.804s] Level 1:colcon.colcon_core.package_discovery:discover_packages(prefix_path) check parameters
[11.804s] Level 1:colcon.colcon_core.package_discovery:discover_packages(prefix_path) discover
[12.111s] DEBUG:colcon.colcon_installed_package_information.package_discovery:Found 1 installed packages in /home/yamashita/ros2_ws/install
[12.275s] DEBUG:colcon.colcon_installed_package_information.package_discovery:Found 283 installed packages in /opt/ros/humble
[12.367s] Level 1:colcon.colcon_core.package_discovery:discover_packages(prefix_path) using defaults
[13.322s] Level 5:colcon.colcon_core.verb:set package 'mypkg' build argument 'cmake_args' from command line to 'None'
[13.322s] Level 5:colcon.colcon_core.verb:set package 'mypkg' build argument 'cmake_target' from command line to 'None'
[13.322s] Level 5:colcon.colcon_core.verb:set package 'mypkg' build argument 'cmake_target_skip_unavailable' from command line to 'False'
[13.322s] Level 5:colcon.colcon_core.verb:set package 'mypkg' build argument 'cmake_clean_cache' from command line to 'False'
[13.323s] Level 5:colcon.colcon_core.verb:set package 'mypkg' build argument 'cmake_clean_first' from command line to 'False'
[13.323s] Level 5:colcon.colcon_core.verb:set package 'mypkg' build argument 'cmake_force_configure' from command line to 'False'
[13.323s] Level 5:colcon.colcon_core.verb:set package 'mypkg' build argument 'ament_cmake_args' from command line to 'None'
[13.323s] Level 5:colcon.colcon_core.verb:set package 'mypkg' build argument 'catkin_cmake_args' from command line to 'None'
[13.323s] Level 5:colcon.colcon_core.verb:set package 'mypkg' build argument 'catkin_skip_building_tests' from command line to 'False'
[13.324s] DEBUG:colcon.colcon_core.verb:Building package 'mypkg' with the following arguments: {'ament_cmake_args': None, 'build_base': '/home/yamashita/ros2_ws/build/mypkg', 'catkin_cmake_args': None, 'catkin_skip_building_tests': False, 'cmake_args': None, 'cmake_clean_cache': False, 'cmake_clean_first': False, 'cmake_force_configure': False, 'cmake_target': None, 'cmake_target_skip_unavailable': False, 'install_base': '/home/yamashita/ros2_ws/install/mypkg', 'merge_install': False, 'path': '/home/yamashita/ros2_ws/src/mypkg', 'symlink_install': False, 'test_result_base': None}
[13.472s] INFO:colcon.colcon_core.executor:Executing jobs using 'parallel' executor
[13.625s] DEBUG:colcon.colcon_parallel_executor.executor.parallel:run_until_complete
[13.627s] INFO:colcon.colcon_ros.task.ament_python.build:Building ROS package in '/home/yamashita/ros2_ws/src/mypkg' with build type 'ament_python'
[13.628s] Level 1:colcon.colcon_core.shell:create_environment_hook('mypkg', 'ament_prefix_path')
[13.797s] INFO:colcon.colcon_core.plugin_system:Skipping extension 'colcon_core.shell.bat': Not used on non-Windows systems
[13.799s] INFO:colcon.colcon_core.shell:Creating environment hook '/home/yamashita/ros2_ws/install/mypkg/share/mypkg/hook/ament_prefix_path.ps1'
[13.804s] INFO:colcon.colcon_core.shell:Creating environment descriptor '/home/yamashita/ros2_ws/install/mypkg/share/mypkg/hook/ament_prefix_path.dsv'
[13.808s] INFO:colcon.colcon_core.shell:Creating environment hook '/home/yamashita/ros2_ws/install/mypkg/share/mypkg/hook/ament_prefix_path.sh'
[13.967s] INFO:colcon.colcon_core.shell:Skip shell extension 'powershell' for command environment: Not usable outside of PowerShell
[13.967s] DEBUG:colcon.colcon_core.shell:Skip shell extension 'dsv' for command environment
[16.970s] INFO:colcon.colcon_core.task.python.build:Building Python package in '/home/yamashita/ros2_ws/src/mypkg'
[17.125s] INFO:colcon.colcon_core.shell:Skip shell extension 'powershell' for command environment: Not usable outside of PowerShell
[17.126s] DEBUG:colcon.colcon_core.shell:Skip shell extension 'dsv' for command environment
[20.988s] DEBUG:colcon.colcon_core.event_handler.log_command:Invoking command in '/home/yamashita/ros2_ws/src/mypkg': PYTHONPATH=/home/yamashita/ros2_ws/build/mypkg/prefix_override:/home/yamashita/ros2_ws/install/mypkg/lib/python3.10/site-packages:${PYTHONPATH} /usr/bin/python3 setup.py egg_info --egg-base ../../build/mypkg build --build-base /home/yamashita/ros2_ws/build/mypkg/build install --record /home/yamashita/ros2_ws/build/mypkg/install.log --single-version-externally-managed
[23.787s] DEBUG:colcon.colcon_core.event_handler.log_command:Invoked command in '/home/yamashita/ros2_ws/src/mypkg' returned '0': PYTHONPATH=/home/yamashita/ros2_ws/build/mypkg/prefix_override:/home/yamashita/ros2_ws/install/mypkg/lib/python3.10/site-packages:${PYTHONPATH} /usr/bin/python3 setup.py egg_info --egg-base ../../build/mypkg build --build-base /home/yamashita/ros2_ws/build/mypkg/build install --record /home/yamashita/ros2_ws/build/mypkg/install.log --single-version-externally-managed
[23.961s] Level 1:colcon.colcon_core.environment:checking '/home/yamashita/ros2_ws/install/mypkg' for CMake module files
[23.966s] Level 1:colcon.colcon_core.environment:checking '/home/yamashita/ros2_ws/install/mypkg' for CMake config files
[23.972s] Level 1:colcon.colcon_core.environment:checking '/home/yamashita/ros2_ws/install/mypkg/lib'
[23.974s] Level 1:colcon.colcon_core.environment:checking '/home/yamashita/ros2_ws/install/mypkg/bin'
[23.974s] Level 1:colcon.colcon_core.environment:checking '/home/yamashita/ros2_ws/install/mypkg/lib/pkgconfig/mypkg.pc'
[23.976s] Level 1:colcon.colcon_core.environment:checking '/home/yamashita/ros2_ws/install/mypkg/lib/python3.10/site-packages'
[23.977s] Level 1:colcon.colcon_core.shell:create_environment_hook('mypkg', 'pythonpath')
[24.129s] INFO:colcon.colcon_core.shell:Creating environment hook '/home/yamashita/ros2_ws/install/mypkg/share/mypkg/hook/pythonpath.ps1'
[24.132s] INFO:colcon.colcon_core.shell:Creating environment descriptor '/home/yamashita/ros2_ws/install/mypkg/share/mypkg/hook/pythonpath.dsv'
[24.135s] INFO:colcon.colcon_core.shell:Creating environment hook '/home/yamashita/ros2_ws/install/mypkg/share/mypkg/hook/pythonpath.sh'
[24.140s] Level 1:colcon.colcon_core.environment:checking '/home/yamashita/ros2_ws/install/mypkg/bin'
[24.141s] Level 1:colcon.colcon_core.environment:create_environment_scripts_only(mypkg)
[24.295s] INFO:colcon.colcon_core.shell:Creating package script '/home/yamashita/ros2_ws/install/mypkg/share/mypkg/package.ps1'
[24.302s] INFO:colcon.colcon_core.shell:Creating package descriptor '/home/yamashita/ros2_ws/install/mypkg/share/mypkg/package.dsv'
[24.307s] INFO:colcon.colcon_core.shell:Creating package script '/home/yamashita/ros2_ws/install/mypkg/share/mypkg/package.sh'
[24.314s] INFO:colcon.colcon_core.shell:Creating package script '/home/yamashita/ros2_ws/install/mypkg/share/mypkg/package.bash'
[24.320s] INFO:colcon.colcon_core.shell:Creating package script '/home/yamashita/ros2_ws/install/mypkg/share/mypkg/package.zsh'
[24.326s] Level 1:colcon.colcon_core.environment:create_file_with_runtime_dependencies(/home/yamashita/ros2_ws/install/mypkg/share/colcon-core/packages/mypkg)
[24.329s] DEBUG:colcon.colcon_parallel_executor.executor.parallel:closing loop
[24.331s] DEBUG:colcon.colcon_parallel_executor.executor.parallel:loop closed
[24.332s] DEBUG:colcon.colcon_parallel_executor.executor.parallel:run_until_complete finished with '0'
[24.333s] DEBUG:colcon.colcon_core.event_reactor:joining thread
[24.523s] INFO:colcon.colcon_core.plugin_system:Skipping extension 'colcon_notification.desktop_notification.notify_send': Could not find 'notify-send'
[24.524s] INFO:colcon.colcon_core.plugin_system:Skipping extension 'colcon_notification.desktop_notification.terminal_notifier': Not used on non-Darwin systems
[24.525s] INFO:colcon.colcon_core.plugin_system:Skipping extension 'colcon_notification.desktop_notification.win32': Not used on non-Windows systems
[24.525s] INFO:colcon.colcon_notification.desktop_notification:Sending desktop notification using 'notify2'
[24.531s] DEBUG:colcon.colcon_notification.desktop_notification.notify2:Failed to initialize notify2: org.freedesktop.DBus.Error.ServiceUnknown: The name org.freedesktop.Notifications was not provided by any .service files
[24.531s] DEBUG:colcon.colcon_core.event_reactor:joined thread
[24.683s] INFO:colcon.colcon_core.shell:Creating prefix script '/home/yamashita/ros2_ws/install/local_setup.ps1'
[24.690s] INFO:colcon.colcon_core.shell:Creating prefix util module '/home/yamashita/ros2_ws/install/_local_setup_util_ps1.py'
[24.701s] INFO:colcon.colcon_core.shell:Creating prefix chain script '/home/yamashita/ros2_ws/install/setup.ps1'
[24.855s] INFO:colcon.colcon_core.shell:Creating prefix script '/home/yamashita/ros2_ws/install/local_setup.sh'
[24.860s] INFO:colcon.colcon_core.shell:Creating prefix util module '/home/yamashita/ros2_ws/install/_local_setup_util_sh.py'
[24.865s] INFO:colcon.colcon_core.shell:Creating prefix chain script '/home/yamashita/ros2_ws/install/setup.sh'
[25.020s] INFO:colcon.colcon_core.shell:Creating prefix script '/home/yamashita/ros2_ws/install/local_setup.bash'
[25.025s] INFO:colcon.colcon_core.shell:Creating prefix chain script '/home/yamashita/ros2_ws/install/setup.bash'
[25.180s] INFO:colcon.colcon_core.shell:Creating prefix script '/home/yamashita/ros2_ws/install/local_setup.zsh'
[25.184s] INFO:colcon.colcon_core.shell:Creating prefix chain script '/home/yamashita/ros2_ws/install/setup.zsh'
