[3.867s] Invoking command in '/home/yamashita/ros2_ws/build/person_msgs': CMAKE_PREFIX_PATH=${CMAKE_PREFIX_PATH}:/home/yamashita/ros2_ws/install/mypkg:/opt/ros/humble /usr/bin/cmake --build /home/yamashita/ros2_ws/build/person_msgs -- -j4 -l4
[4.277s] [  3%] Built target person_msgs__cpp
[4.296s] [ 12%] Built target person_msgs__rosidl_generator_c
[4.377s] [ 12%] Built target ament_cmake_python_copy_person_msgs
[4.530s] [ 22%] Built target person_msgs__rosidl_typesupport_cpp
[4.562s] [ 32%] Built target person_msgs__rosidl_typesupport_fastrtps_cpp
[4.579s] [ 41%] Built target person_msgs__rosidl_typesupport_introspection_cpp
[4.621s] [ 51%] Built target person_msgs__rosidl_typesupport_fastrtps_c
[4.751s] [ 61%] Built target person_msgs__rosidl_typesupport_introspection_c
[4.796s] [ 70%] Built target person_msgs__rosidl_typesupport_c
[4.973s] [ 70%] Built target person_msgs
[5.156s] [ 74%] Built target person_msgs__py
[5.355s] [ 80%] Built target person_msgs__rosidl_generator_py
[5.630s] [ 87%] Built target person_msgs__rosidl_typesupport_fastrtps_c__pyext
[5.663s] [ 93%] Built target person_msgs__rosidl_typesupport_c__pyext
[5.673s] [100%] Built target person_msgs__rosidl_typesupport_introspection_c__pyext
[7.557s] running egg_info
[7.564s] writing person_msgs.egg-info/PKG-INFO
[7.567s] writing dependency_links to person_msgs.egg-info/dependency_links.txt
[7.569s] writing top-level names to person_msgs.egg-info/top_level.txt
[7.591s] reading manifest file 'person_msgs.egg-info/SOURCES.txt'
[7.596s] writing manifest file 'person_msgs.egg-info/SOURCES.txt'
[7.882s] [100%] Built target ament_cmake_python_build_person_msgs_egg
[7.990s] Invoked command in '/home/yamashita/ros2_ws/build/person_msgs' returned '0': CMAKE_PREFIX_PATH=${CMAKE_PREFIX_PATH}:/home/yamashita/ros2_ws/install/mypkg:/opt/ros/humble /usr/bin/cmake --build /home/yamashita/ros2_ws/build/person_msgs -- -j4 -l4
[8.628s] Invoking command in '/home/yamashita/ros2_ws/build/person_msgs': CMAKE_PREFIX_PATH=${CMAKE_PREFIX_PATH}:/home/yamashita/ros2_ws/install/mypkg:/opt/ros/humble /usr/bin/cmake --install /home/yamashita/ros2_ws/build/person_msgs
[8.684s] -- Install configuration: ""
[8.686s] -- Up-to-date: /home/yamashita/ros2_ws/install/person_msgs/share/ament_index/resource_index/rosidl_interfaces/person_msgs
[8.687s] -- Up-to-date: /home/yamashita/ros2_ws/install/person_msgs/include/person_msgs/person_msgs
[8.688s] -- Up-to-date: /home/yamashita/ros2_ws/install/person_msgs/include/person_msgs/person_msgs/msg
[8.690s] -- Up-to-date: /home/yamashita/ros2_ws/install/person_msgs/include/person_msgs/person_msgs/msg/detail
[8.690s] -- Up-to-date: /home/yamashita/ros2_ws/install/person_msgs/include/person_msgs/person_msgs/msg/detail/person__struct.h
[8.691s] -- Up-to-date: /home/yamashita/ros2_ws/install/person_msgs/include/person_msgs/person_msgs/msg/detail/person__functions.h
[8.693s] -- Up-to-date: /home/yamashita/ros2_ws/install/person_msgs/include/person_msgs/person_msgs/msg/detail/person__functions.c
[8.694s] -- Up-to-date: /home/yamashita/ros2_ws/install/person_msgs/include/person_msgs/person_msgs/msg/detail/person__type_support.h
[8.697s] -- Up-to-date: /home/yamashita/ros2_ws/install/person_msgs/include/person_msgs/person_msgs/msg/person.h
[8.699s] -- Up-to-date: /home/yamashita/ros2_ws/install/person_msgs/include/person_msgs/person_msgs/msg/rosidl_generator_c__visibility_control.h
[8.701s] -- Up-to-date: /home/yamashita/ros2_ws/install/person_msgs/share/person_msgs/environment/library_path.sh
[8.703s] -- Up-to-date: /home/yamashita/ros2_ws/install/person_msgs/share/person_msgs/environment/library_path.dsv
[8.704s] -- Up-to-date: /home/yamashita/ros2_ws/install/person_msgs/lib/libperson_msgs__rosidl_generator_c.so
[8.706s] -- Up-to-date: /home/yamashita/ros2_ws/install/person_msgs/include/person_msgs/person_msgs
[8.709s] -- Up-to-date: /home/yamashita/ros2_ws/install/person_msgs/include/person_msgs/person_msgs/msg
[8.710s] -- Up-to-date: /home/yamashita/ros2_ws/install/person_msgs/include/person_msgs/person_msgs/msg/rosidl_typesupport_fastrtps_c__visibility_control.h
[8.712s] -- Up-to-date: /home/yamashita/ros2_ws/install/person_msgs/include/person_msgs/person_msgs/msg/detail
[8.713s] -- Up-to-date: /home/yamashita/ros2_ws/install/person_msgs/include/person_msgs/person_msgs/msg/detail/person__rosidl_typesupport_fastrtps_c.h
[8.714s] -- Up-to-date: /home/yamashita/ros2_ws/install/person_msgs/lib/libperson_msgs__rosidl_typesupport_fastrtps_c.so
[8.716s] -- Up-to-date: /home/yamashita/ros2_ws/install/person_msgs/include/person_msgs/person_msgs
[8.717s] -- Up-to-date: /home/yamashita/ros2_ws/install/person_msgs/include/person_msgs/person_msgs/msg
[8.719s] -- Up-to-date: /home/yamashita/ros2_ws/install/person_msgs/include/person_msgs/person_msgs/msg/detail
[8.721s] -- Up-to-date: /home/yamashita/ros2_ws/install/person_msgs/include/person_msgs/person_msgs/msg/detail/person__type_support.c
[8.724s] -- Up-to-date: /home/yamashita/ros2_ws/install/person_msgs/include/person_msgs/person_msgs/msg/detail/person__rosidl_typesupport_introspection_c.h
[8.726s] -- Up-to-date: /home/yamashita/ros2_ws/install/person_msgs/include/person_msgs/person_msgs/msg/rosidl_typesupport_introspection_c__visibility_control.h
[8.727s] -- Up-to-date: /home/yamashita/ros2_ws/install/person_msgs/lib/libperson_msgs__rosidl_typesupport_introspection_c.so
[8.728s] -- Up-to-date: /home/yamashita/ros2_ws/install/person_msgs/lib/libperson_msgs__rosidl_typesupport_c.so
[8.730s] -- Up-to-date: /home/yamashita/ros2_ws/install/person_msgs/include/person_msgs/person_msgs
[8.732s] -- Up-to-date: /home/yamashita/ros2_ws/install/person_msgs/include/person_msgs/person_msgs/msg
[8.734s] -- Up-to-date: /home/yamashita/ros2_ws/install/person_msgs/include/person_msgs/person_msgs/msg/detail
[8.736s] -- Up-to-date: /home/yamashita/ros2_ws/install/person_msgs/include/person_msgs/person_msgs/msg/detail/person__struct.hpp
[8.737s] -- Up-to-date: /home/yamashita/ros2_ws/install/person_msgs/include/person_msgs/person_msgs/msg/detail/person__builder.hpp
[8.739s] -- Up-to-date: /home/yamashita/ros2_ws/install/person_msgs/include/person_msgs/person_msgs/msg/detail/person__traits.hpp
[8.740s] -- Up-to-date: /home/yamashita/ros2_ws/install/person_msgs/include/person_msgs/person_msgs/msg/person.hpp
[8.740s] -- Up-to-date: /home/yamashita/ros2_ws/install/person_msgs/include/person_msgs/person_msgs
[8.742s] -- Up-to-date: /home/yamashita/ros2_ws/install/person_msgs/include/person_msgs/person_msgs/msg
[8.743s] -- Up-to-date: /home/yamashita/ros2_ws/install/person_msgs/include/person_msgs/person_msgs/msg/detail
[8.745s] -- Up-to-date: /home/yamashita/ros2_ws/install/person_msgs/include/person_msgs/person_msgs/msg/detail/dds_fastrtps
[8.747s] -- Up-to-date: /home/yamashita/ros2_ws/install/person_msgs/include/person_msgs/person_msgs/msg/detail/person__rosidl_typesupport_fastrtps_cpp.hpp
[8.748s] -- Up-to-date: /home/yamashita/ros2_ws/install/person_msgs/include/person_msgs/person_msgs/msg/rosidl_typesupport_fastrtps_cpp__visibility_control.h
[8.749s] -- Up-to-date: /home/yamashita/ros2_ws/install/person_msgs/lib/libperson_msgs__rosidl_typesupport_fastrtps_cpp.so
[8.750s] -- Up-to-date: /home/yamashita/ros2_ws/install/person_msgs/include/person_msgs/person_msgs
[8.751s] -- Up-to-date: /home/yamashita/ros2_ws/install/person_msgs/include/person_msgs/person_msgs/msg
[8.753s] -- Up-to-date: /home/yamashita/ros2_ws/install/person_msgs/include/person_msgs/person_msgs/msg/detail
[8.754s] -- Up-to-date: /home/yamashita/ros2_ws/install/person_msgs/include/person_msgs/person_msgs/msg/detail/person__type_support.cpp
[8.755s] -- Up-to-date: /home/yamashita/ros2_ws/install/person_msgs/include/person_msgs/person_msgs/msg/detail/person__rosidl_typesupport_introspection_cpp.hpp
[8.756s] -- Up-to-date: /home/yamashita/ros2_ws/install/person_msgs/lib/libperson_msgs__rosidl_typesupport_introspection_cpp.so
[8.757s] -- Up-to-date: /home/yamashita/ros2_ws/install/person_msgs/lib/libperson_msgs__rosidl_typesupport_cpp.so
[8.758s] -- Up-to-date: /home/yamashita/ros2_ws/install/person_msgs/share/person_msgs/environment/pythonpath.sh
[8.760s] -- Up-to-date: /home/yamashita/ros2_ws/install/person_msgs/share/person_msgs/environment/pythonpath.dsv
[8.763s] -- Up-to-date: /home/yamashita/ros2_ws/install/person_msgs/local/lib/python3.10/dist-packages/person_msgs-0.0.0-py3.10.egg-info
[8.765s] -- Installing: /home/yamashita/ros2_ws/install/person_msgs/local/lib/python3.10/dist-packages/person_msgs-0.0.0-py3.10.egg-info/SOURCES.txt
[8.766s] -- Installing: /home/yamashita/ros2_ws/install/person_msgs/local/lib/python3.10/dist-packages/person_msgs-0.0.0-py3.10.egg-info/dependency_links.txt
[8.767s] -- Installing: /home/yamashita/ros2_ws/install/person_msgs/local/lib/python3.10/dist-packages/person_msgs-0.0.0-py3.10.egg-info/PKG-INFO
[8.768s] -- Installing: /home/yamashita/ros2_ws/install/person_msgs/local/lib/python3.10/dist-packages/person_msgs-0.0.0-py3.10.egg-info/top_level.txt
[8.769s] -- Up-to-date: /home/yamashita/ros2_ws/install/person_msgs/local/lib/python3.10/dist-packages/person_msgs
[8.769s] -- Up-to-date: /home/yamashita/ros2_ws/install/person_msgs/local/lib/python3.10/dist-packages/person_msgs/person_msgs_s__rosidl_typesupport_c.cpython-310-aarch64-linux-gnu.so
[8.770s] -- Up-to-date: /home/yamashita/ros2_ws/install/person_msgs/local/lib/python3.10/dist-packages/person_msgs/msg
[8.771s] -- Up-to-date: /home/yamashita/ros2_ws/install/person_msgs/local/lib/python3.10/dist-packages/person_msgs/msg/_person_s.c
[8.772s] -- Up-to-date: /home/yamashita/ros2_ws/install/person_msgs/local/lib/python3.10/dist-packages/person_msgs/msg/_person.py
[8.773s] -- Up-to-date: /home/yamashita/ros2_ws/install/person_msgs/local/lib/python3.10/dist-packages/person_msgs/msg/__init__.py
[8.774s] -- Up-to-date: /home/yamashita/ros2_ws/install/person_msgs/local/lib/python3.10/dist-packages/person_msgs/_person_msgs_s.ep.rosidl_typesupport_fastrtps_c.c
[8.775s] -- Up-to-date: /home/yamashita/ros2_ws/install/person_msgs/local/lib/python3.10/dist-packages/person_msgs/libperson_msgs__rosidl_generator_py.so
[8.776s] -- Up-to-date: /home/yamashita/ros2_ws/install/person_msgs/local/lib/python3.10/dist-packages/person_msgs/person_msgs_s__rosidl_typesupport_introspection_c.cpython-310-aarch64-linux-gnu.so
[8.777s] -- Up-to-date: /home/yamashita/ros2_ws/install/person_msgs/local/lib/python3.10/dist-packages/person_msgs/person_msgs_s__rosidl_typesupport_fastrtps_c.cpython-310-aarch64-linux-gnu.so
[8.778s] -- Up-to-date: /home/yamashita/ros2_ws/install/person_msgs/local/lib/python3.10/dist-packages/person_msgs/_person_msgs_s.ep.rosidl_typesupport_c.c
[8.779s] -- Up-to-date: /home/yamashita/ros2_ws/install/person_msgs/local/lib/python3.10/dist-packages/person_msgs/__init__.py
[8.780s] -- Up-to-date: /home/yamashita/ros2_ws/install/person_msgs/local/lib/python3.10/dist-packages/person_msgs/_person_msgs_s.ep.rosidl_typesupport_introspection_c.c
[9.071s] Listing '/home/yamashita/ros2_ws/install/person_msgs/local/lib/python3.10/dist-packages/person_msgs'...
[9.072s] Listing '/home/yamashita/ros2_ws/install/person_msgs/local/lib/python3.10/dist-packages/person_msgs/msg'...
[9.133s] -- Up-to-date: /home/yamashita/ros2_ws/install/person_msgs/local/lib/python3.10/dist-packages/person_msgs/person_msgs_s__rosidl_typesupport_fastrtps_c.cpython-310-aarch64-linux-gnu.so
[9.137s] -- Up-to-date: /home/yamashita/ros2_ws/install/person_msgs/local/lib/python3.10/dist-packages/person_msgs/person_msgs_s__rosidl_typesupport_introspection_c.cpython-310-aarch64-linux-gnu.so
[9.142s] -- Up-to-date: /home/yamashita/ros2_ws/install/person_msgs/local/lib/python3.10/dist-packages/person_msgs/person_msgs_s__rosidl_typesupport_c.cpython-310-aarch64-linux-gnu.so
[9.146s] -- Up-to-date: /home/yamashita/ros2_ws/install/person_msgs/lib/libperson_msgs__rosidl_generator_py.so
[9.149s] -- Up-to-date: /home/yamashita/ros2_ws/install/person_msgs/share/person_msgs/msg/Person.idl
[9.150s] -- Up-to-date: /home/yamashita/ros2_ws/install/person_msgs/share/person_msgs/msg/Person.msg
[9.152s] -- Up-to-date: /home/yamashita/ros2_ws/install/person_msgs/share/ament_index/resource_index/package_run_dependencies/person_msgs
[9.153s] -- Up-to-date: /home/yamashita/ros2_ws/install/person_msgs/share/ament_index/resource_index/parent_prefix_path/person_msgs
[9.155s] -- Up-to-date: /home/yamashita/ros2_ws/install/person_msgs/share/person_msgs/environment/ament_prefix_path.sh
[9.157s] -- Up-to-date: /home/yamashita/ros2_ws/install/person_msgs/share/person_msgs/environment/ament_prefix_path.dsv
[9.159s] -- Up-to-date: /home/yamashita/ros2_ws/install/person_msgs/share/person_msgs/environment/path.sh
[9.160s] -- Up-to-date: /home/yamashita/ros2_ws/install/person_msgs/share/person_msgs/environment/path.dsv
[9.160s] -- Up-to-date: /home/yamashita/ros2_ws/install/person_msgs/share/person_msgs/local_setup.bash
[9.162s] -- Up-to-date: /home/yamashita/ros2_ws/install/person_msgs/share/person_msgs/local_setup.sh
[9.163s] -- Up-to-date: /home/yamashita/ros2_ws/install/person_msgs/share/person_msgs/local_setup.zsh
[9.165s] -- Up-to-date: /home/yamashita/ros2_ws/install/person_msgs/share/person_msgs/local_setup.dsv
[9.166s] -- Installing: /home/yamashita/ros2_ws/install/person_msgs/share/person_msgs/package.dsv
[9.168s] -- Up-to-date: /home/yamashita/ros2_ws/install/person_msgs/share/ament_index/resource_index/packages/person_msgs
[9.169s] -- Up-to-date: /home/yamashita/ros2_ws/install/person_msgs/share/person_msgs/cmake/export_person_msgs__rosidl_generator_cExport.cmake
[9.171s] -- Up-to-date: /home/yamashita/ros2_ws/install/person_msgs/share/person_msgs/cmake/export_person_msgs__rosidl_generator_cExport-noconfig.cmake
[9.172s] -- Up-to-date: /home/yamashita/ros2_ws/install/person_msgs/share/person_msgs/cmake/export_person_msgs__rosidl_typesupport_fastrtps_cExport.cmake
[9.173s] -- Up-to-date: /home/yamashita/ros2_ws/install/person_msgs/share/person_msgs/cmake/export_person_msgs__rosidl_typesupport_fastrtps_cExport-noconfig.cmake
[9.174s] -- Up-to-date: /home/yamashita/ros2_ws/install/person_msgs/share/person_msgs/cmake/person_msgs__rosidl_typesupport_introspection_cExport.cmake
[9.175s] -- Up-to-date: /home/yamashita/ros2_ws/install/person_msgs/share/person_msgs/cmake/person_msgs__rosidl_typesupport_introspection_cExport-noconfig.cmake
[9.177s] -- Up-to-date: /home/yamashita/ros2_ws/install/person_msgs/share/person_msgs/cmake/person_msgs__rosidl_typesupport_cExport.cmake
[9.178s] -- Up-to-date: /home/yamashita/ros2_ws/install/person_msgs/share/person_msgs/cmake/person_msgs__rosidl_typesupport_cExport-noconfig.cmake
[9.179s] -- Up-to-date: /home/yamashita/ros2_ws/install/person_msgs/share/person_msgs/cmake/export_person_msgs__rosidl_generator_cppExport.cmake
[9.181s] -- Up-to-date: /home/yamashita/ros2_ws/install/person_msgs/share/person_msgs/cmake/export_person_msgs__rosidl_typesupport_fastrtps_cppExport.cmake
[9.182s] -- Up-to-date: /home/yamashita/ros2_ws/install/person_msgs/share/person_msgs/cmake/export_person_msgs__rosidl_typesupport_fastrtps_cppExport-noconfig.cmake
[9.184s] -- Up-to-date: /home/yamashita/ros2_ws/install/person_msgs/share/person_msgs/cmake/person_msgs__rosidl_typesupport_introspection_cppExport.cmake
[9.185s] -- Up-to-date: /home/yamashita/ros2_ws/install/person_msgs/share/person_msgs/cmake/person_msgs__rosidl_typesupport_introspection_cppExport-noconfig.cmake
[9.187s] -- Up-to-date: /home/yamashita/ros2_ws/install/person_msgs/share/person_msgs/cmake/person_msgs__rosidl_typesupport_cppExport.cmake
[9.188s] -- Up-to-date: /home/yamashita/ros2_ws/install/person_msgs/share/person_msgs/cmake/person_msgs__rosidl_typesupport_cppExport-noconfig.cmake
[9.190s] -- Up-to-date: /home/yamashita/ros2_ws/install/person_msgs/share/person_msgs/cmake/export_person_msgs__rosidl_generator_pyExport.cmake
[9.191s] -- Up-to-date: /home/yamashita/ros2_ws/install/person_msgs/share/person_msgs/cmake/export_person_msgs__rosidl_generator_pyExport-noconfig.cmake
[9.193s] -- Up-to-date: /home/yamashita/ros2_ws/install/person_msgs/share/person_msgs/cmake/rosidl_cmake-extras.cmake
[9.195s] -- Up-to-date: /home/yamashita/ros2_ws/install/person_msgs/share/person_msgs/cmake/ament_cmake_export_include_directories-extras.cmake
[9.196s] -- Up-to-date: /home/yamashita/ros2_ws/install/person_msgs/share/person_msgs/cmake/ament_cmake_export_libraries-extras.cmake
[9.197s] -- Up-to-date: /home/yamashita/ros2_ws/install/person_msgs/share/person_msgs/cmake/ament_cmake_export_targets-extras.cmake
[9.198s] -- Up-to-date: /home/yamashita/ros2_ws/install/person_msgs/share/person_msgs/cmake/rosidl_cmake_export_typesupport_targets-extras.cmake
[9.199s] -- Up-to-date: /home/yamashita/ros2_ws/install/person_msgs/share/person_msgs/cmake/ament_cmake_export_dependencies-extras.cmake
[9.200s] -- Up-to-date: /home/yamashita/ros2_ws/install/person_msgs/share/person_msgs/cmake/rosidl_cmake_export_typesupport_libraries-extras.cmake
[9.202s] -- Up-to-date: /home/yamashita/ros2_ws/install/person_msgs/share/person_msgs/cmake/person_msgsConfig.cmake
[9.203s] -- Up-to-date: /home/yamashita/ros2_ws/install/person_msgs/share/person_msgs/cmake/person_msgsConfig-version.cmake
[9.204s] -- Up-to-date: /home/yamashita/ros2_ws/install/person_msgs/share/person_msgs/package.xml
[9.211s] Invoked command in '/home/yamashita/ros2_ws/build/person_msgs' returned '0': CMAKE_PREFIX_PATH=${CMAKE_PREFIX_PATH}:/home/yamashita/ros2_ws/install/mypkg:/opt/ros/humble /usr/bin/cmake --install /home/yamashita/ros2_ws/build/person_msgs
