[8.885s] Invoking command in '/home/yamashita/ros2_ws/src/mypkg': PYTHONPATH=/home/yamashita/ros2_ws/build/mypkg/prefix_override:/home/yamashita/ros2_ws/install/mypkg/lib/python3.10/site-packages:${PYTHONPATH} /usr/bin/python3 setup.py egg_info --egg-base ../../build/mypkg build --build-base /home/yamashita/ros2_ws/build/mypkg/build install --record /home/yamashita/ros2_ws/build/mypkg/install.log --single-version-externally-managed
[11.652s] running egg_info
[11.657s] writing ../../build/mypkg/mypkg.egg-info/PKG-INFO
[11.660s] writing dependency_links to ../../build/mypkg/mypkg.egg-info/dependency_links.txt
[11.667s] writing entry points to ../../build/mypkg/mypkg.egg-info/entry_points.txt
[11.668s] writing requirements to ../../build/mypkg/mypkg.egg-info/requires.txt
[11.670s] writing top-level names to ../../build/mypkg/mypkg.egg-info/top_level.txt
[11.693s] reading manifest file '../../build/mypkg/mypkg.egg-info/SOURCES.txt'
[11.697s] writing manifest file '../../build/mypkg/mypkg.egg-info/SOURCES.txt'
[11.700s] running build
[11.702s] running build_py
[11.705s] copying mypkg/listener.py -> /home/yamashita/ros2_ws/build/mypkg/build/lib/mypkg
[11.707s] copying mypkg/talker.py -> /home/yamashita/ros2_ws/build/mypkg/build/lib/mypkg
[11.711s] running install
[11.714s] /usr/lib/python3/dist-packages/setuptools/command/install.py:34: SetuptoolsDeprecationWarning: setup.py install is deprecated. Use build and pip and other standards-based tools.
[11.717s]   warnings.warn(
[11.720s] running install_lib
[11.724s] copying /home/yamashita/ros2_ws/build/mypkg/build/lib/mypkg/listener.py -> /home/yamashita/ros2_ws/install/mypkg/lib/python3.10/site-packages/mypkg
[11.726s] copying /home/yamashita/ros2_ws/build/mypkg/build/lib/mypkg/talker.py -> /home/yamashita/ros2_ws/install/mypkg/lib/python3.10/site-packages/mypkg
[11.739s] byte-compiling /home/yamashita/ros2_ws/install/mypkg/lib/python3.10/site-packages/mypkg/listener.py to listener.cpython-310.pyc
[11.742s] byte-compiling /home/yamashita/ros2_ws/install/mypkg/lib/python3.10/site-packages/mypkg/talker.py to talker.cpython-310.pyc
[11.744s] running install_data
[11.746s] running install_egg_info
[11.749s] removing '/home/yamashita/ros2_ws/install/mypkg/lib/python3.10/site-packages/mypkg-0.0.0-py3.10.egg-info' (and everything under it)
[11.752s] Copying ../../build/mypkg/mypkg.egg-info to /home/yamashita/ros2_ws/install/mypkg/lib/python3.10/site-packages/mypkg-0.0.0-py3.10.egg-info
[11.764s] running install_scripts
[11.945s] Installing listener script to /home/yamashita/ros2_ws/install/mypkg/lib/mypkg
[11.948s] Installing talker script to /home/yamashita/ros2_ws/install/mypkg/lib/mypkg
[11.950s] writing list of installed files to '/home/yamashita/ros2_ws/build/mypkg/install.log'
[12.589s] Invoked command in '/home/yamashita/ros2_ws/src/mypkg' returned '0': PYTHONPATH=/home/yamashita/ros2_ws/build/mypkg/prefix_override:/home/yamashita/ros2_ws/install/mypkg/lib/python3.10/site-packages:${PYTHONPATH} /usr/bin/python3 setup.py egg_info --egg-base ../../build/mypkg build --build-base /home/yamashita/ros2_ws/build/mypkg/build install --record /home/yamashita/ros2_ws/build/mypkg/install.log --single-version-externally-managed
